Using pre-set license
Built from '2022.1/staging' branch; Version is '2022.1.10f1 (9aa0f82c4f96) revision 10133752'; Using compiler version '192829333'; Build Type 'Release'
OS: 'Windows 11  (10.0.22621) 64bit Core' Language: 'en' Physical Memory: 16310 MB
BatchMode: 1, IsHumanControllingUs: 0, StartBugReporterOnCrash: 0, Is64bit: 1, IsPro: 1

COMMAND LINE ARGUMENTS:
C:\Program Files\Unity\Hub\Editor\2022.1.10f1\Editor\Unity.exe
-adb2
-batchMode
-noUpm
-name
AssetImportWorker8
-projectPath
C:/Users/zayfo/Documents/GitHub/PenguinBreakin/Penguin Break Out
-logFile
Logs/AssetImportWorker8.log
-srvPort
49722
Successfully changed project path to: C:/Users/zayfo/Documents/GitHub/PenguinBreakin/Penguin Break Out
C:/Users/zayfo/Documents/GitHub/PenguinBreakin/Penguin Break Out
[UnityMemory] Configuration Parameters - Can be set up in boot.config
    "memorysetup-bucket-allocator-granularity=16"
    "memorysetup-bucket-allocator-bucket-count=8"
    "memorysetup-bucket-allocator-block-size=33554432"
    "memorysetup-bucket-allocator-block-count=8"
    "memorysetup-main-allocator-block-size=16777216"
    "memorysetup-thread-allocator-block-size=16777216"
    "memorysetup-gfx-main-allocator-block-size=16777216"
    "memorysetup-gfx-thread-allocator-block-size=16777216"
    "memorysetup-cache-allocator-block-size=4194304"
    "memorysetup-typetree-allocator-block-size=2097152"
    "memorysetup-profiler-bucket-allocator-granularity=16"
    "memorysetup-profiler-bucket-allocator-bucket-count=8"
    "memorysetup-profiler-bucket-allocator-block-size=33554432"
    "memorysetup-profiler-bucket-allocator-block-count=8"
    "memorysetup-profiler-allocator-block-size=16777216"
    "memorysetup-profiler-editor-allocator-block-size=1048576"
    "memorysetup-temp-allocator-size-main=16777216"
    "memorysetup-job-temp-allocator-block-size=2097152"
    "memorysetup-job-temp-allocator-block-size-background=1048576"
    "memorysetup-job-temp-allocator-reduction-small-platforms=262144"
    "memorysetup-temp-allocator-size-background-worker=32768"
    "memorysetup-temp-allocator-size-job-worker=262144"
    "memorysetup-temp-allocator-size-preload-manager=33554432"
    "memorysetup-temp-allocator-size-nav-mesh-worker=65536"
    "memorysetup-temp-allocator-size-audio-worker=65536"
    "memorysetup-temp-allocator-size-cloud-worker=32768"
    "memorysetup-temp-allocator-size-gi-baking-worker=262144"
    "memorysetup-temp-allocator-size-gfx=262144"
Refreshing native plugins compatible for Editor in 91.04 ms, found 4 plugins.
Preloading 0 native plugins for Editor in 0.00 ms.
Initialize engine version: 2022.1.10f1 (9aa0f82c4f96)
[Subsystems] Discovering subsystems at path C:/Program Files/Unity/Hub/Editor/2022.1.10f1/Editor/Data/Resources/UnitySubsystems
[Subsystems] Discovering subsystems at path C:/Users/zayfo/Documents/GitHub/PenguinBreakin/Penguin Break Out/Assets
GfxDevice: creating device client; threaded=0; jobified=0
Direct3D:
    Version:  Direct3D 11.0 [level 11.1]
    Renderer: NVIDIA GeForce RTX 3060 Ti (ID=0x2489)
    Vendor:   NVIDIA
    VRAM:     8038 MB
    Driver:   31.0.15.2698
Initialize mono
Mono path[0] = 'C:/Program Files/Unity/Hub/Editor/2022.1.10f1/Editor/Data/Managed'
Mono path[1] = 'C:/Program Files/Unity/Hub/Editor/2022.1.10f1/Editor/Data/MonoBleedingEdge/lib/mono/unityjit-win32'
Mono config path = 'C:/Program Files/Unity/Hub/Editor/2022.1.10f1/Editor/Data/MonoBleedingEdge/etc'
Using monoOptions --debugger-agent=transport=dt_socket,embedding=1,server=y,suspend=n,address=127.0.0.1:56732
Begin MonoManager ReloadAssembly
Registering precompiled unity dll's ...
Register platform support module: C:/Program Files/Unity/Hub/Editor/2022.1.10f1/Editor/Data/PlaybackEngines/AndroidPlayer/UnityEditor.Android.Extensions.dll
Register platform support module: C:/Program Files/Unity/Hub/Editor/2022.1.10f1/Editor/Data/PlaybackEngines/WindowsStandaloneSupport/UnityEditor.WindowsStandalone.Extensions.dll
Registered in 0.210194 seconds.
Native extension for WindowsStandalone target not found
Native extension for Android target not found
Refreshing native plugins compatible for Editor in 85.88 ms, found 4 plugins.
Preloading 0 native plugins for Editor in 0.00 ms.
Mono: successfully reloaded assembly
- Completed reload, in  3.915 seconds
Domain Reload Profiling:
	ReloadAssembly (3915ms)
		BeginReloadAssembly (2987ms)
			ExecutionOrderSort (0ms)
			DisableScriptedObjects (0ms)
			BackupInstance (0ms)
			ReleaseScriptingObjects (0ms)
			CreateAndSetChildDomain (1ms)
		EndReloadAssembly (627ms)
			LoadAssemblies (2986ms)
			RebuildTransferFunctionScriptingTraits (0ms)
			SetupTypeCache (292ms)
				TypeCache.Initialize (292ms)
					TypeCache.ScanAssembly (291ms)
				ResolveRequiredComponents (0ms)
			ReleaseScriptCaches (0ms)
			RebuildScriptCaches (27ms)
			SetupLoadedEditorAssemblies (263ms)
				LogAssemblyErrors (0ms)
				InitializePlatformSupportModulesInManaged (47ms)
				SetLoadedEditorAssemblies (7ms)
				RefreshPlugins (86ms)
				BeforeProcessingInitializeOnLoad (1ms)
				ProcessInitializeOnLoadAttributes (83ms)
				ProcessInitializeOnLoadMethodAttributes (39ms)
				AfterProcessingInitializeOnLoad (0ms)
				EditorAssembliesLoaded (0ms)
			ExecutionOrderSort2 (0ms)
			AwakeInstancesAfterBackupRestoration (0ms)
Platform modules already initialized, skipping
Registering precompiled user dll's ...
Registered in 0.010072 seconds.
Android Extension - Scanning For ADB Devices 6026 ms
Begin MonoManager ReloadAssembly
Native extension for WindowsStandalone target not found
Native extension for Android target not found
Refreshing native plugins compatible for Editor in 85.66 ms, found 4 plugins.
Preloading 0 native plugins for Editor in 0.00 ms.
Mono: successfully reloaded assembly
- Completed reload, in  2.540 seconds
Domain Reload Profiling:
	ReloadAssembly (2541ms)
		BeginReloadAssembly (102ms)
			ExecutionOrderSort (0ms)
			DisableScriptedObjects (4ms)
			BackupInstance (0ms)
			ReleaseScriptingObjects (0ms)
			CreateAndSetChildDomain (18ms)
		EndReloadAssembly (2268ms)
			LoadAssemblies (569ms)
			RebuildTransferFunctionScriptingTraits (0ms)
			SetupTypeCache (241ms)
				TypeCache.Initialize (231ms)
					TypeCache.ScanAssembly (227ms)
				ResolveRequiredComponents (10ms)
			ReleaseScriptCaches (1ms)
			RebuildScriptCaches (71ms)
			SetupLoadedEditorAssemblies (1341ms)
				LogAssemblyErrors (0ms)
				InitializePlatformSupportModulesInManaged (10ms)
				SetLoadedEditorAssemblies (5ms)
				RefreshPlugins (86ms)
				BeforeProcessingInitializeOnLoad (87ms)
				ProcessInitializeOnLoadAttributes (306ms)
				ProcessInitializeOnLoadMethodAttributes (841ms)
				AfterProcessingInitializeOnLoad (6ms)
				EditorAssembliesLoaded (0ms)
			ExecutionOrderSort2 (0ms)
			AwakeInstancesAfterBackupRestoration (5ms)
Platform modules already initialized, skipping
========================================================================
Worker process is ready to serve import requests
Launched and connected shader compiler UnityShaderCompiler.exe after 0.05 seconds
Refreshing native plugins compatible for Editor in 1.12 ms, found 4 plugins.
Preloading 0 native plugins for Editor in 0.00 ms.
Unloading 4863 Unused Serialized files (Serialized files now loaded: 0)
Unloading 76 unused Assets / (2.4 MB). Loaded Objects now: 5368.
Memory consumption went from 0.80 GB to 0.80 GB.
Total: 3.746800 ms (FindLiveObjects: 0.340800 ms CreateObjectMapping: 0.110200 ms MarkObjects: 2.890300 ms  DeleteObjects: 0.404700 ms)

AssetImportParameters requested are different than current active one (requested -> active):
  custom:video-decoder-ogg-theora: a1e56fd34408186e4bbccfd4996cb3dc -> 
  custom:container-muxer-webm: aa71ff27fc2769a1b78a27578f13a17b -> 
  custom:container-demuxer-webm: 4f35f7cbe854078d1ac9338744f61a02 -> 
  custom:video-encoder-webm-vp8: eb34c28f22e8b96e1ab97ce403110664 -> 
  custom:audio-encoder-webm-vorbis: bf7c407c2cedff20999df2af8eb42d56 -> 
  custom:framework-win-MediaFoundation: 216162199b28c13a410421893ffa2e32 -> 
  custom:container-demuxer-ogg: 62fdf1f143b41e24485cea50d1cbac27 -> 
  custom:video-decoder-webm-vp8: 9c59270c3fd7afecdb556c50c9e8de78 -> 
  custom:audio-decoder-ogg-vorbis: bf7c407c2cedff20999df2af8eb42d56 -> 
========================================================================
Received Import Request.
  Time since last request: 708940.248450 seconds.
  path: Assets/Polygon-NewYork/Models/cornice_01_A_03.fbx
  artifactKey: Guid(616c556bd77bbd445ab4575b3de4079e) Importer(815301076,1909f56bfc062723c751e8b465ee728b)
Start importing Assets/Polygon-NewYork/Models/cornice_01_A_03.fbx using Guid(616c556bd77bbd445ab4575b3de4079e) Importer(815301076,1909f56bfc062723c751e8b465ee728b)  -> (artifact id: '17f099e967add635148ac8bbdd09a22c') in 0.293714 seconds 
========================================================================
Received Import Request.
  Time since last request: 0.000023 seconds.
  path: Assets/Polygon-NewYork/Models/Road_01.fbx
  artifactKey: Guid(cae2e16a6456e724a87c42bca4418a4c) Importer(815301076,1909f56bfc062723c751e8b465ee728b)
Start importing Assets/Polygon-NewYork/Models/Road_01.fbx using Guid(cae2e16a6456e724a87c42bca4418a4c) Importer(815301076,1909f56bfc062723c751e8b465ee728b)  -> (artifact id: '1cc729cbee7e984f5c5e63dce109ca23') in 0.046717 seconds 
========================================================================
Received Import Request.
  Time since last request: 0.000042 seconds.
  path: Assets/Polygon-NewYork/Models/cornice_01_D_03.fbx
  artifactKey: Guid(2d598fc6f3b217b4fb0b965920cfd261) Importer(815301076,1909f56bfc062723c751e8b465ee728b)
Start importing Assets/Polygon-NewYork/Models/cornice_01_D_03.fbx using Guid(2d598fc6f3b217b4fb0b965920cfd261) Importer(815301076,1909f56bfc062723c751e8b465ee728b)  -> (artifact id: 'e8f90a487153d17deae0fe6c98280746') in 0.027534 seconds 
========================================================================
Received Import Request.
  Time since last request: 0.000032 seconds.
  path: Assets/Polygon-NewYork/Models/cornice_02_A_Angle_03.fbx
  artifactKey: Guid(7907962c30a7dc041b290eff7e121543) Importer(815301076,1909f56bfc062723c751e8b465ee728b)
Start importing Assets/Polygon-NewYork/Models/cornice_02_A_Angle_03.fbx using Guid(7907962c30a7dc041b290eff7e121543) Importer(815301076,1909f56bfc062723c751e8b465ee728b)  -> (artifact id: '0b4f20ca68bdd35fd7b0bcab21c17d73') in 0.051169 seconds 
========================================================================
Received Import Request.
  Time since last request: 0.000026 seconds.
  path: Assets/Polygon-NewYork/Models/cornice_02_C_03.fbx
  artifactKey: Guid(2e0cfd00d00163941bc1303dcac9a819) Importer(815301076,1909f56bfc062723c751e8b465ee728b)
Start importing Assets/Polygon-NewYork/Models/cornice_02_C_03.fbx using Guid(2e0cfd00d00163941bc1303dcac9a819) Importer(815301076,1909f56bfc062723c751e8b465ee728b)  -> (artifact id: 'c9e54cce8a96fb65c2cf9d2b9ce6fd22') in 0.034425 seconds 
========================================================================
Received Import Request.
  Time since last request: 0.000029 seconds.
  path: Assets/Polygon-NewYork/Models/Roof_02_A_03.fbx
  artifactKey: Guid(6384c9c36597c1f4bbd2785eeaebbe64) Importer(815301076,1909f56bfc062723c751e8b465ee728b)
Start importing Assets/Polygon-NewYork/Models/Roof_02_A_03.fbx using Guid(6384c9c36597c1f4bbd2785eeaebbe64) Importer(815301076,1909f56bfc062723c751e8b465ee728b)  -> (artifact id: 'd4766cdafac43f43a9b5ecc07428a0fd') in 0.025250 seconds 
========================================================================
Received Import Request.
  Time since last request: 0.000023 seconds.
  path: Assets/Polygon-NewYork/Models/Door_frame_01_03.fbx
  artifactKey: Guid(e9d219f3546a6c54886ea9a0d24999e3) Importer(815301076,1909f56bfc062723c751e8b465ee728b)
Start importing Assets/Polygon-NewYork/Models/Door_frame_01_03.fbx using Guid(e9d219f3546a6c54886ea9a0d24999e3) Importer(815301076,1909f56bfc062723c751e8b465ee728b)  -> (artifact id: 'a2198b78e153bc86f26f2ac5a6358c09') in 0.026801 seconds 
========================================================================
Received Import Request.
  Time since last request: 0.000029 seconds.
  path: Assets/Polygon-NewYork/Models/Road_02.fbx
  artifactKey: Guid(0f082aafe489d5b488b2b89b724ff00c) Importer(815301076,1909f56bfc062723c751e8b465ee728b)
Start importing Assets/Polygon-NewYork/Models/Road_02.fbx using Guid(0f082aafe489d5b488b2b89b724ff00c) Importer(815301076,1909f56bfc062723c751e8b465ee728b)  -> (artifact id: '5293f7c83ed7b5de78e5a46fc5cdfd89') in 0.026182 seconds 
========================================================================
Received Import Request.
  Time since last request: 0.000022 seconds.
  path: Assets/Polygon-NewYork/Models/Downhill_01.fbx
  artifactKey: Guid(a0a9ac072aed5e0499438113ec6c215c) Importer(815301076,1909f56bfc062723c751e8b465ee728b)
Start importing Assets/Polygon-NewYork/Models/Downhill_01.fbx using Guid(a0a9ac072aed5e0499438113ec6c215c) Importer(815301076,1909f56bfc062723c751e8b465ee728b)  -> (artifact id: 'a564fa54c04ddd6100d11ae1402ae88f') in 0.025733 seconds 
========================================================================
Received Import Request.
  Time since last request: 0.000043 seconds.
  path: Assets/Polygon-NewYork/Models/Fence_02_A.fbx
  artifactKey: Guid(181cc4cefe747254bab23fa0fcfb78a8) Importer(815301076,1909f56bfc062723c751e8b465ee728b)
Start importing Assets/Polygon-NewYork/Models/Fence_02_A.fbx using Guid(181cc4cefe747254bab23fa0fcfb78a8) Importer(815301076,1909f56bfc062723c751e8b465ee728b)  -> (artifact id: '2c9b9df58b28f696f038b2624f15bc8b') in 0.029865 seconds 
========================================================================
Received Import Request.
  Time since last request: 0.000032 seconds.
  path: Assets/Polygon-NewYork/Models/Road_04.fbx
  artifactKey: Guid(19d87b7fa4480194382e72dc44949227) Importer(815301076,1909f56bfc062723c751e8b465ee728b)
Start importing Assets/Polygon-NewYork/Models/Road_04.fbx using Guid(19d87b7fa4480194382e72dc44949227) Importer(815301076,1909f56bfc062723c751e8b465ee728b)  -> (artifact id: '97a06645e7c02613c8e0aa0f6be7955b') in 0.024362 seconds 
========================================================================
Received Import Request.
  Time since last request: 0.000018 seconds.
  path: Assets/Polygon-NewYork/Models/Road_06.fbx
  artifactKey: Guid(c28af2a4a5c032345813310ae18c8bf2) Importer(815301076,1909f56bfc062723c751e8b465ee728b)
Start importing Assets/Polygon-NewYork/Models/Road_06.fbx using Guid(c28af2a4a5c032345813310ae18c8bf2) Importer(815301076,1909f56bfc062723c751e8b465ee728b)  -> (artifact id: 'e69f41e5f2c5ae215077412d9285cd38') in 0.023937 seconds 
========================================================================
Received Import Request.
  Time since last request: 0.000018 seconds.
  path: Assets/Polygon-NewYork/Models/Roof_02_D_03.fbx
  artifactKey: Guid(4e0ea477b9bb0714196a3818e199b1df) Importer(815301076,1909f56bfc062723c751e8b465ee728b)
Start importing Assets/Polygon-NewYork/Models/Roof_02_D_03.fbx using Guid(4e0ea477b9bb0714196a3818e199b1df) Importer(815301076,1909f56bfc062723c751e8b465ee728b)  -> (artifact id: 'f4da9cd4d46ce5ecd96108cb59e12635') in 0.024447 seconds 
========================================================================
Received Import Request.
  Time since last request: 0.000024 seconds.
  path: Assets/Polygon-NewYork/Models/Roof_01_A_03.fbx
  artifactKey: Guid(35d6fbc73ab10c745bd81a38d2075c3d) Importer(815301076,1909f56bfc062723c751e8b465ee728b)
Start importing Assets/Polygon-NewYork/Models/Roof_01_A_03.fbx using Guid(35d6fbc73ab10c745bd81a38d2075c3d) Importer(815301076,1909f56bfc062723c751e8b465ee728b)  -> (artifact id: 'ec24b5c37df74e8931a90b8172bb0ddb') in 0.024949 seconds 
========================================================================
Received Import Request.
  Time since last request: 0.000019 seconds.
  path: Assets/Polygon-NewYork/Models/cornice_03_A_Angle_03.fbx
  artifactKey: Guid(a6ede37d99eff124c802c7a215175b30) Importer(815301076,1909f56bfc062723c751e8b465ee728b)
Start importing Assets/Polygon-NewYork/Models/cornice_03_A_Angle_03.fbx using Guid(a6ede37d99eff124c802c7a215175b30) Importer(815301076,1909f56bfc062723c751e8b465ee728b)  -> (artifact id: 'b3fc420951bad6b071e37bc1d8fe2376') in 0.023449 seconds 
========================================================================
Received Import Request.
  Time since last request: 0.000020 seconds.
  path: Assets/Polygon-NewYork/Models/Roof_01_C_03.fbx
  artifactKey: Guid(68dade84e5395f1438c572d6b45de3c4) Importer(815301076,1909f56bfc062723c751e8b465ee728b)
Start importing Assets/Polygon-NewYork/Models/Roof_01_C_03.fbx using Guid(68dade84e5395f1438c572d6b45de3c4) Importer(815301076,1909f56bfc062723c751e8b465ee728b)  -> (artifact id: '4aaa10d7585367e508495330b3f2c9b8') in 0.025058 seconds 
========================================================================
Received Import Request.
  Time since last request: 0.000023 seconds.
  path: Assets/Polygon-NewYork/Models/Roof_Decoration_01.fbx
  artifactKey: Guid(9b5d980a7d6e008488ee91670496eab0) Importer(815301076,1909f56bfc062723c751e8b465ee728b)
Start importing Assets/Polygon-NewYork/Models/Roof_Decoration_01.fbx using Guid(9b5d980a7d6e008488ee91670496eab0) Importer(815301076,1909f56bfc062723c751e8b465ee728b)  -> (artifact id: 'b89c507621408864c764a8162582582c') in 0.024131 seconds 
========================================================================
Received Import Request.
  Time since last request: 0.000030 seconds.
  path: Assets/Polygon-NewYork/Models/Road_03.fbx
  artifactKey: Guid(8d04370921c78bb4581c0e179e23dc46) Importer(815301076,1909f56bfc062723c751e8b465ee728b)
Start importing Assets/Polygon-NewYork/Models/Road_03.fbx using Guid(8d04370921c78bb4581c0e179e23dc46) Importer(815301076,1909f56bfc062723c751e8b465ee728b)  -> (artifact id: 'f4aba0bb1fffe8b129c59074d9e325e2') in 0.023390 seconds 
========================================================================
Received Import Request.
  Time since last request: 0.000052 seconds.
  path: Assets/Polygon-NewYork/Models/Road_05.fbx
  artifactKey: Guid(a07965ddc03ec0246a2ed2961c7d9e9f) Importer(815301076,1909f56bfc062723c751e8b465ee728b)
Start importing Assets/Polygon-NewYork/Models/Road_05.fbx using Guid(a07965ddc03ec0246a2ed2961c7d9e9f) Importer(815301076,1909f56bfc062723c751e8b465ee728b)  -> (artifact id: '25de34fe99f85415e6aa6fc65832683e') in 0.023753 seconds 
========================================================================
Received Import Request.
  Time since last request: 0.000026 seconds.
  path: Assets/Polygon-NewYork/Models/cornice_02_B_03.fbx
  artifactKey: Guid(b6dd2263d327e56459e14fdcf37ab3f3) Importer(815301076,1909f56bfc062723c751e8b465ee728b)
Start importing Assets/Polygon-NewYork/Models/cornice_02_B_03.fbx using Guid(b6dd2263d327e56459e14fdcf37ab3f3) Importer(815301076,1909f56bfc062723c751e8b465ee728b)  -> (artifact id: '46870e06ed14b6e8ff8dc1c0cc081810') in 0.024966 seconds 
========================================================================
Received Import Request.
  Time since last request: 0.000022 seconds.
  path: Assets/Polygon-NewYork/Models/Fence_02.fbx
  artifactKey: Guid(0b9a8e800caaf124a83ea43f0182e001) Importer(815301076,1909f56bfc062723c751e8b465ee728b)
Start importing Assets/Polygon-NewYork/Models/Fence_02.fbx using Guid(0b9a8e800caaf124a83ea43f0182e001) Importer(815301076,1909f56bfc062723c751e8b465ee728b)  -> (artifact id: 'c2917613a634e7aaca2f976fb8ea94c5') in 0.024921 seconds 
========================================================================
Received Import Request.
  Time since last request: 0.000022 seconds.
  path: Assets/Polygon-NewYork/Models/Fence_03_A.fbx
  artifactKey: Guid(c40827dc91335bd448bb5c2aa4c21f7c) Importer(815301076,1909f56bfc062723c751e8b465ee728b)
Start importing Assets/Polygon-NewYork/Models/Fence_03_A.fbx using Guid(c40827dc91335bd448bb5c2aa4c21f7c) Importer(815301076,1909f56bfc062723c751e8b465ee728b)  -> (artifact id: 'f7280231adbc6d85f7d08a8e622cd48c') in 0.024974 seconds 
========================================================================
Received Import Request.
  Time since last request: 0.000028 seconds.
  path: Assets/Polygon-NewYork/Models/Fence_01_D.fbx
  artifactKey: Guid(6d3d85045c8999d4bb35893fb886992c) Importer(815301076,1909f56bfc062723c751e8b465ee728b)
Start importing Assets/Polygon-NewYork/Models/Fence_01_D.fbx using Guid(6d3d85045c8999d4bb35893fb886992c) Importer(815301076,1909f56bfc062723c751e8b465ee728b)  -> (artifact id: '50a5a020edc9470401ba79b695175290') in 0.026262 seconds 
========================================================================
Received Import Request.
  Time since last request: 0.000024 seconds.
  path: Assets/Polygon-NewYork/Models/Roof_01_D_03.fbx
  artifactKey: Guid(bd930aae066331340a2c9c5c3f6a330d) Importer(815301076,1909f56bfc062723c751e8b465ee728b)
Start importing Assets/Polygon-NewYork/Models/Roof_01_D_03.fbx using Guid(bd930aae066331340a2c9c5c3f6a330d) Importer(815301076,1909f56bfc062723c751e8b465ee728b)  -> (artifact id: '22a803a4850c4881a37d5ce45de7a78c') in 0.024859 seconds 
========================================================================
Received Import Request.
  Time since last request: 0.000032 seconds.
  path: Assets/Polygon-NewYork/Models/Handrail_02.fbx
  artifactKey: Guid(0d0cf15fc3415c849b89d75493020265) Importer(815301076,1909f56bfc062723c751e8b465ee728b)
Start importing Assets/Polygon-NewYork/Models/Handrail_02.fbx using Guid(0d0cf15fc3415c849b89d75493020265) Importer(815301076,1909f56bfc062723c751e8b465ee728b)  -> (artifact id: '846b2b30c95e80446c86528a0cb9421e') in 0.026540 seconds 
========================================================================
Received Import Request.
  Time since last request: 0.000030 seconds.
  path: Assets/Polygon-NewYork/Models/Fence_01_B.fbx
  artifactKey: Guid(ba7a643461f771d4985ac15136df7ac5) Importer(815301076,1909f56bfc062723c751e8b465ee728b)
Start importing Assets/Polygon-NewYork/Models/Fence_01_B.fbx using Guid(ba7a643461f771d4985ac15136df7ac5) Importer(815301076,1909f56bfc062723c751e8b465ee728b)  -> (artifact id: '62a9ba74bdaa487cf1edede3fce4d3b1') in 0.025414 seconds 
========================================================================
Received Import Request.
  Time since last request: 0.000031 seconds.
  path: Assets/Polygon-NewYork/Models/Fence_01_C.fbx
  artifactKey: Guid(e01e42f1c4373a3418d2d60b06c91e11) Importer(815301076,1909f56bfc062723c751e8b465ee728b)
Start importing Assets/Polygon-NewYork/Models/Fence_01_C.fbx using Guid(e01e42f1c4373a3418d2d60b06c91e11) Importer(815301076,1909f56bfc062723c751e8b465ee728b)  -> (artifact id: 'b56f128cec600403fc02b280e0df8cd0') in 0.026232 seconds 
========================================================================
Received Import Request.
  Time since last request: 0.000031 seconds.
  path: Assets/Polygon-NewYork/Models/Ground_001.fbx
  artifactKey: Guid(b74ea2d5c36ffb043b99cc62cac9ea5e) Importer(815301076,1909f56bfc062723c751e8b465ee728b)
Start importing Assets/Polygon-NewYork/Models/Ground_001.fbx using Guid(b74ea2d5c36ffb043b99cc62cac9ea5e) Importer(815301076,1909f56bfc062723c751e8b465ee728b)  -> (artifact id: '169a21d96cb0e70ee31a57e896cecb75') in 0.030748 seconds 
========================================================================
Received Import Request.
  Time since last request: 0.000025 seconds.
  path: Assets/Polygon-NewYork/Models/Roof_01_E_03.fbx
  artifactKey: Guid(c296c0a8c44064c4eb416799e4c22474) Importer(815301076,1909f56bfc062723c751e8b465ee728b)
Start importing Assets/Polygon-NewYork/Models/Roof_01_E_03.fbx using Guid(c296c0a8c44064c4eb416799e4c22474) Importer(815301076,1909f56bfc062723c751e8b465ee728b)  -> (artifact id: '1ca37effb2b23e61a0ce4c617702dc6f') in 0.026138 seconds 
========================================================================
Received Import Request.
  Time since last request: 0.204009 seconds.
  path: Assets/Polygon-NewYork/Prefabs/cornice_01_A_03.prefab
  artifactKey: Guid(e82520786f25d534bb24416321ba6535) Importer(815301076,1909f56bfc062723c751e8b465ee728b)
Start importing Assets/Polygon-NewYork/Prefabs/cornice_01_A_03.prefab using Guid(e82520786f25d534bb24416321ba6535) Importer(815301076,1909f56bfc062723c751e8b465ee728b)  -> (artifact id: '963f286cb0bd2e6a43c6b214ac523a63') in 0.042420 seconds 
========================================================================
Received Import Request.
  Time since last request: 0.000027 seconds.
  path: Assets/Polygon-NewYork/Prefabs/Fence_02.prefab
  artifactKey: Guid(2745a42b757377742b24e5c3c9ef60e8) Importer(815301076,1909f56bfc062723c751e8b465ee728b)
Start importing Assets/Polygon-NewYork/Prefabs/Fence_02.prefab using Guid(2745a42b757377742b24e5c3c9ef60e8) Importer(815301076,1909f56bfc062723c751e8b465ee728b)  -> (artifact id: 'feb2f96186d05d2b30cb39aa87bbc37d') in 0.016387 seconds 
========================================================================
Received Import Request.
  Time since last request: 0.000026 seconds.
  path: Assets/Polygon-NewYork/Prefabs/Roof_01_E_03.prefab
  artifactKey: Guid(99025bb8bf0b6604e89eb7715f408d21) Importer(815301076,1909f56bfc062723c751e8b465ee728b)
Start importing Assets/Polygon-NewYork/Prefabs/Roof_01_E_03.prefab using Guid(99025bb8bf0b6604e89eb7715f408d21) Importer(815301076,1909f56bfc062723c751e8b465ee728b)  -> (artifact id: 'ae13cf852c6020efaf8fba92b1030920') in 0.018170 seconds 
========================================================================
Received Import Request.
  Time since last request: 0.000039 seconds.
  path: Assets/Polygon-NewYork/Prefabs/Roof_02_C_03.prefab
  artifactKey: Guid(678e72b9821d9a2418b3e1d1f4f36ae5) Importer(815301076,1909f56bfc062723c751e8b465ee728b)
Start importing Assets/Polygon-NewYork/Prefabs/Roof_02_C_03.prefab using Guid(678e72b9821d9a2418b3e1d1f4f36ae5) Importer(815301076,1909f56bfc062723c751e8b465ee728b)  -> (artifact id: 'd8379765b6b2163b106df266ec5dd3db') in 0.024679 seconds 
========================================================================
Received Import Request.
  Time since last request: 0.000033 seconds.
  path: Assets/Polygon-NewYork/Prefabs/cornice_01_C_03.prefab
  artifactKey: Guid(0428925cc3a863c4db92c315a32fcc15) Importer(815301076,1909f56bfc062723c751e8b465ee728b)
Start importing Assets/Polygon-NewYork/Prefabs/cornice_01_C_03.prefab using Guid(0428925cc3a863c4db92c315a32fcc15) Importer(815301076,1909f56bfc062723c751e8b465ee728b)  -> (artifact id: '24ae3553b611c94f4f0edcdd9714e61e') in 0.020220 seconds 
========================================================================
Received Import Request.
  Time since last request: 0.000019 seconds.
  path: Assets/Polygon-NewYork/Prefabs/Fence_03_A.prefab
  artifactKey: Guid(e5db3c44bba09d746bf55eb0b32a6399) Importer(815301076,1909f56bfc062723c751e8b465ee728b)
Start importing Assets/Polygon-NewYork/Prefabs/Fence_03_A.prefab using Guid(e5db3c44bba09d746bf55eb0b32a6399) Importer(815301076,1909f56bfc062723c751e8b465ee728b)  -> (artifact id: 'c48520776bc4a6b909ed9c71f5f7cc1f') in 0.016200 seconds 
========================================================================
Received Import Request.
  Time since last request: 0.000019 seconds.
  path: Assets/Polygon-NewYork/Prefabs/Downhill_01.prefab
  artifactKey: Guid(d5fd1eefebba46044acd6e54fdf23697) Importer(815301076,1909f56bfc062723c751e8b465ee728b)
Start importing Assets/Polygon-NewYork/Prefabs/Downhill_01.prefab using Guid(d5fd1eefebba46044acd6e54fdf23697) Importer(815301076,1909f56bfc062723c751e8b465ee728b)  -> (artifact id: '0815945fc09ee94d155a38992652f180') in 0.017672 seconds 
========================================================================
Received Import Request.
  Time since last request: 0.000024 seconds.
  path: Assets/Polygon-NewYork/Prefabs/cornice_02_A_Angle_03.prefab
  artifactKey: Guid(5af978310e5335242b121b2cb363e0f7) Importer(815301076,1909f56bfc062723c751e8b465ee728b)
Start importing Assets/Polygon-NewYork/Prefabs/cornice_02_A_Angle_03.prefab using Guid(5af978310e5335242b121b2cb363e0f7) Importer(815301076,1909f56bfc062723c751e8b465ee728b)  -> (artifact id: 'e72566ca5831d61ffcbbeb71f8e6dc42') in 0.016945 seconds 
========================================================================
Received Import Request.
  Time since last request: 0.000025 seconds.
  path: Assets/Polygon-NewYork/Prefabs/cornice_03_B_03.prefab
  artifactKey: Guid(b5e8571ea14e42f4ea0c4965c1c723ab) Importer(815301076,1909f56bfc062723c751e8b465ee728b)
Start importing Assets/Polygon-NewYork/Prefabs/cornice_03_B_03.prefab using Guid(b5e8571ea14e42f4ea0c4965c1c723ab) Importer(815301076,1909f56bfc062723c751e8b465ee728b)  -> (artifact id: '135e35cf33710b9fac9d54cc5f8d8ac6') in 0.016685 seconds 
========================================================================
Received Import Request.
  Time since last request: 0.000019 seconds.
  path: Assets/Polygon-NewYork/Prefabs/Roof_01_B_03.prefab
  artifactKey: Guid(1d51db519a5602c4f9beb07e5709a987) Importer(815301076,1909f56bfc062723c751e8b465ee728b)
Start importing Assets/Polygon-NewYork/Prefabs/Roof_01_B_03.prefab using Guid(1d51db519a5602c4f9beb07e5709a987) Importer(815301076,1909f56bfc062723c751e8b465ee728b)  -> (artifact id: '246d3849211569102e86064b83f53fab') in 0.016746 seconds 
========================================================================
Received Import Request.
  Time since last request: 0.000017 seconds.
  path: Assets/Polygon-NewYork/Prefabs/cornice_02_B_03.prefab
  artifactKey: Guid(e3adc8c023678f146b625905b20e975d) Importer(815301076,1909f56bfc062723c751e8b465ee728b)
Start importing Assets/Polygon-NewYork/Prefabs/cornice_02_B_03.prefab using Guid(e3adc8c023678f146b625905b20e975d) Importer(815301076,1909f56bfc062723c751e8b465ee728b)  -> (artifact id: '59358b05231038737e97b6580897b92c') in 0.020028 seconds 
========================================================================
Received Import Request.
  Time since last request: 0.000029 seconds.
  path: Assets/Polygon-NewYork/Prefabs/Road_05.prefab
  artifactKey: Guid(484b82a7cd4fd6b41ae9d9aea858d1a3) Importer(815301076,1909f56bfc062723c751e8b465ee728b)
Start importing Assets/Polygon-NewYork/Prefabs/Road_05.prefab using Guid(484b82a7cd4fd6b41ae9d9aea858d1a3) Importer(815301076,1909f56bfc062723c751e8b465ee728b)  -> (artifact id: 'e53fb8c5e6e40e32d8c0350917d78f2f') in 0.016383 seconds 
========================================================================
Received Import Request.
  Time since last request: 0.000023 seconds.
  path: Assets/Polygon-NewYork/Prefabs/Fence_02_A.prefab
  artifactKey: Guid(6ee7e061977a6594da8f604602707efc) Importer(815301076,1909f56bfc062723c751e8b465ee728b)
Start importing Assets/Polygon-NewYork/Prefabs/Fence_02_A.prefab using Guid(6ee7e061977a6594da8f604602707efc) Importer(815301076,1909f56bfc062723c751e8b465ee728b)  -> (artifact id: '4165b610cc51612691aca46e3f55f204') in 0.018625 seconds 
========================================================================
Received Import Request.
  Time since last request: 0.000022 seconds.
  path: Assets/Polygon-NewYork/Prefabs/cornice_02_C_03.prefab
  artifactKey: Guid(b396035e34109bd48a2cca1163aefdb1) Importer(815301076,1909f56bfc062723c751e8b465ee728b)
Start importing Assets/Polygon-NewYork/Prefabs/cornice_02_C_03.prefab using Guid(b396035e34109bd48a2cca1163aefdb1) Importer(815301076,1909f56bfc062723c751e8b465ee728b)  -> (artifact id: '650d49566f52672671b2dc6eb4609b7c') in 0.016612 seconds 
========================================================================
Received Import Request.
  Time since last request: 0.000029 seconds.
  path: Assets/Polygon-NewYork/Prefabs/Roof_02_A_03.prefab
  artifactKey: Guid(00fbbcb95be56c843ae652532d0e9e26) Importer(815301076,1909f56bfc062723c751e8b465ee728b)
Start importing Assets/Polygon-NewYork/Prefabs/Roof_02_A_03.prefab using Guid(00fbbcb95be56c843ae652532d0e9e26) Importer(815301076,1909f56bfc062723c751e8b465ee728b)  -> (artifact id: '35a1cde6168ea451e3e6ca8b5e49d54d') in 0.015824 seconds 
========================================================================
Received Import Request.
  Time since last request: 0.000024 seconds.
  path: Assets/Polygon-NewYork/Prefabs/cornice_02_D_03.prefab
  artifactKey: Guid(5fc7cb21fd83fe546826ab999a5a089b) Importer(815301076,1909f56bfc062723c751e8b465ee728b)
Start importing Assets/Polygon-NewYork/Prefabs/cornice_02_D_03.prefab using Guid(5fc7cb21fd83fe546826ab999a5a089b) Importer(815301076,1909f56bfc062723c751e8b465ee728b)  -> (artifact id: '9ca53d4bfce6a63eafaed36824bfcde6') in 0.019116 seconds 
========================================================================
Received Import Request.
  Time since last request: 0.000028 seconds.
  path: Assets/Polygon-NewYork/Prefabs/Door_frame_01_03.prefab
  artifactKey: Guid(00ca1012659bc1546bbeb6b74a74dcbe) Importer(815301076,1909f56bfc062723c751e8b465ee728b)
Start importing Assets/Polygon-NewYork/Prefabs/Door_frame_01_03.prefab using Guid(00ca1012659bc1546bbeb6b74a74dcbe) Importer(815301076,1909f56bfc062723c751e8b465ee728b)  -> (artifact id: '025b174f204960ad0da289ee8b7727f6') in 0.018720 seconds 
========================================================================
Received Import Request.
  Time since last request: 0.000019 seconds.
  path: Assets/Polygon-NewYork/Prefabs/Road_02.prefab
  artifactKey: Guid(88bb54f7ba866294da64978d534f75c3) Importer(815301076,1909f56bfc062723c751e8b465ee728b)
Start importing Assets/Polygon-NewYork/Prefabs/Road_02.prefab using Guid(88bb54f7ba866294da64978d534f75c3) Importer(815301076,1909f56bfc062723c751e8b465ee728b)  -> (artifact id: 'd792e9b376d0599bc8f14fc1f6213621') in 0.018984 seconds 
========================================================================
Received Import Request.
  Time since last request: 0.000026 seconds.
  path: Assets/Polygon-NewYork/Prefabs/Pillar_01 1.prefab
  artifactKey: Guid(82c9319fe8fb0b84f97b56cd8c4e2558) Importer(815301076,1909f56bfc062723c751e8b465ee728b)
Start importing Assets/Polygon-NewYork/Prefabs/Pillar_01 1.prefab using Guid(82c9319fe8fb0b84f97b56cd8c4e2558) Importer(815301076,1909f56bfc062723c751e8b465ee728b)  -> (artifact id: 'b5cc0b20ff99b53a737c655dda9f9a06') in 0.031667 seconds 
========================================================================
Received Import Request.
  Time since last request: 0.000023 seconds.
  path: Assets/Polygon-NewYork/Prefabs/cornice_01_D_03.prefab
  artifactKey: Guid(5fdee86bad2f4b34da60694f91915d95) Importer(815301076,1909f56bfc062723c751e8b465ee728b)
Start importing Assets/Polygon-NewYork/Prefabs/cornice_01_D_03.prefab using Guid(5fdee86bad2f4b34da60694f91915d95) Importer(815301076,1909f56bfc062723c751e8b465ee728b)  -> (artifact id: 'c0e89cb0112474b76aaeb1f4ff90e48b') in 0.020236 seconds 
========================================================================
Received Import Request.
  Time since last request: 0.000021 seconds.
  path: Assets/Polygon-NewYork/Prefabs/cornice_03_A_Angle_03.prefab
  artifactKey: Guid(f64c1b50ba427a94a83fff5260e04844) Importer(815301076,1909f56bfc062723c751e8b465ee728b)
Start importing Assets/Polygon-NewYork/Prefabs/cornice_03_A_Angle_03.prefab using Guid(f64c1b50ba427a94a83fff5260e04844) Importer(815301076,1909f56bfc062723c751e8b465ee728b)  -> (artifact id: '1b4d86ee18e40348f6978c4596067d4c') in 0.017650 seconds 
========================================================================
Received Import Request.
  Time since last request: 0.000034 seconds.
  path: Assets/Polygon-NewYork/Prefabs/Fence_01_B.prefab
  artifactKey: Guid(3662888590933f64893f8d22db9b5cff) Importer(815301076,1909f56bfc062723c751e8b465ee728b)
Start importing Assets/Polygon-NewYork/Prefabs/Fence_01_B.prefab using Guid(3662888590933f64893f8d22db9b5cff) Importer(815301076,1909f56bfc062723c751e8b465ee728b)  -> (artifact id: '528a698820732499ad4034fa522c6788') in 0.019325 seconds 
========================================================================
Received Import Request.
  Time since last request: 0.000035 seconds.
  path: Assets/Polygon-NewYork/Prefabs/Door_frame_02_03.prefab
  artifactKey: Guid(417709a1d3a3fcc42a4a57b00b009cb1) Importer(815301076,1909f56bfc062723c751e8b465ee728b)
Start importing Assets/Polygon-NewYork/Prefabs/Door_frame_02_03.prefab using Guid(417709a1d3a3fcc42a4a57b00b009cb1) Importer(815301076,1909f56bfc062723c751e8b465ee728b)  -> (artifact id: '6702f4878d8256ae4a2298b6977240b4') in 0.018661 seconds 
========================================================================
Received Import Request.
  Time since last request: 0.000022 seconds.
  path: Assets/Polygon-NewYork/Prefabs/Fence_01_C.prefab
  artifactKey: Guid(71d6f22429b685b4a9474aa088c0ce8e) Importer(815301076,1909f56bfc062723c751e8b465ee728b)
Start importing Assets/Polygon-NewYork/Prefabs/Fence_01_C.prefab using Guid(71d6f22429b685b4a9474aa088c0ce8e) Importer(815301076,1909f56bfc062723c751e8b465ee728b)  -> (artifact id: 'f59a5b894dd021a703fc739309ebef24') in 0.018195 seconds 
========================================================================
Received Import Request.
  Time since last request: 0.000026 seconds.
  path: Assets/Polygon-NewYork/Prefabs/Fence_01_D.prefab
  artifactKey: Guid(f3cd67b138ff60145aa2d2f162771cef) Importer(815301076,1909f56bfc062723c751e8b465ee728b)
Start importing Assets/Polygon-NewYork/Prefabs/Fence_01_D.prefab using Guid(f3cd67b138ff60145aa2d2f162771cef) Importer(815301076,1909f56bfc062723c751e8b465ee728b)  -> (artifact id: '387c7223cbb2fc1853d669ebcc52e569') in 0.018335 seconds 
========================================================================
Received Import Request.
  Time since last request: 0.000020 seconds.
  path: Assets/Polygon-NewYork/Prefabs/cornice_02_A_03.prefab
  artifactKey: Guid(1bdaffba51582da499a0baafff281d5e) Importer(815301076,1909f56bfc062723c751e8b465ee728b)
Start importing Assets/Polygon-NewYork/Prefabs/cornice_02_A_03.prefab using Guid(1bdaffba51582da499a0baafff281d5e) Importer(815301076,1909f56bfc062723c751e8b465ee728b)  -> (artifact id: 'faed5d78f2f4eeffd656f709c686cdcf') in 0.018087 seconds 
========================================================================
Received Import Request.
  Time since last request: 0.000027 seconds.
  path: Assets/Polygon-NewYork/Prefabs/Ground_001.prefab
  artifactKey: Guid(54a800785d38ee34ca7cdbdda216f9df) Importer(815301076,1909f56bfc062723c751e8b465ee728b)
Start importing Assets/Polygon-NewYork/Prefabs/Ground_001.prefab using Guid(54a800785d38ee34ca7cdbdda216f9df) Importer(815301076,1909f56bfc062723c751e8b465ee728b)  -> (artifact id: '7621ea0e8967e5ac16432137464f0d9d') in 0.017561 seconds 
========================================================================
Received Import Request.
  Time since last request: 0.000038 seconds.
  path: Assets/Polygon-NewYork/Prefabs/Fence_01_E.prefab
  artifactKey: Guid(d0286ea336d915d4782bf80dd9b9de65) Importer(815301076,1909f56bfc062723c751e8b465ee728b)
Start importing Assets/Polygon-NewYork/Prefabs/Fence_01_E.prefab using Guid(d0286ea336d915d4782bf80dd9b9de65) Importer(815301076,1909f56bfc062723c751e8b465ee728b)  -> (artifact id: '886b29714117ef5604648e70ff529209') in 0.018628 seconds 
========================================================================
Received Import Request.
  Time since last request: 0.000023 seconds.
  path: Assets/Polygon-NewYork/Prefabs/Roof_02_D_03.prefab
  artifactKey: Guid(2dd9d0e889654e44ebf3e11f9112f2ad) Importer(815301076,1909f56bfc062723c751e8b465ee728b)
Start importing Assets/Polygon-NewYork/Prefabs/Roof_02_D_03.prefab using Guid(2dd9d0e889654e44ebf3e11f9112f2ad) Importer(815301076,1909f56bfc062723c751e8b465ee728b)  -> (artifact id: '9dc9586f3671efce246ccfe60672f65b') in 0.019766 seconds 
========================================================================
Received Import Request.
  Time since last request: 0.000024 seconds.
  path: Assets/Polygon-NewYork/Prefabs/Road_01.prefab
  artifactKey: Guid(693e50031f7565a4ebe7e5fddca9a674) Importer(815301076,1909f56bfc062723c751e8b465ee728b)
Start importing Assets/Polygon-NewYork/Prefabs/Road_01.prefab using Guid(693e50031f7565a4ebe7e5fddca9a674) Importer(815301076,1909f56bfc062723c751e8b465ee728b)  -> (artifact id: '4a1bdc4cc492df0fe672c37b47d98059') in 0.020578 seconds 
========================================================================
Received Import Request.
  Time since last request: 0.000024 seconds.
  path: Assets/Polygon-NewYork/Prefabs/Fence_01_A.prefab
  artifactKey: Guid(8ae7ffb0ac5c4344bb5d58c59dd46c91) Importer(815301076,1909f56bfc062723c751e8b465ee728b)
Start importing Assets/Polygon-NewYork/Prefabs/Fence_01_A.prefab using Guid(8ae7ffb0ac5c4344bb5d58c59dd46c91) Importer(815301076,1909f56bfc062723c751e8b465ee728b)  -> (artifact id: '2f98e03cbadb0d7e29a11d53a2b476af') in 0.022528 seconds 
========================================================================
Received Import Request.
  Time since last request: 0.000035 seconds.
  path: Assets/Polygon-NewYork/Prefabs/Ground_002.prefab
  artifactKey: Guid(f22ee9c894f9f584c924c0866e36d918) Importer(815301076,1909f56bfc062723c751e8b465ee728b)
Start importing Assets/Polygon-NewYork/Prefabs/Ground_002.prefab using Guid(f22ee9c894f9f584c924c0866e36d918) Importer(815301076,1909f56bfc062723c751e8b465ee728b)  -> (artifact id: 'edd328b333dbccfbb8a5416f1114b83e') in 0.016741 seconds 
========================================================================
Received Import Request.
  Time since last request: 2.072472 seconds.
  path: Assets/Polygon-NewYork/Prefabs/Roof_Plane_03.prefab
  artifactKey: Guid(aa4793d86ec653f4ba3f99935d40b178) Importer(815301076,1909f56bfc062723c751e8b465ee728b)
Start importing Assets/Polygon-NewYork/Prefabs/Roof_Plane_03.prefab using Guid(aa4793d86ec653f4ba3f99935d40b178) Importer(815301076,1909f56bfc062723c751e8b465ee728b)  -> (artifact id: 'e725a720074f5b746663b127141a6615') in 0.019723 seconds 
========================================================================
Received Import Request.
  Time since last request: 0.000025 seconds.
  path: Assets/Polygon-NewYork/Prefabs/Sidewalk_01_С_01.prefab
  artifactKey: Guid(9924b262483134b4591724290e7a0464) Importer(815301076,1909f56bfc062723c751e8b465ee728b)
Start importing Assets/Polygon-NewYork/Prefabs/Sidewalk_01_С_01.prefab using Guid(9924b262483134b4591724290e7a0464) Importer(815301076,1909f56bfc062723c751e8b465ee728b)  -> (artifact id: 'a1f1c7f0760223d53f40999d17e56dc9') in 0.020058 seconds 
========================================================================
Received Import Request.
  Time since last request: 0.000021 seconds.
  path: Assets/Polygon-NewYork/Prefabs/Sidewalk_02_С_01.prefab
  artifactKey: Guid(5e33de3133f5b7f46bf63b6344f0be7a) Importer(815301076,1909f56bfc062723c751e8b465ee728b)
Start importing Assets/Polygon-NewYork/Prefabs/Sidewalk_02_С_01.prefab using Guid(5e33de3133f5b7f46bf63b6344f0be7a) Importer(815301076,1909f56bfc062723c751e8b465ee728b)  -> (artifact id: '2e241f0cd7dedc2fb806de3a1c85b9e9') in 0.021042 seconds 
========================================================================
Received Import Request.
  Time since last request: 0.000029 seconds.
  path: Assets/Polygon-NewYork/Prefabs/Sidewalk_01_E_01.prefab
  artifactKey: Guid(fda1a2ffbe7a1d44e99477d73152d4c3) Importer(815301076,1909f56bfc062723c751e8b465ee728b)
Start importing Assets/Polygon-NewYork/Prefabs/Sidewalk_01_E_01.prefab using Guid(fda1a2ffbe7a1d44e99477d73152d4c3) Importer(815301076,1909f56bfc062723c751e8b465ee728b)  -> (artifact id: '373dcdd96326a9da1668347698eb9ba6') in 0.021261 seconds 
========================================================================
Received Import Request.
  Time since last request: 0.000034 seconds.
  path: Assets/Polygon-NewYork/Prefabs/Sidewalk_02_E_01.prefab
  artifactKey: Guid(0f430e6556134e04bbcf27fe91920c36) Importer(815301076,1909f56bfc062723c751e8b465ee728b)
Start importing Assets/Polygon-NewYork/Prefabs/Sidewalk_02_E_01.prefab using Guid(0f430e6556134e04bbcf27fe91920c36) Importer(815301076,1909f56bfc062723c751e8b465ee728b)  -> (artifact id: 'b3995823198e19f44d57a8640173cc0a') in 0.018334 seconds 
========================================================================
Received Import Request.
  Time since last request: 0.000026 seconds.
  path: Assets/Polygon-NewYork/Prefabs/Sidewalk_01_B.prefab
  artifactKey: Guid(adc64e3f594a0be44bb879d70d9ea9e2) Importer(815301076,1909f56bfc062723c751e8b465ee728b)
Start importing Assets/Polygon-NewYork/Prefabs/Sidewalk_01_B.prefab using Guid(adc64e3f594a0be44bb879d70d9ea9e2) Importer(815301076,1909f56bfc062723c751e8b465ee728b)  -> (artifact id: '406e511e6633aa7ad8e1e8b1e3b01f48') in 0.021541 seconds 
========================================================================
Received Import Request.
  Time since last request: 0.156558 seconds.
  path: Assets/Polygon-NewYork/Prefabs/Sidewalk_03_E_01.prefab
  artifactKey: Guid(1cffff9ec9e438f4baa1c1325faaf5d2) Importer(815301076,1909f56bfc062723c751e8b465ee728b)
Start importing Assets/Polygon-NewYork/Prefabs/Sidewalk_03_E_01.prefab using Guid(1cffff9ec9e438f4baa1c1325faaf5d2) Importer(815301076,1909f56bfc062723c751e8b465ee728b)  -> (artifact id: '07807507c3ba6530fb1d98ef0c687a71') in 0.019607 seconds 
========================================================================
Received Import Request.
  Time since last request: 0.000022 seconds.
  path: Assets/Polygon-NewYork/Prefabs/Sidewalk_05_B.prefab
  artifactKey: Guid(0f9bf420603fa9b4998111d9e7a9571d) Importer(815301076,1909f56bfc062723c751e8b465ee728b)
Start importing Assets/Polygon-NewYork/Prefabs/Sidewalk_05_B.prefab using Guid(0f9bf420603fa9b4998111d9e7a9571d) Importer(815301076,1909f56bfc062723c751e8b465ee728b)  -> (artifact id: 'f1f8353cd7a2a12ec2b385f636f503f6') in 0.017772 seconds 
========================================================================
Received Import Request.
  Time since last request: 0.000027 seconds.
  path: Assets/Polygon-NewYork/Prefabs/Sidewalk_05_С_01.prefab
  artifactKey: Guid(0e0419828bc5698439c9e6a257f0889a) Importer(815301076,1909f56bfc062723c751e8b465ee728b)
Start importing Assets/Polygon-NewYork/Prefabs/Sidewalk_05_С_01.prefab using Guid(0e0419828bc5698439c9e6a257f0889a) Importer(815301076,1909f56bfc062723c751e8b465ee728b)  -> (artifact id: '68a63a2d059eabcc38967655459fc3c3') in 0.018537 seconds 
========================================================================
Received Import Request.
  Time since last request: 0.000119 seconds.
  path: Assets/Polygon-NewYork/Prefabs/Sidewalk_06_B.prefab
  artifactKey: Guid(57efe1e117e602741bdca9d07f7d7d35) Importer(815301076,1909f56bfc062723c751e8b465ee728b)
Start importing Assets/Polygon-NewYork/Prefabs/Sidewalk_06_B.prefab using Guid(57efe1e117e602741bdca9d07f7d7d35) Importer(815301076,1909f56bfc062723c751e8b465ee728b)  -> (artifact id: '174bcd0269496868f38aa220ea9bc828') in 0.018771 seconds 
========================================================================
Received Import Request.
  Time since last request: 0.000026 seconds.
  path: Assets/Polygon-NewYork/Prefabs/Sidewalk_06_E_01.prefab
  artifactKey: Guid(f926182b65e0f2940980cd98729af045) Importer(815301076,1909f56bfc062723c751e8b465ee728b)
Start importing Assets/Polygon-NewYork/Prefabs/Sidewalk_06_E_01.prefab using Guid(f926182b65e0f2940980cd98729af045) Importer(815301076,1909f56bfc062723c751e8b465ee728b)  -> (artifact id: '40c9c87915e3a8838340e3630580859f') in 0.017378 seconds 
========================================================================
Received Import Request.
  Time since last request: 0.000029 seconds.
  path: Assets/Polygon-NewYork/Prefabs/Sidewalk_011_D_01.prefab
  artifactKey: Guid(b71b10a9c1e2f884da5670cf06c71249) Importer(815301076,1909f56bfc062723c751e8b465ee728b)
Start importing Assets/Polygon-NewYork/Prefabs/Sidewalk_011_D_01.prefab using Guid(b71b10a9c1e2f884da5670cf06c71249) Importer(815301076,1909f56bfc062723c751e8b465ee728b)  -> (artifact id: '0f71eb09c05ecf88db8a35879167e034') in 0.018178 seconds 
========================================================================
Received Import Request.
  Time since last request: 0.000020 seconds.
  path: Assets/Polygon-NewYork/Prefabs/Sidewalk_09_D_01.prefab
  artifactKey: Guid(bd00a66fe70fd8f41bc12fb8cf34a858) Importer(815301076,1909f56bfc062723c751e8b465ee728b)
Start importing Assets/Polygon-NewYork/Prefabs/Sidewalk_09_D_01.prefab using Guid(bd00a66fe70fd8f41bc12fb8cf34a858) Importer(815301076,1909f56bfc062723c751e8b465ee728b)  -> (artifact id: 'c9c67e9c7c407f2cefa047e45ba590c7') in 0.017701 seconds 
========================================================================
Received Import Request.
  Time since last request: 0.000021 seconds.
  path: Assets/Polygon-NewYork/Prefabs/Sidewalk_011_B.prefab
  artifactKey: Guid(2c78cd4b405111e488d0da62483c6001) Importer(815301076,1909f56bfc062723c751e8b465ee728b)
Start importing Assets/Polygon-NewYork/Prefabs/Sidewalk_011_B.prefab using Guid(2c78cd4b405111e488d0da62483c6001) Importer(815301076,1909f56bfc062723c751e8b465ee728b)  -> (artifact id: 'a48a7350deabad8320f31e007c70c76a') in 0.017874 seconds 
========================================================================
Received Import Request.
  Time since last request: 0.000034 seconds.
  path: Assets/Polygon-NewYork/Prefabs/Sidewalk_08_D_01.prefab
  artifactKey: Guid(3f8645f9f6c846f4dacb460bffa754bf) Importer(815301076,1909f56bfc062723c751e8b465ee728b)
Start importing Assets/Polygon-NewYork/Prefabs/Sidewalk_08_D_01.prefab using Guid(3f8645f9f6c846f4dacb460bffa754bf) Importer(815301076,1909f56bfc062723c751e8b465ee728b)  -> (artifact id: 'e59c1321f314824df148b0d392bde97b') in 0.022456 seconds 
========================================================================
Received Import Request.
  Time since last request: 0.000021 seconds.
  path: Assets/Polygon-NewYork/Prefabs/Sidewalk_04_E_01.prefab
  artifactKey: Guid(57ae228ed3e5389408af07b2ae4132dc) Importer(815301076,1909f56bfc062723c751e8b465ee728b)
Start importing Assets/Polygon-NewYork/Prefabs/Sidewalk_04_E_01.prefab using Guid(57ae228ed3e5389408af07b2ae4132dc) Importer(815301076,1909f56bfc062723c751e8b465ee728b)  -> (artifact id: '86c8f4ab691022610fa998891f28025d') in 0.017686 seconds 
========================================================================
Received Import Request.
  Time since last request: 0.000021 seconds.
  path: Assets/Polygon-NewYork/Prefabs/Sidewalk_04_A.prefab
  artifactKey: Guid(a6204662827bd7141a0c02bdaa04e671) Importer(815301076,1909f56bfc062723c751e8b465ee728b)
Start importing Assets/Polygon-NewYork/Prefabs/Sidewalk_04_A.prefab using Guid(a6204662827bd7141a0c02bdaa04e671) Importer(815301076,1909f56bfc062723c751e8b465ee728b)  -> (artifact id: '093f14d7c7540a1670832fb74957b69b') in 0.018622 seconds 
========================================================================
Received Import Request.
  Time since last request: 0.000030 seconds.
  path: Assets/Polygon-NewYork/Prefabs/Sidewalk_06_A.prefab
  artifactKey: Guid(95e76e8866e57ca42998625c166d757c) Importer(815301076,1909f56bfc062723c751e8b465ee728b)
Start importing Assets/Polygon-NewYork/Prefabs/Sidewalk_06_A.prefab using Guid(95e76e8866e57ca42998625c166d757c) Importer(815301076,1909f56bfc062723c751e8b465ee728b)  -> (artifact id: '6f41e0a832d69a912d2bb35763881b42') in 0.019883 seconds 
========================================================================
Received Import Request.
  Time since last request: 0.000040 seconds.
  path: Assets/Polygon-NewYork/Prefabs/Sidewalk_06_С_01.prefab
  artifactKey: Guid(6b095d9d0dc440344a7d51e1ee00d312) Importer(815301076,1909f56bfc062723c751e8b465ee728b)
Start importing Assets/Polygon-NewYork/Prefabs/Sidewalk_06_С_01.prefab using Guid(6b095d9d0dc440344a7d51e1ee00d312) Importer(815301076,1909f56bfc062723c751e8b465ee728b)  -> (artifact id: 'dbcbc35bb520b383db353fa869629002') in 0.018710 seconds 
========================================================================
Received Import Request.
  Time since last request: 0.000023 seconds.
  path: Assets/Polygon-NewYork/Prefabs/Sidewalk_08_B.prefab
  artifactKey: Guid(523d3528cc245714e9d7cb15f8261c40) Importer(815301076,1909f56bfc062723c751e8b465ee728b)
Start importing Assets/Polygon-NewYork/Prefabs/Sidewalk_08_B.prefab using Guid(523d3528cc245714e9d7cb15f8261c40) Importer(815301076,1909f56bfc062723c751e8b465ee728b)  -> (artifact id: 'ded1558fce2edbe5f13ede29f789220c') in 0.020331 seconds 
========================================================================
Received Import Request.
  Time since last request: 0.000029 seconds.
  path: Assets/Polygon-NewYork/Prefabs/Sidewalk_09_B_01.prefab
  artifactKey: Guid(4efef1fb59314e849bc46ba18082875a) Importer(815301076,1909f56bfc062723c751e8b465ee728b)
Start importing Assets/Polygon-NewYork/Prefabs/Sidewalk_09_B_01.prefab using Guid(4efef1fb59314e849bc46ba18082875a) Importer(815301076,1909f56bfc062723c751e8b465ee728b)  -> (artifact id: '386eae9121445f9056ee01a3d0c580a0') in 0.016916 seconds 
========================================================================
Received Import Request.
  Time since last request: 0.000024 seconds.
  path: Assets/Polygon-NewYork/Prefabs/Sidewalk_011_B_01.prefab
  artifactKey: Guid(4157824542b1ca34e9976ba23b139bcb) Importer(815301076,1909f56bfc062723c751e8b465ee728b)
Start importing Assets/Polygon-NewYork/Prefabs/Sidewalk_011_B_01.prefab using Guid(4157824542b1ca34e9976ba23b139bcb) Importer(815301076,1909f56bfc062723c751e8b465ee728b)  -> (artifact id: '9cc7475ec12bafddeb590d52f7ba3ffb') in 0.018555 seconds 
========================================================================
Received Import Request.
  Time since last request: 0.000030 seconds.
  path: Assets/Polygon-NewYork/Prefabs/Sidewalk_010_B.prefab
  artifactKey: Guid(2620ed5803288da4eaa7a80a11ac23a5) Importer(815301076,1909f56bfc062723c751e8b465ee728b)
Start importing Assets/Polygon-NewYork/Prefabs/Sidewalk_010_B.prefab using Guid(2620ed5803288da4eaa7a80a11ac23a5) Importer(815301076,1909f56bfc062723c751e8b465ee728b)  -> (artifact id: 'e9af3755dc76c490766ad553f7837adf') in 0.019762 seconds 
========================================================================
Received Import Request.
  Time since last request: 0.000023 seconds.
  path: Assets/Polygon-NewYork/Prefabs/Sidewalk_04_B.prefab
  artifactKey: Guid(a33cacc74a405ef4484ea029573166b2) Importer(815301076,1909f56bfc062723c751e8b465ee728b)
Start importing Assets/Polygon-NewYork/Prefabs/Sidewalk_04_B.prefab using Guid(a33cacc74a405ef4484ea029573166b2) Importer(815301076,1909f56bfc062723c751e8b465ee728b)  -> (artifact id: '3a813d7849d77372c2358b10dd10d021') in 0.018298 seconds 
========================================================================
Received Import Request.
  Time since last request: 0.000023 seconds.
  path: Assets/Polygon-NewYork/Prefabs/Sidewalk_08_A.prefab
  artifactKey: Guid(de6edab1db3f214429ac841446e76106) Importer(815301076,1909f56bfc062723c751e8b465ee728b)
Start importing Assets/Polygon-NewYork/Prefabs/Sidewalk_08_A.prefab using Guid(de6edab1db3f214429ac841446e76106) Importer(815301076,1909f56bfc062723c751e8b465ee728b)  -> (artifact id: '2f0183a3c5ad0470af2f7642741c8cb4') in 0.016744 seconds 
========================================================================
Received Import Request.
  Time since last request: 0.098986 seconds.
  path: Assets/Polygon-NewYork/Prefabs/Sidewalk_012_B_01.prefab
  artifactKey: Guid(443a57110a6dfa14c8696bc31a83c168) Importer(815301076,1909f56bfc062723c751e8b465ee728b)
Start importing Assets/Polygon-NewYork/Prefabs/Sidewalk_012_B_01.prefab using Guid(443a57110a6dfa14c8696bc31a83c168) Importer(815301076,1909f56bfc062723c751e8b465ee728b)  -> (artifact id: '799590300cf3ff9d0fcf0446eb91ad50') in 0.017425 seconds 
========================================================================
Received Import Request.
  Time since last request: 0.000027 seconds.
  path: Assets/Polygon-NewYork/Prefabs/Steps_01_A_02.prefab
  artifactKey: Guid(8580896cc810b7d4e9bb2550e3ae5500) Importer(815301076,1909f56bfc062723c751e8b465ee728b)
Start importing Assets/Polygon-NewYork/Prefabs/Steps_01_A_02.prefab using Guid(8580896cc810b7d4e9bb2550e3ae5500) Importer(815301076,1909f56bfc062723c751e8b465ee728b)  -> (artifact id: '8cc8817a60823c6ecf08fd35768b0e6f') in 0.019957 seconds 
========================================================================
Received Import Request.
  Time since last request: 0.000024 seconds.
  path: Assets/Polygon-NewYork/Prefabs/Steps_01_A_01.prefab
  artifactKey: Guid(7a951c32cf1e0bf4187d51b3bbebe56d) Importer(815301076,1909f56bfc062723c751e8b465ee728b)
Start importing Assets/Polygon-NewYork/Prefabs/Steps_01_A_01.prefab using Guid(7a951c32cf1e0bf4187d51b3bbebe56d) Importer(815301076,1909f56bfc062723c751e8b465ee728b)  -> (artifact id: '85d3aa11b59a405c22eced9e91b6c20a') in 0.020423 seconds 
========================================================================
Received Import Request.
  Time since last request: 0.000027 seconds.
  path: Assets/Polygon-NewYork/Prefabs/Steps_01_B_03.prefab
  artifactKey: Guid(f39d4f979b980b1499f2c41f0e4b99c6) Importer(815301076,1909f56bfc062723c751e8b465ee728b)
Start importing Assets/Polygon-NewYork/Prefabs/Steps_01_B_03.prefab using Guid(f39d4f979b980b1499f2c41f0e4b99c6) Importer(815301076,1909f56bfc062723c751e8b465ee728b)  -> (artifact id: '4fd8d5c263497b1caf113435c67cd0db') in 0.018374 seconds 
========================================================================
Received Import Request.
  Time since last request: 0.000027 seconds.
  path: Assets/Polygon-NewYork/Prefabs/Steps_01_A_03.prefab
  artifactKey: Guid(0ae044847e1eef9468fa63ec09f02d46) Importer(815301076,1909f56bfc062723c751e8b465ee728b)
Start importing Assets/Polygon-NewYork/Prefabs/Steps_01_A_03.prefab using Guid(0ae044847e1eef9468fa63ec09f02d46) Importer(815301076,1909f56bfc062723c751e8b465ee728b)  -> (artifact id: '46724ee0da8c17a31580435cebd3936b') in 0.018303 seconds 
========================================================================
Received Import Request.
  Time since last request: 0.000021 seconds.
  path: Assets/Polygon-NewYork/Prefabs/Steps_01_C_03.prefab
  artifactKey: Guid(dc392f4d6f5cbf041adc248839a7fd09) Importer(815301076,1909f56bfc062723c751e8b465ee728b)
Start importing Assets/Polygon-NewYork/Prefabs/Steps_01_C_03.prefab using Guid(dc392f4d6f5cbf041adc248839a7fd09) Importer(815301076,1909f56bfc062723c751e8b465ee728b)  -> (artifact id: '435894b45d3927f8692ed7a01debf2e8') in 0.019905 seconds 
========================================================================
Received Import Request.
  Time since last request: 0.247991 seconds.
  path: Assets/Polygon-NewYork/Prefabs/Steps_02_A_01.prefab
  artifactKey: Guid(b4024233fb05518479bcf9df77f9194f) Importer(815301076,1909f56bfc062723c751e8b465ee728b)
Start importing Assets/Polygon-NewYork/Prefabs/Steps_02_A_01.prefab using Guid(b4024233fb05518479bcf9df77f9194f) Importer(815301076,1909f56bfc062723c751e8b465ee728b)  -> (artifact id: '23b2da34870ded65ac4ad8fdd28495b9') in 0.021185 seconds 
========================================================================
Received Import Request.
  Time since last request: 0.000028 seconds.
  path: Assets/Polygon-NewYork/Prefabs/Steps_02_A_03.prefab
  artifactKey: Guid(bbaa4c52331cb3f4f8b9e9629cef50dd) Importer(815301076,1909f56bfc062723c751e8b465ee728b)
Start importing Assets/Polygon-NewYork/Prefabs/Steps_02_A_03.prefab using Guid(bbaa4c52331cb3f4f8b9e9629cef50dd) Importer(815301076,1909f56bfc062723c751e8b465ee728b)  -> (artifact id: 'e4403df99b7d5d86b66405d46d6488c5') in 0.020372 seconds 
========================================================================
Received Import Request.
  Time since last request: 0.000022 seconds.
  path: Assets/Polygon-NewYork/Prefabs/Street_Decoration_05.prefab
  artifactKey: Guid(db78823ecfc5335499b79337ad2684f1) Importer(815301076,1909f56bfc062723c751e8b465ee728b)
Start importing Assets/Polygon-NewYork/Prefabs/Street_Decoration_05.prefab using Guid(db78823ecfc5335499b79337ad2684f1) Importer(815301076,1909f56bfc062723c751e8b465ee728b)  -> (artifact id: '63c9bb74752e2f75ac2a714fec42e541') in 0.023360 seconds 
========================================================================
Received Import Request.
  Time since last request: 0.000025 seconds.
  path: Assets/Polygon-NewYork/Prefabs/Street_Decoration_015.prefab
  artifactKey: Guid(62a6769ff5fe3fd4688cff0de2f7bda7) Importer(815301076,1909f56bfc062723c751e8b465ee728b)
Start importing Assets/Polygon-NewYork/Prefabs/Street_Decoration_015.prefab using Guid(62a6769ff5fe3fd4688cff0de2f7bda7) Importer(815301076,1909f56bfc062723c751e8b465ee728b)  -> (artifact id: '023966e734a0e020dcb0c38fed9c0607') in 0.018587 seconds 
========================================================================
Received Import Request.
  Time since last request: 0.000024 seconds.
  path: Assets/Polygon-NewYork/Prefabs/Street_Decoration_011.prefab
  artifactKey: Guid(23faeda0a0b5e20479820cd93f54d1a3) Importer(815301076,1909f56bfc062723c751e8b465ee728b)
Start importing Assets/Polygon-NewYork/Prefabs/Street_Decoration_011.prefab using Guid(23faeda0a0b5e20479820cd93f54d1a3) Importer(815301076,1909f56bfc062723c751e8b465ee728b)  -> (artifact id: '6cc902e57458a23c93ee668147f47069') in 0.019903 seconds 
========================================================================
Received Import Request.
  Time since last request: 0.000024 seconds.
  path: Assets/Polygon-NewYork/Prefabs/Street_Decoration_01.prefab
  artifactKey: Guid(8e3dc671ef455174a915aa8a36b15c3c) Importer(815301076,1909f56bfc062723c751e8b465ee728b)
Start importing Assets/Polygon-NewYork/Prefabs/Street_Decoration_01.prefab using Guid(8e3dc671ef455174a915aa8a36b15c3c) Importer(815301076,1909f56bfc062723c751e8b465ee728b)  -> (artifact id: 'a50303b10abc281816a2eb5f82c8e5fc') in 0.020259 seconds 
========================================================================
Received Import Request.
  Time since last request: 0.000029 seconds.
  path: Assets/Polygon-NewYork/Prefabs/Steps_02_B_03.prefab
  artifactKey: Guid(005de6dd820b6b8469da8b005b853d8d) Importer(815301076,1909f56bfc062723c751e8b465ee728b)
Start importing Assets/Polygon-NewYork/Prefabs/Steps_02_B_03.prefab using Guid(005de6dd820b6b8469da8b005b853d8d) Importer(815301076,1909f56bfc062723c751e8b465ee728b)  -> (artifact id: '0907e7a94b46e086bcf9374bb1e2c9a8') in 0.019628 seconds 
========================================================================
Received Import Request.
  Time since last request: 0.000027 seconds.
  path: Assets/Polygon-NewYork/Prefabs/Street_Decoration_06.prefab
  artifactKey: Guid(0095d35ff37b170458887e3a043e47cf) Importer(815301076,1909f56bfc062723c751e8b465ee728b)
Start importing Assets/Polygon-NewYork/Prefabs/Street_Decoration_06.prefab using Guid(0095d35ff37b170458887e3a043e47cf) Importer(815301076,1909f56bfc062723c751e8b465ee728b)  -> (artifact id: 'cd7f744ed15853c8ab820760f6fc5e4a') in 0.018777 seconds 
========================================================================
Received Import Request.
  Time since last request: 0.000038 seconds.
  path: Assets/Polygon-NewYork/Prefabs/Street_Decoration_012.prefab
  artifactKey: Guid(b267e66cb6368424183fa2af77d18d77) Importer(815301076,1909f56bfc062723c751e8b465ee728b)
Start importing Assets/Polygon-NewYork/Prefabs/Street_Decoration_012.prefab using Guid(b267e66cb6368424183fa2af77d18d77) Importer(815301076,1909f56bfc062723c751e8b465ee728b)  -> (artifact id: 'e373b49a9a21619887d24a8191987ef3') in 0.024537 seconds 
========================================================================
Received Import Request.
  Time since last request: 0.000018 seconds.
  path: Assets/Polygon-NewYork/Prefabs/Steps_02_C_03.prefab
  artifactKey: Guid(1b8c9b12d81fc754c846622c9efe0879) Importer(815301076,1909f56bfc062723c751e8b465ee728b)
Start importing Assets/Polygon-NewYork/Prefabs/Steps_02_C_03.prefab using Guid(1b8c9b12d81fc754c846622c9efe0879) Importer(815301076,1909f56bfc062723c751e8b465ee728b)  -> (artifact id: '24ea94f229323ecd1e65e58481480adf') in 0.019967 seconds 
========================================================================
Received Import Request.
  Time since last request: 0.000022 seconds.
  path: Assets/Polygon-NewYork/Prefabs/Street_Decoration_03.prefab
  artifactKey: Guid(26197b3acc9c0464087a6deef7724b15) Importer(815301076,1909f56bfc062723c751e8b465ee728b)
Start importing Assets/Polygon-NewYork/Prefabs/Street_Decoration_03.prefab using Guid(26197b3acc9c0464087a6deef7724b15) Importer(815301076,1909f56bfc062723c751e8b465ee728b)  -> (artifact id: '74826f65ae8c6d2e81953a03bf739eca') in 0.018517 seconds 
========================================================================
Received Import Request.
  Time since last request: 0.000023 seconds.
  path: Assets/Polygon-NewYork/Prefabs/Street_Decoration_08.prefab
  artifactKey: Guid(a51ddf711562af44ab934a7541e1260e) Importer(815301076,1909f56bfc062723c751e8b465ee728b)
Start importing Assets/Polygon-NewYork/Prefabs/Street_Decoration_08.prefab using Guid(a51ddf711562af44ab934a7541e1260e) Importer(815301076,1909f56bfc062723c751e8b465ee728b)  -> (artifact id: '165c9f9809fc6c7df31db5b9192dae16') in 0.020638 seconds 
========================================================================
Received Import Request.
  Time since last request: 0.000018 seconds.
  path: Assets/Polygon-NewYork/Prefabs/Street_Decoration_09.prefab
  artifactKey: Guid(6b6e8ce6b00980347810b912030461bd) Importer(815301076,1909f56bfc062723c751e8b465ee728b)
Start importing Assets/Polygon-NewYork/Prefabs/Street_Decoration_09.prefab using Guid(6b6e8ce6b00980347810b912030461bd) Importer(815301076,1909f56bfc062723c751e8b465ee728b)  -> (artifact id: '40458be3390628c02be6d03a0c80ba75') in 0.019269 seconds 
========================================================================
Received Import Request.
  Time since last request: 0.120751 seconds.
  path: Assets/Polygon-NewYork/Prefabs/Street_Decoration_016.prefab
  artifactKey: Guid(f5aa998ad4bbdbb4380ff14cce5333dc) Importer(815301076,1909f56bfc062723c751e8b465ee728b)
Start importing Assets/Polygon-NewYork/Prefabs/Street_Decoration_016.prefab using Guid(f5aa998ad4bbdbb4380ff14cce5333dc) Importer(815301076,1909f56bfc062723c751e8b465ee728b)  -> (artifact id: 'eca6eae7526cbb9082daebe93e6f6097') in 0.017984 seconds 
========================================================================
Received Import Request.
  Time since last request: 0.000024 seconds.
  path: Assets/Polygon-NewYork/Prefabs/Street_Decoration_020.prefab
  artifactKey: Guid(628fccd285777b44ea7cc50610e65df9) Importer(815301076,1909f56bfc062723c751e8b465ee728b)
Start importing Assets/Polygon-NewYork/Prefabs/Street_Decoration_020.prefab using Guid(628fccd285777b44ea7cc50610e65df9) Importer(815301076,1909f56bfc062723c751e8b465ee728b)  -> (artifact id: '3a875ff986ef8c0502c60cc0d6bbbe23') in 0.019980 seconds 
========================================================================
Received Import Request.
  Time since last request: 0.000027 seconds.
  path: Assets/Polygon-NewYork/Prefabs/Street_Decoration_019.prefab
  artifactKey: Guid(8c8375289ff22c545afbf69c354235c7) Importer(815301076,1909f56bfc062723c751e8b465ee728b)
Start importing Assets/Polygon-NewYork/Prefabs/Street_Decoration_019.prefab using Guid(8c8375289ff22c545afbf69c354235c7) Importer(815301076,1909f56bfc062723c751e8b465ee728b)  -> (artifact id: 'cc4c1ce59dffd29438fd972dba83bdcf') in 0.018481 seconds 
========================================================================
Received Import Request.
  Time since last request: 0.000027 seconds.
  path: Assets/Polygon-NewYork/Prefabs/Window_decoration_07_A.prefab
  artifactKey: Guid(f40e01507bbb44f49b709f6454314767) Importer(815301076,1909f56bfc062723c751e8b465ee728b)
Start importing Assets/Polygon-NewYork/Prefabs/Window_decoration_07_A.prefab using Guid(f40e01507bbb44f49b709f6454314767) Importer(815301076,1909f56bfc062723c751e8b465ee728b)  -> (artifact id: 'd5dc3fd2d811fa73ba6ec65b68e95696') in 0.019512 seconds 
========================================================================
Received Import Request.
  Time since last request: 0.000025 seconds.
  path: Assets/Polygon-NewYork/Prefabs/Window_decoration_09.prefab
  artifactKey: Guid(cc60385c8444b7c4f968d845e2cc8ca8) Importer(815301076,1909f56bfc062723c751e8b465ee728b)
Start importing Assets/Polygon-NewYork/Prefabs/Window_decoration_09.prefab using Guid(cc60385c8444b7c4f968d845e2cc8ca8) Importer(815301076,1909f56bfc062723c751e8b465ee728b)  -> (artifact id: '826cba2c8740b7444377fc6c443ca8cd') in 0.017790 seconds 
========================================================================
Received Import Request.
  Time since last request: 0.000024 seconds.
  path: Assets/Polygon-NewYork/Prefabs/Window_decoration_016.prefab
  artifactKey: Guid(65428624574c0de47be9e6e1e19c8078) Importer(815301076,1909f56bfc062723c751e8b465ee728b)
Start importing Assets/Polygon-NewYork/Prefabs/Window_decoration_016.prefab using Guid(65428624574c0de47be9e6e1e19c8078) Importer(815301076,1909f56bfc062723c751e8b465ee728b)  -> (artifact id: '68f26e58abb53501f68d77482e06882b') in 0.019544 seconds 
========================================================================
Received Import Request.
  Time since last request: 0.000018 seconds.
  path: Assets/Polygon-NewYork/Prefabs/Window_decoration_013.prefab
  artifactKey: Guid(a37fde50d06be8640a361fb5a7c68370) Importer(815301076,1909f56bfc062723c751e8b465ee728b)
Start importing Assets/Polygon-NewYork/Prefabs/Window_decoration_013.prefab using Guid(a37fde50d06be8640a361fb5a7c68370) Importer(815301076,1909f56bfc062723c751e8b465ee728b)  -> (artifact id: 'ebd137cc8b5f2d160c9c8792d75fabae') in 0.017788 seconds 
========================================================================
Received Import Request.
  Time since last request: 0.000031 seconds.
  path: Assets/Polygon-NewYork/Prefabs/Window_decoration_06.prefab
  artifactKey: Guid(a9f67d2fc26595d46a44400f4ccd938e) Importer(815301076,1909f56bfc062723c751e8b465ee728b)
Start importing Assets/Polygon-NewYork/Prefabs/Window_decoration_06.prefab using Guid(a9f67d2fc26595d46a44400f4ccd938e) Importer(815301076,1909f56bfc062723c751e8b465ee728b)  -> (artifact id: 'ab9faa3d57d0e29ed17e48bf62b4adc3') in 0.020745 seconds 
========================================================================
Received Import Request.
  Time since last request: 0.000037 seconds.
  path: Assets/Polygon-NewYork/Prefabs/Window_decoration_015.prefab
  artifactKey: Guid(f407cb87ca5f2ff438bb146e85ca1187) Importer(815301076,1909f56bfc062723c751e8b465ee728b)
Start importing Assets/Polygon-NewYork/Prefabs/Window_decoration_015.prefab using Guid(f407cb87ca5f2ff438bb146e85ca1187) Importer(815301076,1909f56bfc062723c751e8b465ee728b)  -> (artifact id: '400a6882c94f89792b3974849421ec21') in 0.018319 seconds 
========================================================================
Received Import Request.
  Time since last request: 0.000020 seconds.
  path: Assets/Polygon-NewYork/Prefabs/Street_Decoration_021.prefab
  artifactKey: Guid(a1948776349815548ae8ae8353d7c9ab) Importer(815301076,1909f56bfc062723c751e8b465ee728b)
Start importing Assets/Polygon-NewYork/Prefabs/Street_Decoration_021.prefab using Guid(a1948776349815548ae8ae8353d7c9ab) Importer(815301076,1909f56bfc062723c751e8b465ee728b)  -> (artifact id: '6c94d8645af092bda119bec28cb2a5ec') in 0.017812 seconds 
========================================================================
Received Import Request.
  Time since last request: 0.000027 seconds.
  path: Assets/Polygon-NewYork/Prefabs/Window_Frame_07_03.prefab
  artifactKey: Guid(6094d588ded25524589219b1c7048f45) Importer(815301076,1909f56bfc062723c751e8b465ee728b)
Start importing Assets/Polygon-NewYork/Prefabs/Window_Frame_07_03.prefab using Guid(6094d588ded25524589219b1c7048f45) Importer(815301076,1909f56bfc062723c751e8b465ee728b)  -> (artifact id: '08f8cfa05cfe4ede7aacdd68bd08ead8') in 0.020924 seconds 
========================================================================
Received Import Request.
  Time since last request: 0.000025 seconds.
  path: Assets/Polygon-NewYork/Prefabs/Window_Frame_02_A_03.prefab
  artifactKey: Guid(e9bd794c4d88450438b3c75b9e873410) Importer(815301076,1909f56bfc062723c751e8b465ee728b)
Start importing Assets/Polygon-NewYork/Prefabs/Window_Frame_02_A_03.prefab using Guid(e9bd794c4d88450438b3c75b9e873410) Importer(815301076,1909f56bfc062723c751e8b465ee728b)  -> (artifact id: 'fa2346aefa6d9eadba33f86d70fc6e9f') in 0.018393 seconds 
========================================================================
Received Import Request.
  Time since last request: 0.000022 seconds.
  path: Assets/Polygon-NewYork/Prefabs/Window_Frame_04_A_03.prefab
  artifactKey: Guid(b66a4ff7935c5324f95de2397f46f471) Importer(815301076,1909f56bfc062723c751e8b465ee728b)
Start importing Assets/Polygon-NewYork/Prefabs/Window_Frame_04_A_03.prefab using Guid(b66a4ff7935c5324f95de2397f46f471) Importer(815301076,1909f56bfc062723c751e8b465ee728b)  -> (artifact id: 'db9445cd8ae45fb3271d7b0f652b7a70') in 0.018068 seconds 
========================================================================
Received Import Request.
  Time since last request: 0.000020 seconds.
  path: Assets/Polygon-NewYork/Prefabs/Window_decoration_08_A.prefab
  artifactKey: Guid(5f7a8e44f784c5240ac06b8872e5775c) Importer(815301076,1909f56bfc062723c751e8b465ee728b)
Start importing Assets/Polygon-NewYork/Prefabs/Window_decoration_08_A.prefab using Guid(5f7a8e44f784c5240ac06b8872e5775c) Importer(815301076,1909f56bfc062723c751e8b465ee728b)  -> (artifact id: '661cd441add89df91e517138e98f1d25') in 0.020629 seconds 
========================================================================
Received Import Request.
  Time since last request: 0.000025 seconds.
  path: Assets/Polygon-NewYork/Prefabs/Window_decoration_011.prefab
  artifactKey: Guid(0915a7ddc0bbae04c8655cc8c4fc3495) Importer(815301076,1909f56bfc062723c751e8b465ee728b)
Start importing Assets/Polygon-NewYork/Prefabs/Window_decoration_011.prefab using Guid(0915a7ddc0bbae04c8655cc8c4fc3495) Importer(815301076,1909f56bfc062723c751e8b465ee728b)  -> (artifact id: '113ff00a07de6867d32b5b4b95cc7991') in 0.018989 seconds 
========================================================================
Received Import Request.
  Time since last request: 0.000030 seconds.
  path: Assets/Polygon-NewYork/Prefabs/Window_Frame_01_03.prefab
  artifactKey: Guid(0d87c33942c1cf14992c7fcaebaa8c65) Importer(815301076,1909f56bfc062723c751e8b465ee728b)
Start importing Assets/Polygon-NewYork/Prefabs/Window_Frame_01_03.prefab using Guid(0d87c33942c1cf14992c7fcaebaa8c65) Importer(815301076,1909f56bfc062723c751e8b465ee728b)  -> (artifact id: '11eb556045361f44b0a49bb26fb8237e') in 0.019533 seconds 
========================================================================
Received Import Request.
  Time since last request: 0.000040 seconds.
  path: Assets/Polygon-NewYork/Prefabs/Walls_decoration_01.prefab
  artifactKey: Guid(4e17e42be65d2bd42bee7cb8b3c58266) Importer(815301076,1909f56bfc062723c751e8b465ee728b)
Start importing Assets/Polygon-NewYork/Prefabs/Walls_decoration_01.prefab using Guid(4e17e42be65d2bd42bee7cb8b3c58266) Importer(815301076,1909f56bfc062723c751e8b465ee728b)  -> (artifact id: '5650dc19bf8f93762d0928b280b75a3f') in 0.019520 seconds 
========================================================================
Received Import Request.
  Time since last request: 2.988245 seconds.
  path: Assets/Polygon-NewYork/Textures/clouds_01.png
  artifactKey: Guid(d7dd6288e4de8a44c89c301a851f2c6b) Importer(815301076,1909f56bfc062723c751e8b465ee728b)
Start importing Assets/Polygon-NewYork/Textures/clouds_01.png using Guid(d7dd6288e4de8a44c89c301a851f2c6b) Importer(815301076,1909f56bfc062723c751e8b465ee728b)  -> (artifact id: 'ae7081ab66f66e6b2e5fc180b85a6a62') in 0.023498 seconds 
========================================================================
Received Import Request.
  Time since last request: 0.000024 seconds.
  path: Assets/Polygon-NewYork/Textures/MainTexture_Brown_White.png
  artifactKey: Guid(4c354421f65973f419ad633b91ee3211) Importer(815301076,1909f56bfc062723c751e8b465ee728b)
Start importing Assets/Polygon-NewYork/Textures/MainTexture_Brown_White.png using Guid(4c354421f65973f419ad633b91ee3211) Importer(815301076,1909f56bfc062723c751e8b465ee728b)  -> (artifact id: 'f36cd66c255078997177ce829dd6b7c3') in 0.012785 seconds 
========================================================================
Received Import Request.
  Time since last request: 0.000029 seconds.
  path: Assets/Polygon-NewYork/Textures/MainTexture_Red_Green.png
  artifactKey: Guid(16756b68ad275f146a7cde42a8ae91c0) Importer(815301076,1909f56bfc062723c751e8b465ee728b)
Start importing Assets/Polygon-NewYork/Textures/MainTexture_Red_Green.png using Guid(16756b68ad275f146a7cde42a8ae91c0) Importer(815301076,1909f56bfc062723c751e8b465ee728b)  -> (artifact id: 'af44e1663fa3665374daf6b5270e2a52') in 0.014015 seconds 
========================================================================
Received Import Request.
  Time since last request: 0.000028 seconds.
  path: Assets/Polygon-NewYork/Textures/MainTexture_White_Red.png
  artifactKey: Guid(d24e8de30a4d68a4881f96eee4e06645) Importer(815301076,1909f56bfc062723c751e8b465ee728b)
Start importing Assets/Polygon-NewYork/Textures/MainTexture_White_Red.png using Guid(d24e8de30a4d68a4881f96eee4e06645) Importer(815301076,1909f56bfc062723c751e8b465ee728b)  -> (artifact id: '2630248d14daa5e43e48e642768c8d41') in 0.014148 seconds 
========================================================================
Received Import Request.
  Time since last request: 10.163268 seconds.
  path: Assets/Polygon-NewYork/Materials/black.mat
  artifactKey: Guid(9234054ce74b28d4781c9060624ccecb) Importer(815301076,1909f56bfc062723c751e8b465ee728b)
Start importing Assets/Polygon-NewYork/Materials/black.mat using Guid(9234054ce74b28d4781c9060624ccecb) Importer(815301076,1909f56bfc062723c751e8b465ee728b)  -> (artifact id: 'e8e028c1657ab2a8bf6bde3995a4a258') in 0.018679 seconds 
========================================================================
Received Import Request.
  Time since last request: 0.000022 seconds.
  path: Assets/Polygon-NewYork/Materials/Light_Window_Evening.mat
  artifactKey: Guid(ad49a1310e6233a44bbbf8c2c40f6735) Importer(815301076,1909f56bfc062723c751e8b465ee728b)
Start importing Assets/Polygon-NewYork/Materials/Light_Window_Evening.mat using Guid(ad49a1310e6233a44bbbf8c2c40f6735) Importer(815301076,1909f56bfc062723c751e8b465ee728b)  -> (artifact id: 'c0f27e8b9133a63d22b17039014210ce') in 0.012666 seconds 
========================================================================
Received Import Request.
  Time since last request: 0.000034 seconds.
  path: Assets/Polygon-NewYork/Materials/Reflection_NY.mat
  artifactKey: Guid(adc81e9412bcca14094b584b4fe05de9) Importer(815301076,1909f56bfc062723c751e8b465ee728b)
Start importing Assets/Polygon-NewYork/Materials/Reflection_NY.mat using Guid(adc81e9412bcca14094b584b4fe05de9) Importer(815301076,1909f56bfc062723c751e8b465ee728b)  -> (artifact id: '1e0737c3459e72435319ac285a7829e6') in 0.013748 seconds 
========================================================================
Received Import Request.
  Time since last request: 0.000033 seconds.
  path: Assets/Polygon-NewYork/Materials/MainTexture_Red_Green.mat
  artifactKey: Guid(af6c2c7f7388a3644851bdb5e4a45ee9) Importer(815301076,1909f56bfc062723c751e8b465ee728b)
Start importing Assets/Polygon-NewYork/Materials/MainTexture_Red_Green.mat using Guid(af6c2c7f7388a3644851bdb5e4a45ee9) Importer(815301076,1909f56bfc062723c751e8b465ee728b)  -> (artifact id: '9f543f0bae32c239d6111998c5fee25a') in 0.014797 seconds 
========================================================================
Received Import Request.
  Time since last request: 0.000020 seconds.
  path: Assets/Polygon-NewYork/Materials/GroundSmooth.mat
  artifactKey: Guid(6645fc19aa9b59946aa1a6aacb958c96) Importer(815301076,1909f56bfc062723c751e8b465ee728b)
Start importing Assets/Polygon-NewYork/Materials/GroundSmooth.mat using Guid(6645fc19aa9b59946aa1a6aacb958c96) Importer(815301076,1909f56bfc062723c751e8b465ee728b)  -> (artifact id: '53e7ba860a5703edfe3c614db01e43b7') in 0.021429 seconds 
========================================================================
Received Import Request.
  Time since last request: 0.000025 seconds.
  path: Assets/Polygon-NewYork/Materials/MainMaterial_DarkGray_White.mat
  artifactKey: Guid(53dfa5eef880bb146b743bc012b8c293) Importer(815301076,1909f56bfc062723c751e8b465ee728b)
Start importing Assets/Polygon-NewYork/Materials/MainMaterial_DarkGray_White.mat using Guid(53dfa5eef880bb146b743bc012b8c293) Importer(815301076,1909f56bfc062723c751e8b465ee728b)  -> (artifact id: 'e7b3ea93557380acb94db5d1f8d5a4e9') in 0.018914 seconds 
========================================================================
Received Import Request.
  Time since last request: 0.000034 seconds.
  path: Assets/Polygon-NewYork/Materials/Light.mat
  artifactKey: Guid(0b065e76beddcef4fa73336687fdb4b4) Importer(815301076,1909f56bfc062723c751e8b465ee728b)
Start importing Assets/Polygon-NewYork/Materials/Light.mat using Guid(0b065e76beddcef4fa73336687fdb4b4) Importer(815301076,1909f56bfc062723c751e8b465ee728b)  -> (artifact id: '47c11423edeab01e610d9e619fd576a3') in 0.013940 seconds 
========================================================================
Received Import Request.
  Time since last request: 0.000026 seconds.
  path: Assets/Polygon-NewYork/Materials/MainMaterial_Brown_DarkGray.mat
  artifactKey: Guid(7d06bcd344450284aaf08b050e713a34) Importer(815301076,1909f56bfc062723c751e8b465ee728b)
Start importing Assets/Polygon-NewYork/Materials/MainMaterial_Brown_DarkGray.mat using Guid(7d06bcd344450284aaf08b050e713a34) Importer(815301076,1909f56bfc062723c751e8b465ee728b)  -> (artifact id: 'af757b73abe979ec01fa15c18e0530a3') in 0.018395 seconds 
Editor requested this worker to shutdown with reason: Scaling down because of idle timeout
AssetImportWorker is now disconnected from the server
Process exiting
Exiting without the bug reporter. Application will terminate with return code 0