Using pre-set license
Built from '2022.1/staging' branch; Version is '2022.1.10f1 (9aa0f82c4f96) revision 10133752'; Using compiler version '192829333'; Build Type 'Release'
OS: 'Windows 11  (10.0.22000) 64bit Core' Language: 'en' Physical Memory: 16310 MB
BatchMode: 1, IsHumanControllingUs: 0, StartBugReporterOnCrash: 0, Is64bit: 1, IsPro: 1

COMMAND LINE ARGUMENTS:
C:\Program Files\Unity\Hub\Editor\2022.1.10f1\Editor\Unity.exe
-adb2
-batchMode
-noUpm
-name
AssetImportWorker5
-projectPath
C:/Users/zayfo/Documents/GitHub/PenguinBreakin/Penguin Break Out
-logFile
Logs/AssetImportWorker5.log
-srvPort
50805
Successfully changed project path to: C:/Users/zayfo/Documents/GitHub/PenguinBreakin/Penguin Break Out
C:/Users/zayfo/Documents/GitHub/PenguinBreakin/Penguin Break Out
[UnityMemory] Configuration Parameters - Can be set up in boot.config
    "memorysetup-bucket-allocator-granularity=16"
    "memorysetup-bucket-allocator-bucket-count=8"
    "memorysetup-bucket-allocator-block-size=33554432"
    "memorysetup-bucket-allocator-block-count=8"
    "memorysetup-main-allocator-block-size=16777216"
    "memorysetup-thread-allocator-block-size=16777216"
    "memorysetup-gfx-main-allocator-block-size=16777216"
    "memorysetup-gfx-thread-allocator-block-size=16777216"
    "memorysetup-cache-allocator-block-size=4194304"
    "memorysetup-typetree-allocator-block-size=2097152"
    "memorysetup-profiler-bucket-allocator-granularity=16"
    "memorysetup-profiler-bucket-allocator-bucket-count=8"
    "memorysetup-profiler-bucket-allocator-block-size=33554432"
    "memorysetup-profiler-bucket-allocator-block-count=8"
    "memorysetup-profiler-allocator-block-size=16777216"
    "memorysetup-profiler-editor-allocator-block-size=1048576"
    "memorysetup-temp-allocator-size-main=16777216"
    "memorysetup-job-temp-allocator-block-size=2097152"
    "memorysetup-job-temp-allocator-block-size-background=1048576"
    "memorysetup-job-temp-allocator-reduction-small-platforms=262144"
    "memorysetup-temp-allocator-size-background-worker=32768"
    "memorysetup-temp-allocator-size-job-worker=262144"
    "memorysetup-temp-allocator-size-preload-manager=33554432"
    "memorysetup-temp-allocator-size-nav-mesh-worker=65536"
    "memorysetup-temp-allocator-size-audio-worker=65536"
    "memorysetup-temp-allocator-size-cloud-worker=32768"
    "memorysetup-temp-allocator-size-gi-baking-worker=262144"
    "memorysetup-temp-allocator-size-gfx=262144"
Refreshing native plugins compatible for Editor in 144.78 ms, found 4 plugins.
Preloading 0 native plugins for Editor in 0.00 ms.
Initialize engine version: 2022.1.10f1 (9aa0f82c4f96)
[Subsystems] Discovering subsystems at path C:/Program Files/Unity/Hub/Editor/2022.1.10f1/Editor/Data/Resources/UnitySubsystems
[Subsystems] Discovering subsystems at path C:/Users/zayfo/Documents/GitHub/PenguinBreakin/Penguin Break Out/Assets
GfxDevice: creating device client; threaded=0; jobified=0
Direct3D:
    Version:  Direct3D 11.0 [level 11.1]
    Renderer: NVIDIA GeForce RTX 3060 Ti (ID=0x2489)
    Vendor:   NVIDIA
    VRAM:     8050 MB
    Driver:   31.0.15.1694
Initialize mono
Mono path[0] = 'C:/Program Files/Unity/Hub/Editor/2022.1.10f1/Editor/Data/Managed'
Mono path[1] = 'C:/Program Files/Unity/Hub/Editor/2022.1.10f1/Editor/Data/MonoBleedingEdge/lib/mono/unityjit-win32'
Mono config path = 'C:/Program Files/Unity/Hub/Editor/2022.1.10f1/Editor/Data/MonoBleedingEdge/etc'
Using monoOptions --debugger-agent=transport=dt_socket,embedding=1,server=y,suspend=n,address=127.0.0.1:56272
Begin MonoManager ReloadAssembly
Registering precompiled unity dll's ...
Register platform support module: C:/Program Files/Unity/Hub/Editor/2022.1.10f1/Editor/Data/PlaybackEngines/WindowsStandaloneSupport/UnityEditor.WindowsStandalone.Extensions.dll
Registered in 0.004314 seconds.
Native extension for WindowsStandalone target not found
Refreshing native plugins compatible for Editor in 104.73 ms, found 4 plugins.
Preloading 0 native plugins for Editor in 0.00 ms.
Mono: successfully reloaded assembly
- Completed reload, in  0.580 seconds
Domain Reload Profiling:
	ReloadAssembly (581ms)
		BeginReloadAssembly (63ms)
			ExecutionOrderSort (0ms)
			DisableScriptedObjects (0ms)
			BackupInstance (0ms)
			ReleaseScriptingObjects (0ms)
			CreateAndSetChildDomain (1ms)
		EndReloadAssembly (421ms)
			LoadAssemblies (60ms)
			RebuildTransferFunctionScriptingTraits (0ms)
			SetupTypeCache (94ms)
				TypeCache.Initialize (94ms)
					TypeCache.ScanAssembly (93ms)
				ResolveRequiredComponents (0ms)
			ReleaseScriptCaches (0ms)
			RebuildScriptCaches (22ms)
			SetupLoadedEditorAssemblies (260ms)
				LogAssemblyErrors (0ms)
				InitializePlatformSupportModulesInManaged (6ms)
				SetLoadedEditorAssemblies (5ms)
				RefreshPlugins (105ms)
				BeforeProcessingInitializeOnLoad (1ms)
				ProcessInitializeOnLoadAttributes (105ms)
				ProcessInitializeOnLoadMethodAttributes (38ms)
				AfterProcessingInitializeOnLoad (0ms)
				EditorAssembliesLoaded (0ms)
			ExecutionOrderSort2 (0ms)
			AwakeInstancesAfterBackupRestoration (0ms)
Platform modules already initialized, skipping
Registering precompiled user dll's ...
Registered in 0.008175 seconds.
Begin MonoManager ReloadAssembly
Native extension for WindowsStandalone target not found
Refreshing native plugins compatible for Editor in 110.43 ms, found 4 plugins.
Preloading 0 native plugins for Editor in 0.00 ms.
Mono: successfully reloaded assembly
- Completed reload, in  1.328 seconds
Domain Reload Profiling:
	ReloadAssembly (1329ms)
		BeginReloadAssembly (90ms)
			ExecutionOrderSort (0ms)
			DisableScriptedObjects (4ms)
			BackupInstance (0ms)
			ReleaseScriptingObjects (0ms)
			CreateAndSetChildDomain (16ms)
		EndReloadAssembly (1135ms)
			LoadAssemblies (67ms)
			RebuildTransferFunctionScriptingTraits (0ms)
			SetupTypeCache (261ms)
				TypeCache.Initialize (243ms)
					TypeCache.ScanAssembly (239ms)
				ResolveRequiredComponents (18ms)
			ReleaseScriptCaches (1ms)
			RebuildScriptCaches (97ms)
			SetupLoadedEditorAssemblies (647ms)
				LogAssemblyErrors (0ms)
				InitializePlatformSupportModulesInManaged (3ms)
				SetLoadedEditorAssemblies (5ms)
				RefreshPlugins (111ms)
				BeforeProcessingInitializeOnLoad (96ms)
				ProcessInitializeOnLoadAttributes (383ms)
				ProcessInitializeOnLoadMethodAttributes (44ms)
				AfterProcessingInitializeOnLoad (6ms)
				EditorAssembliesLoaded (0ms)
			ExecutionOrderSort2 (0ms)
			AwakeInstancesAfterBackupRestoration (7ms)
Platform modules already initialized, skipping
========================================================================
Worker process is ready to serve import requests
Launched and connected shader compiler UnityShaderCompiler.exe after 0.04 seconds
Refreshing native plugins compatible for Editor in 2.06 ms, found 4 plugins.
Preloading 0 native plugins for Editor in 0.00 ms.
Unloading 5412 Unused Serialized files (Serialized files now loaded: 0)
Unloading 82 unused Assets / (3.5 MB). Loaded Objects now: 5918.
Memory consumption went from 0.92 GB to 0.91 GB.
Total: 4.170800 ms (FindLiveObjects: 0.436600 ms CreateObjectMapping: 0.128600 ms MarkObjects: 3.019800 ms  DeleteObjects: 0.584900 ms)

AssetImportParameters requested are different than current active one (requested -> active):
  custom:video-decoder-ogg-theora: a1e56fd34408186e4bbccfd4996cb3dc -> 
  custom:container-muxer-webm: aa71ff27fc2769a1b78a27578f13a17b -> 
  custom:container-demuxer-webm: 4f35f7cbe854078d1ac9338744f61a02 -> 
  custom:video-encoder-webm-vp8: eb34c28f22e8b96e1ab97ce403110664 -> 
  custom:audio-encoder-webm-vorbis: bf7c407c2cedff20999df2af8eb42d56 -> 
  custom:framework-win-MediaFoundation: 216162199b28c13a410421893ffa2e32 -> 
  custom:container-demuxer-ogg: 62fdf1f143b41e24485cea50d1cbac27 -> 
  custom:video-decoder-webm-vp8: 9c59270c3fd7afecdb556c50c9e8de78 -> 
  custom:audio-decoder-ogg-vorbis: bf7c407c2cedff20999df2af8eb42d56 -> 
========================================================================
Received Import Request.
  Time since last request: 580901.854184 seconds.
  path: Assets/Polygon-City Megapolis/Prefab/Landscape/SM_tall_plant_04.prefab
  artifactKey: Guid(82df43086b9224b46873e544df509f92) Importer(815301076,1909f56bfc062723c751e8b465ee728b)
Start importing Assets/Polygon-City Megapolis/Prefab/Landscape/SM_tall_plant_04.prefab using Guid(82df43086b9224b46873e544df509f92) Importer(815301076,1909f56bfc062723c751e8b465ee728b)  -> (artifact id: '90ddd759b0d5bf0afb67bd8dfb9c4505') in 0.629982 seconds 
========================================================================
Received Import Request.
  Time since last request: 5.135890 seconds.
  path: Assets/Polygon-City Megapolis/Prefab/Roads/SM_road_039.prefab
  artifactKey: Guid(089fad99bda64aa48bff80a210234a6d) Importer(815301076,1909f56bfc062723c751e8b465ee728b)
Start importing Assets/Polygon-City Megapolis/Prefab/Roads/SM_road_039.prefab using Guid(089fad99bda64aa48bff80a210234a6d) Importer(815301076,1909f56bfc062723c751e8b465ee728b)  -> (artifact id: '8fb0e50e2749b3430689730827072fad') in 0.038562 seconds 
========================================================================
Received Import Request.
  Time since last request: 0.000029 seconds.
  path: Assets/Polygon-City Megapolis/Prefab/Roads/SM_road_057.prefab
  artifactKey: Guid(c7cb767857b356e49bd30c35c17a450c) Importer(815301076,1909f56bfc062723c751e8b465ee728b)
Start importing Assets/Polygon-City Megapolis/Prefab/Roads/SM_road_057.prefab using Guid(c7cb767857b356e49bd30c35c17a450c) Importer(815301076,1909f56bfc062723c751e8b465ee728b)  -> (artifact id: 'b7f9e75658599e42b6c4cc740f765a9d') in 0.044478 seconds 
========================================================================
Received Import Request.
  Time since last request: 0.000028 seconds.
  path: Assets/Polygon-City Megapolis/Prefab/Roads/SM_road_051.prefab
  artifactKey: Guid(8eb30ca4060850f4ca1aba1f7b1ac3ac) Importer(815301076,1909f56bfc062723c751e8b465ee728b)
Start importing Assets/Polygon-City Megapolis/Prefab/Roads/SM_road_051.prefab using Guid(8eb30ca4060850f4ca1aba1f7b1ac3ac) Importer(815301076,1909f56bfc062723c751e8b465ee728b)  -> (artifact id: 'e75494cc99a1646f0c9a0b2889e2f514') in 0.042491 seconds 
========================================================================
Received Import Request.
  Time since last request: 0.000023 seconds.
  path: Assets/Polygon-City Megapolis/Prefab/Roads/SM_road_049.prefab
  artifactKey: Guid(36cf376dde9e0a24aa706b8e513b6637) Importer(815301076,1909f56bfc062723c751e8b465ee728b)
Start importing Assets/Polygon-City Megapolis/Prefab/Roads/SM_road_049.prefab using Guid(36cf376dde9e0a24aa706b8e513b6637) Importer(815301076,1909f56bfc062723c751e8b465ee728b)  -> (artifact id: 'a36681112c51b0f3e69830203984f586') in 0.026672 seconds 
========================================================================
Received Import Request.
  Time since last request: 0.000037 seconds.
  path: Assets/Polygon-City Megapolis/Prefab/Roads/SM_road_047.prefab
  artifactKey: Guid(699a48ab0137e6049953e0f277a33596) Importer(815301076,1909f56bfc062723c751e8b465ee728b)
Start importing Assets/Polygon-City Megapolis/Prefab/Roads/SM_road_047.prefab using Guid(699a48ab0137e6049953e0f277a33596) Importer(815301076,1909f56bfc062723c751e8b465ee728b)  -> (artifact id: 'f3c6f2691e37653cc50c2d3bd4555106') in 0.047260 seconds 
========================================================================
Received Import Request.
  Time since last request: 0.000046 seconds.
  path: Assets/Polygon-City Megapolis/Prefab/Roads/SM_road_053.prefab
  artifactKey: Guid(e5d105387c03abd4293e827a2f6f4c53) Importer(815301076,1909f56bfc062723c751e8b465ee728b)
Start importing Assets/Polygon-City Megapolis/Prefab/Roads/SM_road_053.prefab using Guid(e5d105387c03abd4293e827a2f6f4c53) Importer(815301076,1909f56bfc062723c751e8b465ee728b)  -> (artifact id: 'b9158ed5a66065dc7bc934337da3b78a') in 0.052936 seconds 
========================================================================
Received Import Request.
  Time since last request: 0.000024 seconds.
  path: Assets/Polygon-City Megapolis/Prefab/Roads/SM_road_045.prefab
  artifactKey: Guid(68a031dde1d180541ba569d31cc57384) Importer(815301076,1909f56bfc062723c751e8b465ee728b)
Start importing Assets/Polygon-City Megapolis/Prefab/Roads/SM_road_045.prefab using Guid(68a031dde1d180541ba569d31cc57384) Importer(815301076,1909f56bfc062723c751e8b465ee728b)  -> (artifact id: '25921b7f533446b0472466c00009d328') in 0.015176 seconds 
========================================================================
Received Import Request.
  Time since last request: 2.559942 seconds.
  path: Assets/Polygon-City Megapolis/Prefab/Airport/SM_Light_03.prefab
  artifactKey: Guid(44f1babc48ba2a64683125261aaa5dbb) Importer(815301076,1909f56bfc062723c751e8b465ee728b)
Start importing Assets/Polygon-City Megapolis/Prefab/Airport/SM_Light_03.prefab using Guid(44f1babc48ba2a64683125261aaa5dbb) Importer(815301076,1909f56bfc062723c751e8b465ee728b)  -> (artifact id: '8468dc6a199331460b6fe856235452f3') in 0.020185 seconds 
========================================================================
Received Import Request.
  Time since last request: 0.000029 seconds.
  path: Assets/Polygon-City Megapolis/Prefab/Airport/SM_water_tower_01.prefab
  artifactKey: Guid(334a9968b32c5fb4cb64bf6c3360c3e6) Importer(815301076,1909f56bfc062723c751e8b465ee728b)
Start importing Assets/Polygon-City Megapolis/Prefab/Airport/SM_water_tower_01.prefab using Guid(334a9968b32c5fb4cb64bf6c3360c3e6) Importer(815301076,1909f56bfc062723c751e8b465ee728b)  -> (artifact id: '3ae804c9d581fabb05dd9deaaca12ef8') in 0.021108 seconds 
========================================================================
Received Import Request.
  Time since last request: 0.000039 seconds.
  path: Assets/Polygon-City Megapolis/Prefab/Airport/SM_runway_strip_04.prefab
  artifactKey: Guid(1bd58282036c9b944978e09225dfb407) Importer(815301076,1909f56bfc062723c751e8b465ee728b)
Start importing Assets/Polygon-City Megapolis/Prefab/Airport/SM_runway_strip_04.prefab using Guid(1bd58282036c9b944978e09225dfb407) Importer(815301076,1909f56bfc062723c751e8b465ee728b)  -> (artifact id: '2bcb1acaed4899e76e98c33248b83d89') in 0.018704 seconds 
========================================================================
Received Import Request.
  Time since last request: 0.000038 seconds.
  path: Assets/Polygon-City Megapolis/Prefab/Airport/SM_runway_strip_08.prefab
  artifactKey: Guid(d61555ec217f3b74998ea6c20fc53857) Importer(815301076,1909f56bfc062723c751e8b465ee728b)
Start importing Assets/Polygon-City Megapolis/Prefab/Airport/SM_runway_strip_08.prefab using Guid(d61555ec217f3b74998ea6c20fc53857) Importer(815301076,1909f56bfc062723c751e8b465ee728b)  -> (artifact id: 'c32963223869077dec817bca2166836a') in 0.019049 seconds 
========================================================================
Received Import Request.
  Time since last request: 0.000026 seconds.
  path: Assets/Polygon-City Megapolis/Prefab/Airport/SM_runway_strip_05.prefab
  artifactKey: Guid(15e1ca7c8f4f54b4a857b48572931bc3) Importer(815301076,1909f56bfc062723c751e8b465ee728b)
Start importing Assets/Polygon-City Megapolis/Prefab/Airport/SM_runway_strip_05.prefab using Guid(15e1ca7c8f4f54b4a857b48572931bc3) Importer(815301076,1909f56bfc062723c751e8b465ee728b)  -> (artifact id: '719aec5d535ce7cbc3b0aa83646663db') in 0.019621 seconds 
========================================================================
Received Import Request.
  Time since last request: 0.000037 seconds.
  path: Assets/Polygon-City Megapolis/Prefab/Airport/SM_runway_strip_10.prefab
  artifactKey: Guid(079c6be6f88c7dc4a8302d42c6f31cad) Importer(815301076,1909f56bfc062723c751e8b465ee728b)
Start importing Assets/Polygon-City Megapolis/Prefab/Airport/SM_runway_strip_10.prefab using Guid(079c6be6f88c7dc4a8302d42c6f31cad) Importer(815301076,1909f56bfc062723c751e8b465ee728b)  -> (artifact id: 'a169c97142574aa23c029f974b2509d4') in 0.017850 seconds 
========================================================================
Received Import Request.
  Time since last request: 0.000029 seconds.
  path: Assets/Polygon-City Megapolis/Prefab/Airport/SM_runway_strip_09.prefab
  artifactKey: Guid(98bbd719abe5ae1458c187393d9b0046) Importer(815301076,1909f56bfc062723c751e8b465ee728b)
Start importing Assets/Polygon-City Megapolis/Prefab/Airport/SM_runway_strip_09.prefab using Guid(98bbd719abe5ae1458c187393d9b0046) Importer(815301076,1909f56bfc062723c751e8b465ee728b)  -> (artifact id: '6e431510d2e598959176a332ec7af3d3') in 0.015550 seconds 
========================================================================
Received Import Request.
  Time since last request: 1.178997 seconds.
  path: Assets/Polygon-City Megapolis/Prefab/Buildings/SM_infrastructure_buildings_02.prefab
  artifactKey: Guid(a03d8e88526e6db43a50dc04c28b0e28) Importer(815301076,1909f56bfc062723c751e8b465ee728b)
Start importing Assets/Polygon-City Megapolis/Prefab/Buildings/SM_infrastructure_buildings_02.prefab using Guid(a03d8e88526e6db43a50dc04c28b0e28) Importer(815301076,1909f56bfc062723c751e8b465ee728b)  -> (artifact id: 'ef1a4aad549a1925ca767a71597e405c') in 8.622645 seconds 
========================================================================
Received Import Request.
  Time since last request: 31.637561 seconds.
  path: Assets/Polygon-City Megapolis/Prefab/CityProps/SM_climbing_wall_01.prefab
  artifactKey: Guid(05871fdfa1c1db448a1c76412569580a) Importer(815301076,1909f56bfc062723c751e8b465ee728b)
Start importing Assets/Polygon-City Megapolis/Prefab/CityProps/SM_climbing_wall_01.prefab using Guid(05871fdfa1c1db448a1c76412569580a) Importer(815301076,1909f56bfc062723c751e8b465ee728b)  -> (artifact id: 'b81ef36dca789d5ebf52078cbb997108') in 0.021163 seconds 
========================================================================
Received Import Request.
  Time since last request: 0.000026 seconds.
  path: Assets/Polygon-City Megapolis/Prefab/CityProps/SM_concrete_pipe_02.prefab
  artifactKey: Guid(04de9d199f85908459e6b570f053e9f5) Importer(815301076,1909f56bfc062723c751e8b465ee728b)
Start importing Assets/Polygon-City Megapolis/Prefab/CityProps/SM_concrete_pipe_02.prefab using Guid(04de9d199f85908459e6b570f053e9f5) Importer(815301076,1909f56bfc062723c751e8b465ee728b)  -> (artifact id: '01b1e58cf3903489e4d38bfca647a130') in 0.018158 seconds 
========================================================================
Received Import Request.
  Time since last request: 0.000031 seconds.
  path: Assets/Polygon-City Megapolis/Prefab/CityProps/SM_drinking_fountain.prefab
  artifactKey: Guid(0a85be27a25e9444baa86301cce5a27a) Importer(815301076,1909f56bfc062723c751e8b465ee728b)
Start importing Assets/Polygon-City Megapolis/Prefab/CityProps/SM_drinking_fountain.prefab using Guid(0a85be27a25e9444baa86301cce5a27a) Importer(815301076,1909f56bfc062723c751e8b465ee728b)  -> (artifact id: '463031fea91580d5ca2257de87ee5a12') in 0.018004 seconds 
========================================================================
Received Import Request.
  Time since last request: 0.000026 seconds.
  path: Assets/Polygon-City Megapolis/Prefab/CityProps/SM_concrete_pipe_01.prefab
  artifactKey: Guid(ccfa7f4736fc20141962d9dcefa420a1) Importer(815301076,1909f56bfc062723c751e8b465ee728b)
Start importing Assets/Polygon-City Megapolis/Prefab/CityProps/SM_concrete_pipe_01.prefab using Guid(ccfa7f4736fc20141962d9dcefa420a1) Importer(815301076,1909f56bfc062723c751e8b465ee728b)  -> (artifact id: 'dd9d4333b5ec280d8481f86b3623d149') in 0.027454 seconds 
========================================================================
Received Import Request.
  Time since last request: 0.000039 seconds.
  path: Assets/Polygon-City Megapolis/Prefab/CityProps/SM_concrete_pipe_03.prefab
  artifactKey: Guid(99bc590cac6b1a0428bcdfa9ad9180d4) Importer(815301076,1909f56bfc062723c751e8b465ee728b)
Start importing Assets/Polygon-City Megapolis/Prefab/CityProps/SM_concrete_pipe_03.prefab using Guid(99bc590cac6b1a0428bcdfa9ad9180d4) Importer(815301076,1909f56bfc062723c751e8b465ee728b)  -> (artifact id: '6a708ff8cd222f63f4108c12f9b11b8a') in 0.025821 seconds 
========================================================================
Received Import Request.
  Time since last request: 0.000023 seconds.
  path: Assets/Polygon-City Megapolis/Prefab/CityProps/SM_Ferris wheel_01.prefab
  artifactKey: Guid(9e0f37da59b6fc3409e50949ddc87425) Importer(815301076,1909f56bfc062723c751e8b465ee728b)
Start importing Assets/Polygon-City Megapolis/Prefab/CityProps/SM_Ferris wheel_01.prefab using Guid(9e0f37da59b6fc3409e50949ddc87425) Importer(815301076,1909f56bfc062723c751e8b465ee728b)  -> (artifact id: '74a9da61e792e1c6fbf6321ef5b3f0d2') in 0.030159 seconds 
========================================================================
Received Import Request.
  Time since last request: 0.000034 seconds.
  path: Assets/Polygon-City Megapolis/Prefab/CityProps/SM_construction toilet_01.prefab
  artifactKey: Guid(0e3f5fd6d9cd3fe4ca8aa2acc0e29b76) Importer(815301076,1909f56bfc062723c751e8b465ee728b)
Start importing Assets/Polygon-City Megapolis/Prefab/CityProps/SM_construction toilet_01.prefab using Guid(0e3f5fd6d9cd3fe4ca8aa2acc0e29b76) Importer(815301076,1909f56bfc062723c751e8b465ee728b)  -> (artifact id: '1a16739cf5388007088d08f7d67d7c02') in 0.030054 seconds 
========================================================================
Received Import Request.
  Time since last request: 0.776133 seconds.
  path: Assets/Polygon-City Megapolis/Prefab/CityProps/SM_flowerbed_06.prefab
  artifactKey: Guid(35f72d1cadfbd7749a8e8a32a14b7fb9) Importer(815301076,1909f56bfc062723c751e8b465ee728b)
Start importing Assets/Polygon-City Megapolis/Prefab/CityProps/SM_flowerbed_06.prefab using Guid(35f72d1cadfbd7749a8e8a32a14b7fb9) Importer(815301076,1909f56bfc062723c751e8b465ee728b)  -> (artifact id: 'a11124e26c7e2f7ad89312a69e3190e3') in 0.027693 seconds 
========================================================================
Received Import Request.
  Time since last request: 0.000024 seconds.
  path: Assets/Polygon-City Megapolis/Prefab/CityProps/SM_flowerbed_09.prefab
  artifactKey: Guid(52063d29d6e3d00459771133b67dd7ac) Importer(815301076,1909f56bfc062723c751e8b465ee728b)
Start importing Assets/Polygon-City Megapolis/Prefab/CityProps/SM_flowerbed_09.prefab using Guid(52063d29d6e3d00459771133b67dd7ac) Importer(815301076,1909f56bfc062723c751e8b465ee728b)  -> (artifact id: '672a48262f0e546c2e7be31e522ba857') in 0.018738 seconds 
========================================================================
Received Import Request.
  Time since last request: 0.660664 seconds.
  path: Assets/Polygon-City Megapolis/Prefab/CityProps/SM_hiking_trail_02.prefab
  artifactKey: Guid(9eaf56e335108b54caba848e70f1f8a9) Importer(815301076,1909f56bfc062723c751e8b465ee728b)
Start importing Assets/Polygon-City Megapolis/Prefab/CityProps/SM_hiking_trail_02.prefab using Guid(9eaf56e335108b54caba848e70f1f8a9) Importer(815301076,1909f56bfc062723c751e8b465ee728b)  -> (artifact id: '307ed78a13194eaec3d758f89729fb02') in 0.037696 seconds 
========================================================================
Received Import Request.
  Time since last request: 0.000027 seconds.
  path: Assets/Polygon-City Megapolis/Prefab/CityProps/SM_hiking_trail_04.prefab
  artifactKey: Guid(72ff5fe925a8d694c982d69a85d29240) Importer(815301076,1909f56bfc062723c751e8b465ee728b)
Start importing Assets/Polygon-City Megapolis/Prefab/CityProps/SM_hiking_trail_04.prefab using Guid(72ff5fe925a8d694c982d69a85d29240) Importer(815301076,1909f56bfc062723c751e8b465ee728b)  -> (artifact id: '420ccf60e2e239d08b5f01697fa099f2') in 0.019300 seconds 
========================================================================
Received Import Request.
  Time since last request: 0.025923 seconds.
  path: Assets/Polygon-City Megapolis/Prefab/CityProps/SM_hiking_trail_08.prefab
  artifactKey: Guid(1ad36048c369c684e84546a6423124f5) Importer(815301076,1909f56bfc062723c751e8b465ee728b)
Start importing Assets/Polygon-City Megapolis/Prefab/CityProps/SM_hiking_trail_08.prefab using Guid(1ad36048c369c684e84546a6423124f5) Importer(815301076,1909f56bfc062723c751e8b465ee728b)  -> (artifact id: '703fa5ba19ab4427deb4ee33b1e9cad0') in 0.016443 seconds 
========================================================================
Received Import Request.
  Time since last request: 0.000026 seconds.
  path: Assets/Polygon-City Megapolis/Prefab/CityProps/SM_hiking_trail_11.prefab
  artifactKey: Guid(bc674d97e0292164797c0fda4d14e5fc) Importer(815301076,1909f56bfc062723c751e8b465ee728b)
Start importing Assets/Polygon-City Megapolis/Prefab/CityProps/SM_hiking_trail_11.prefab using Guid(bc674d97e0292164797c0fda4d14e5fc) Importer(815301076,1909f56bfc062723c751e8b465ee728b)  -> (artifact id: '0a9caef370d7c2e941679d6f4cab7f0d') in 0.015791 seconds 
========================================================================
Received Import Request.
  Time since last request: 2.049028 seconds.
  path: Assets/Polygon-City Megapolis/Prefab/CityProps/SM_horizontal_bar_02.prefab
  artifactKey: Guid(939a150a27021224881876039c895ca7) Importer(815301076,1909f56bfc062723c751e8b465ee728b)
Start importing Assets/Polygon-City Megapolis/Prefab/CityProps/SM_horizontal_bar_02.prefab using Guid(939a150a27021224881876039c895ca7) Importer(815301076,1909f56bfc062723c751e8b465ee728b)  -> (artifact id: '0b17d10c57808b817c05ebb5003785ea') in 0.015629 seconds 
========================================================================
Received Import Request.
  Time since last request: 0.000026 seconds.
  path: Assets/Polygon-City Megapolis/Prefab/CityProps/SM_hose_01.prefab
  artifactKey: Guid(1f9f3d01b7c11bc4ab27a515dbed13da) Importer(815301076,1909f56bfc062723c751e8b465ee728b)
Start importing Assets/Polygon-City Megapolis/Prefab/CityProps/SM_hose_01.prefab using Guid(1f9f3d01b7c11bc4ab27a515dbed13da) Importer(815301076,1909f56bfc062723c751e8b465ee728b)  -> (artifact id: 'd79337d01df85e6d4633b2ccbc17c013') in 0.015755 seconds 
========================================================================
Received Import Request.
  Time since last request: 0.034424 seconds.
  path: Assets/Polygon-City Megapolis/Prefab/CityProps/SM_ladder_02.prefab
  artifactKey: Guid(3824bc68fd608e647b015bf2af80ce55) Importer(815301076,1909f56bfc062723c751e8b465ee728b)
Start importing Assets/Polygon-City Megapolis/Prefab/CityProps/SM_ladder_02.prefab using Guid(3824bc68fd608e647b015bf2af80ce55) Importer(815301076,1909f56bfc062723c751e8b465ee728b)  -> (artifact id: '657187e7763b5fcc51d9377377d87ae0') in 0.015829 seconds 
========================================================================
Received Import Request.
  Time since last request: 0.000026 seconds.
  path: Assets/Polygon-City Megapolis/Prefab/CityProps/SM_ladder_03.prefab
  artifactKey: Guid(eda12b99ec116904e9abca92ea7eefa7) Importer(815301076,1909f56bfc062723c751e8b465ee728b)
Start importing Assets/Polygon-City Megapolis/Prefab/CityProps/SM_ladder_03.prefab using Guid(eda12b99ec116904e9abca92ea7eefa7) Importer(815301076,1909f56bfc062723c751e8b465ee728b)  -> (artifact id: '4c06ab89d697007a08099020dc8321d0') in 0.014990 seconds 
========================================================================
Received Import Request.
  Time since last request: 0.000026 seconds.
  path: Assets/Polygon-City Megapolis/Prefab/CityProps/SM_lawn_03.prefab
  artifactKey: Guid(38e960a2c25d0b343bdf44e7b38669e7) Importer(815301076,1909f56bfc062723c751e8b465ee728b)
Start importing Assets/Polygon-City Megapolis/Prefab/CityProps/SM_lawn_03.prefab using Guid(38e960a2c25d0b343bdf44e7b38669e7) Importer(815301076,1909f56bfc062723c751e8b465ee728b)  -> (artifact id: '5e9b41883964e9ad0d6e5de140a459ec') in 0.016077 seconds 
========================================================================
Received Import Request.
  Time since last request: 0.000032 seconds.
  path: Assets/Polygon-City Megapolis/Prefab/CityProps/SM_lawn_02.prefab
  artifactKey: Guid(d5ce376bc4beaff4eb8ccaa7befbd52f) Importer(815301076,1909f56bfc062723c751e8b465ee728b)
Start importing Assets/Polygon-City Megapolis/Prefab/CityProps/SM_lawn_02.prefab using Guid(d5ce376bc4beaff4eb8ccaa7befbd52f) Importer(815301076,1909f56bfc062723c751e8b465ee728b)  -> (artifact id: 'b1b2ffca7235a74953ae1a2f5037d737') in 0.020285 seconds 
========================================================================
Received Import Request.
  Time since last request: 0.787411 seconds.
  path: Assets/Polygon-City Megapolis/Prefab/CityProps/SM_lawn_07.prefab
  artifactKey: Guid(b8e39571437a84a48a40503aa1be20da) Importer(815301076,1909f56bfc062723c751e8b465ee728b)
Start importing Assets/Polygon-City Megapolis/Prefab/CityProps/SM_lawn_07.prefab using Guid(b8e39571437a84a48a40503aa1be20da) Importer(815301076,1909f56bfc062723c751e8b465ee728b)  -> (artifact id: '94e6a9018c398f9932725006b0d12ce8') in 0.014378 seconds 
========================================================================
Received Import Request.
  Time since last request: 0.000026 seconds.
  path: Assets/Polygon-City Megapolis/Prefab/CityProps/SM_lawn_09.prefab
  artifactKey: Guid(0812ab56f31dbf94d836d7bb367ad5cf) Importer(815301076,1909f56bfc062723c751e8b465ee728b)
Start importing Assets/Polygon-City Megapolis/Prefab/CityProps/SM_lawn_09.prefab using Guid(0812ab56f31dbf94d836d7bb367ad5cf) Importer(815301076,1909f56bfc062723c751e8b465ee728b)  -> (artifact id: '313b9f9d411582ef7e44bc34cb03344b') in 0.015495 seconds 
========================================================================
Received Import Request.
  Time since last request: 0.410241 seconds.
  path: Assets/Polygon-City Megapolis/Prefab/CityProps/SM_object_for_crane_02.prefab
  artifactKey: Guid(00a367cb86e0f0146aa74f32419bd219) Importer(815301076,1909f56bfc062723c751e8b465ee728b)
Start importing Assets/Polygon-City Megapolis/Prefab/CityProps/SM_object_for_crane_02.prefab using Guid(00a367cb86e0f0146aa74f32419bd219) Importer(815301076,1909f56bfc062723c751e8b465ee728b)  -> (artifact id: 'eafb7a2e1cf62fb8a63a6a23bfd50499') in 0.015495 seconds 
========================================================================
Received Import Request.
  Time since last request: 0.000029 seconds.
  path: Assets/Polygon-City Megapolis/Prefab/CityProps/SM_pancake_for_barbell_02.prefab
  artifactKey: Guid(8e282067725f44147aa9a0ff8a94c944) Importer(815301076,1909f56bfc062723c751e8b465ee728b)
Start importing Assets/Polygon-City Megapolis/Prefab/CityProps/SM_pancake_for_barbell_02.prefab using Guid(8e282067725f44147aa9a0ff8a94c944) Importer(815301076,1909f56bfc062723c751e8b465ee728b)  -> (artifact id: 'b8cdc0ebb01b7e0c9366429b5189a9f6') in 0.017032 seconds 
========================================================================
Received Import Request.
  Time since last request: 4.542778 seconds.
  path: Assets/Polygon-City Megapolis/Prefab/CityProps/SM_picnic_basket_01.prefab
  artifactKey: Guid(fcac6e4996bfdfc44a5e88c220993992) Importer(815301076,1909f56bfc062723c751e8b465ee728b)
Start importing Assets/Polygon-City Megapolis/Prefab/CityProps/SM_picnic_basket_01.prefab using Guid(fcac6e4996bfdfc44a5e88c220993992) Importer(815301076,1909f56bfc062723c751e8b465ee728b)  -> (artifact id: '27739fc909e6f8906ebffa69791974f2') in 0.032701 seconds 
========================================================================
Received Import Request.
  Time since last request: 0.000030 seconds.
  path: Assets/Polygon-City Megapolis/Prefab/CityProps/SM_pillar_01.prefab
  artifactKey: Guid(0bd80bf6be808cd44bdfa6c8007e8599) Importer(815301076,1909f56bfc062723c751e8b465ee728b)
Start importing Assets/Polygon-City Megapolis/Prefab/CityProps/SM_pillar_01.prefab using Guid(0bd80bf6be808cd44bdfa6c8007e8599) Importer(815301076,1909f56bfc062723c751e8b465ee728b)  -> (artifact id: '574cf4d872e7f10ff6bc8ffd40e2494b') in 0.078148 seconds 
========================================================================
Received Import Request.
  Time since last request: 0.000036 seconds.
  path: Assets/Polygon-City Megapolis/Prefab/CityProps/SM_pier_01.prefab
  artifactKey: Guid(e0e4e783e330a5b468844e8070ba87fd) Importer(815301076,1909f56bfc062723c751e8b465ee728b)
Start importing Assets/Polygon-City Megapolis/Prefab/CityProps/SM_pier_01.prefab using Guid(e0e4e783e330a5b468844e8070ba87fd) Importer(815301076,1909f56bfc062723c751e8b465ee728b)  -> (artifact id: 'c6f42e44155a0f7fa46a87771f2d69c3') in 0.045511 seconds 
========================================================================
Received Import Request.
  Time since last request: 0.000035 seconds.
  path: Assets/Polygon-City Megapolis/Prefab/CityProps/SM_Pillar_01_A.prefab
  artifactKey: Guid(24e4fa06c13085a4bb6256ddd54bc1f0) Importer(815301076,1909f56bfc062723c751e8b465ee728b)
Start importing Assets/Polygon-City Megapolis/Prefab/CityProps/SM_Pillar_01_A.prefab using Guid(24e4fa06c13085a4bb6256ddd54bc1f0) Importer(815301076,1909f56bfc062723c751e8b465ee728b)  -> (artifact id: '5f1676c8a2ec6afdb5c49abd8c8276da') in 0.015404 seconds 
Editor requested this worker to shutdown with reason: Scaling down because of idle timeout
AssetImportWorker is now disconnected from the server
Process exiting
Exiting without the bug reporter. Application will terminate with return code 0