Using pre-set license
Built from '2022.1/staging' branch; Version is '2022.1.10f1 (9aa0f82c4f96) revision 10133752'; Using compiler version '192829333'; Build Type 'Release'
OS: 'Windows 11  (10.0.22000) 64bit Core' Language: 'en' Physical Memory: 16310 MB
BatchMode: 1, IsHumanControllingUs: 0, StartBugReporterOnCrash: 0, Is64bit: 1, IsPro: 1

COMMAND LINE ARGUMENTS:
C:\Program Files\Unity\Hub\Editor\2022.1.10f1\Editor\Unity.exe
-adb2
-batchMode
-noUpm
-name
AssetImportWorker10
-projectPath
C:/Users/zayfo/Documents/GitHub/PenguinBreakin/Penguin Break Out
-logFile
Logs/AssetImportWorker10.log
-srvPort
50805
Successfully changed project path to: C:/Users/zayfo/Documents/GitHub/PenguinBreakin/Penguin Break Out
C:/Users/zayfo/Documents/GitHub/PenguinBreakin/Penguin Break Out
[UnityMemory] Configuration Parameters - Can be set up in boot.config
    "memorysetup-bucket-allocator-granularity=16"
    "memorysetup-bucket-allocator-bucket-count=8"
    "memorysetup-bucket-allocator-block-size=33554432"
    "memorysetup-bucket-allocator-block-count=8"
    "memorysetup-main-allocator-block-size=16777216"
    "memorysetup-thread-allocator-block-size=16777216"
    "memorysetup-gfx-main-allocator-block-size=16777216"
    "memorysetup-gfx-thread-allocator-block-size=16777216"
    "memorysetup-cache-allocator-block-size=4194304"
    "memorysetup-typetree-allocator-block-size=2097152"
    "memorysetup-profiler-bucket-allocator-granularity=16"
    "memorysetup-profiler-bucket-allocator-bucket-count=8"
    "memorysetup-profiler-bucket-allocator-block-size=33554432"
    "memorysetup-profiler-bucket-allocator-block-count=8"
    "memorysetup-profiler-allocator-block-size=16777216"
    "memorysetup-profiler-editor-allocator-block-size=1048576"
    "memorysetup-temp-allocator-size-main=16777216"
    "memorysetup-job-temp-allocator-block-size=2097152"
    "memorysetup-job-temp-allocator-block-size-background=1048576"
    "memorysetup-job-temp-allocator-reduction-small-platforms=262144"
    "memorysetup-temp-allocator-size-background-worker=32768"
    "memorysetup-temp-allocator-size-job-worker=262144"
    "memorysetup-temp-allocator-size-preload-manager=33554432"
    "memorysetup-temp-allocator-size-nav-mesh-worker=65536"
    "memorysetup-temp-allocator-size-audio-worker=65536"
    "memorysetup-temp-allocator-size-cloud-worker=32768"
    "memorysetup-temp-allocator-size-gi-baking-worker=262144"
    "memorysetup-temp-allocator-size-gfx=262144"
Refreshing native plugins compatible for Editor in 141.32 ms, found 4 plugins.
Preloading 0 native plugins for Editor in 0.00 ms.
Initialize engine version: 2022.1.10f1 (9aa0f82c4f96)
[Subsystems] Discovering subsystems at path C:/Program Files/Unity/Hub/Editor/2022.1.10f1/Editor/Data/Resources/UnitySubsystems
[Subsystems] Discovering subsystems at path C:/Users/zayfo/Documents/GitHub/PenguinBreakin/Penguin Break Out/Assets
GfxDevice: creating device client; threaded=0; jobified=0
Direct3D:
    Version:  Direct3D 11.0 [level 11.1]
    Renderer: NVIDIA GeForce RTX 3060 Ti (ID=0x2489)
    Vendor:   NVIDIA
    VRAM:     8050 MB
    Driver:   31.0.15.1694
Initialize mono
Mono path[0] = 'C:/Program Files/Unity/Hub/Editor/2022.1.10f1/Editor/Data/Managed'
Mono path[1] = 'C:/Program Files/Unity/Hub/Editor/2022.1.10f1/Editor/Data/MonoBleedingEdge/lib/mono/unityjit-win32'
Mono config path = 'C:/Program Files/Unity/Hub/Editor/2022.1.10f1/Editor/Data/MonoBleedingEdge/etc'
Using monoOptions --debugger-agent=transport=dt_socket,embedding=1,server=y,suspend=n,address=127.0.0.1:56764
Begin MonoManager ReloadAssembly
Registering precompiled unity dll's ...
Register platform support module: C:/Program Files/Unity/Hub/Editor/2022.1.10f1/Editor/Data/PlaybackEngines/WindowsStandaloneSupport/UnityEditor.WindowsStandalone.Extensions.dll
Registered in 0.004378 seconds.
Native extension for WindowsStandalone target not found
Refreshing native plugins compatible for Editor in 104.51 ms, found 4 plugins.
Preloading 0 native plugins for Editor in 0.00 ms.
Mono: successfully reloaded assembly
- Completed reload, in  0.558 seconds
Domain Reload Profiling:
	ReloadAssembly (558ms)
		BeginReloadAssembly (54ms)
			ExecutionOrderSort (0ms)
			DisableScriptedObjects (0ms)
			BackupInstance (0ms)
			ReleaseScriptingObjects (0ms)
			CreateAndSetChildDomain (1ms)
		EndReloadAssembly (414ms)
			LoadAssemblies (52ms)
			RebuildTransferFunctionScriptingTraits (0ms)
			SetupTypeCache (93ms)
				TypeCache.Initialize (93ms)
					TypeCache.ScanAssembly (92ms)
				ResolveRequiredComponents (0ms)
			ReleaseScriptCaches (0ms)
			RebuildScriptCaches (22ms)
			SetupLoadedEditorAssemblies (255ms)
				LogAssemblyErrors (0ms)
				InitializePlatformSupportModulesInManaged (6ms)
				SetLoadedEditorAssemblies (5ms)
				RefreshPlugins (105ms)
				BeforeProcessingInitializeOnLoad (1ms)
				ProcessInitializeOnLoadAttributes (102ms)
				ProcessInitializeOnLoadMethodAttributes (37ms)
				AfterProcessingInitializeOnLoad (0ms)
				EditorAssembliesLoaded (0ms)
			ExecutionOrderSort2 (0ms)
			AwakeInstancesAfterBackupRestoration (0ms)
Platform modules already initialized, skipping
Registering precompiled user dll's ...
Registered in 0.007964 seconds.
Begin MonoManager ReloadAssembly
Native extension for WindowsStandalone target not found
Refreshing native plugins compatible for Editor in 108.36 ms, found 4 plugins.
Preloading 0 native plugins for Editor in 0.00 ms.
Mono: successfully reloaded assembly
- Completed reload, in  1.312 seconds
Domain Reload Profiling:
	ReloadAssembly (1313ms)
		BeginReloadAssembly (95ms)
			ExecutionOrderSort (0ms)
			DisableScriptedObjects (4ms)
			BackupInstance (0ms)
			ReleaseScriptingObjects (0ms)
			CreateAndSetChildDomain (15ms)
		EndReloadAssembly (1084ms)
			LoadAssemblies (81ms)
			RebuildTransferFunctionScriptingTraits (0ms)
			SetupTypeCache (261ms)
				TypeCache.Initialize (249ms)
					TypeCache.ScanAssembly (246ms)
				ResolveRequiredComponents (11ms)
			ReleaseScriptCaches (1ms)
			RebuildScriptCaches (77ms)
			SetupLoadedEditorAssemblies (617ms)
				LogAssemblyErrors (0ms)
				InitializePlatformSupportModulesInManaged (3ms)
				SetLoadedEditorAssemblies (5ms)
				RefreshPlugins (108ms)
				BeforeProcessingInitializeOnLoad (88ms)
				ProcessInitializeOnLoadAttributes (347ms)
				ProcessInitializeOnLoadMethodAttributes (59ms)
				AfterProcessingInitializeOnLoad (6ms)
				EditorAssembliesLoaded (0ms)
			ExecutionOrderSort2 (0ms)
			AwakeInstancesAfterBackupRestoration (10ms)
Platform modules already initialized, skipping
========================================================================
Worker process is ready to serve import requests
Launched and connected shader compiler UnityShaderCompiler.exe after 0.05 seconds
Refreshing native plugins compatible for Editor in 1.31 ms, found 4 plugins.
Preloading 0 native plugins for Editor in 0.00 ms.
Unloading 5412 Unused Serialized files (Serialized files now loaded: 0)
Unloading 82 unused Assets / (3.5 MB). Loaded Objects now: 5918.
Memory consumption went from 0.92 GB to 0.91 GB.
Total: 4.215000 ms (FindLiveObjects: 0.483600 ms CreateObjectMapping: 0.198600 ms MarkObjects: 2.896700 ms  DeleteObjects: 0.635100 ms)

AssetImportParameters requested are different than current active one (requested -> active):
  custom:video-decoder-ogg-theora: a1e56fd34408186e4bbccfd4996cb3dc -> 
  custom:container-muxer-webm: aa71ff27fc2769a1b78a27578f13a17b -> 
  custom:container-demuxer-webm: 4f35f7cbe854078d1ac9338744f61a02 -> 
  custom:video-encoder-webm-vp8: eb34c28f22e8b96e1ab97ce403110664 -> 
  custom:audio-encoder-webm-vorbis: bf7c407c2cedff20999df2af8eb42d56 -> 
  custom:framework-win-MediaFoundation: 216162199b28c13a410421893ffa2e32 -> 
  custom:container-demuxer-ogg: 62fdf1f143b41e24485cea50d1cbac27 -> 
  custom:video-decoder-webm-vp8: 9c59270c3fd7afecdb556c50c9e8de78 -> 
  custom:audio-decoder-ogg-vorbis: bf7c407c2cedff20999df2af8eb42d56 -> 
========================================================================
Received Import Request.
  Time since last request: 586725.268535 seconds.
  path: Assets/Polygon-City Megapolis/Prefab/Text/SM_Large_B.prefab
  artifactKey: Guid(207d38d658b846749b5e09b2e71e5ff1) Importer(815301076,1909f56bfc062723c751e8b465ee728b)
Start importing Assets/Polygon-City Megapolis/Prefab/Text/SM_Large_B.prefab using Guid(207d38d658b846749b5e09b2e71e5ff1) Importer(815301076,1909f56bfc062723c751e8b465ee728b)  -> (artifact id: '4bb385b49ab4bb37575d8bae48e86b9c') in 0.706325 seconds 
========================================================================
Received Import Request.
  Time since last request: 1.712522 seconds.
  path: Assets/Polygon-City Megapolis/Prefab/Text/SM_Num_6.prefab
  artifactKey: Guid(3bfb0adf36c634948b7dcde1d47da2e4) Importer(815301076,1909f56bfc062723c751e8b465ee728b)
Start importing Assets/Polygon-City Megapolis/Prefab/Text/SM_Num_6.prefab using Guid(3bfb0adf36c634948b7dcde1d47da2e4) Importer(815301076,1909f56bfc062723c751e8b465ee728b)  -> (artifact id: 'cba9f50b06a4a22959e108338879befd') in 0.022132 seconds 
========================================================================
Received Import Request.
  Time since last request: 0.000028 seconds.
  path: Assets/Polygon-City Megapolis/Prefab/Text/SM_Small_0.prefab
  artifactKey: Guid(4fa98c1403861464980c5b2abff087b1) Importer(815301076,1909f56bfc062723c751e8b465ee728b)
Start importing Assets/Polygon-City Megapolis/Prefab/Text/SM_Small_0.prefab using Guid(4fa98c1403861464980c5b2abff087b1) Importer(815301076,1909f56bfc062723c751e8b465ee728b)  -> (artifact id: '4ea788513dfdbb0b2d617f2d71470b3d') in 0.024016 seconds 
========================================================================
Received Import Request.
  Time since last request: 0.000037 seconds.
  path: Assets/Polygon-City Megapolis/Prefab/Text/SM_Small_b.prefab
  artifactKey: Guid(f09bf12b16c0f364498e963521b84edf) Importer(815301076,1909f56bfc062723c751e8b465ee728b)
Start importing Assets/Polygon-City Megapolis/Prefab/Text/SM_Small_b.prefab using Guid(f09bf12b16c0f364498e963521b84edf) Importer(815301076,1909f56bfc062723c751e8b465ee728b)  -> (artifact id: '9fb608c4a8ee648720a6cef13b1397bd') in 0.022634 seconds 
========================================================================
Received Import Request.
  Time since last request: 0.000041 seconds.
  path: Assets/Polygon-City Megapolis/Prefab/Text/SM_Small_f.prefab
  artifactKey: Guid(d0dbe2e2bf5ec0345a0ea5a7ec08d217) Importer(815301076,1909f56bfc062723c751e8b465ee728b)
Start importing Assets/Polygon-City Megapolis/Prefab/Text/SM_Small_f.prefab using Guid(d0dbe2e2bf5ec0345a0ea5a7ec08d217) Importer(815301076,1909f56bfc062723c751e8b465ee728b)  -> (artifact id: '2c5f82d338cbf59c826bf16daa154f95') in 0.019331 seconds 
========================================================================
Received Import Request.
  Time since last request: 0.671957 seconds.
  path: Assets/Polygon-City Megapolis/Prefab/Text/SM_Small_h.prefab
  artifactKey: Guid(e6512f9b2db83204aa6c5c96c50a9dc2) Importer(815301076,1909f56bfc062723c751e8b465ee728b)
Start importing Assets/Polygon-City Megapolis/Prefab/Text/SM_Small_h.prefab using Guid(e6512f9b2db83204aa6c5c96c50a9dc2) Importer(815301076,1909f56bfc062723c751e8b465ee728b)  -> (artifact id: 'e8e281880aab9a196f7043a769c9caa7') in 0.019807 seconds 
========================================================================
Received Import Request.
  Time since last request: 0.000024 seconds.
  path: Assets/Polygon-City Megapolis/Prefab/Text/SM_Small_l.prefab
  artifactKey: Guid(8f43577418b05e647a69d2941dfc15bf) Importer(815301076,1909f56bfc062723c751e8b465ee728b)
Start importing Assets/Polygon-City Megapolis/Prefab/Text/SM_Small_l.prefab using Guid(8f43577418b05e647a69d2941dfc15bf) Importer(815301076,1909f56bfc062723c751e8b465ee728b)  -> (artifact id: '02fc2a7706d7a7f9f48659a438ae7a68') in 0.020453 seconds 
========================================================================
Received Import Request.
  Time since last request: 0.000025 seconds.
  path: Assets/Polygon-City Megapolis/Prefab/Text/SM_Small_m.prefab
  artifactKey: Guid(de55acee092550c4e802c7226e227048) Importer(815301076,1909f56bfc062723c751e8b465ee728b)
Start importing Assets/Polygon-City Megapolis/Prefab/Text/SM_Small_m.prefab using Guid(de55acee092550c4e802c7226e227048) Importer(815301076,1909f56bfc062723c751e8b465ee728b)  -> (artifact id: 'ff991ef0a79f780fc2da6cf6106e2ed0') in 0.020017 seconds 
========================================================================
Received Import Request.
  Time since last request: 0.000034 seconds.
  path: Assets/Polygon-City Megapolis/Prefab/Text/SM_Small_p.prefab
  artifactKey: Guid(5a72ab3785b60044ca6e98bb2651fcef) Importer(815301076,1909f56bfc062723c751e8b465ee728b)
Start importing Assets/Polygon-City Megapolis/Prefab/Text/SM_Small_p.prefab using Guid(5a72ab3785b60044ca6e98bb2651fcef) Importer(815301076,1909f56bfc062723c751e8b465ee728b)  -> (artifact id: '2131469ced18391ed24a71aa8840c5ae') in 0.019658 seconds 
========================================================================
Received Import Request.
  Time since last request: 0.439529 seconds.
  path: Assets/Polygon-City Megapolis/Prefab/Text/SM_Small_u.prefab
  artifactKey: Guid(3d7520142b540f74d9f56adef3b0aafc) Importer(815301076,1909f56bfc062723c751e8b465ee728b)
Start importing Assets/Polygon-City Megapolis/Prefab/Text/SM_Small_u.prefab using Guid(3d7520142b540f74d9f56adef3b0aafc) Importer(815301076,1909f56bfc062723c751e8b465ee728b)  -> (artifact id: 'ec54a6b45470d63dc357e3de089969df') in 0.021555 seconds 
========================================================================
Received Import Request.
  Time since last request: 0.000027 seconds.
  path: Assets/Polygon-City Megapolis/Prefab/Text/SM_Small_x.prefab
  artifactKey: Guid(896f84831c755d542ad0eda1c9e263b8) Importer(815301076,1909f56bfc062723c751e8b465ee728b)
Start importing Assets/Polygon-City Megapolis/Prefab/Text/SM_Small_x.prefab using Guid(896f84831c755d542ad0eda1c9e263b8) Importer(815301076,1909f56bfc062723c751e8b465ee728b)  -> (artifact id: '9b3692416931f6f7435cc287bf098128') in 0.028150 seconds 
========================================================================
Received Import Request.
  Time since last request: 0.000032 seconds.
  path: Assets/Polygon-City Megapolis/Prefab/Text/SM_Small_y.prefab
  artifactKey: Guid(aafb8cca6d16f7f45a41deb58e774b11) Importer(815301076,1909f56bfc062723c751e8b465ee728b)
Start importing Assets/Polygon-City Megapolis/Prefab/Text/SM_Small_y.prefab using Guid(aafb8cca6d16f7f45a41deb58e774b11) Importer(815301076,1909f56bfc062723c751e8b465ee728b)  -> (artifact id: '01fc3fd272d187d3681cdc6824b547f2') in 0.015101 seconds 
========================================================================
Received Import Request.
  Time since last request: 1.432834 seconds.
  path: Assets/Polygon-City Megapolis/Prefab/Vehicles/SM_Car_01.prefab
  artifactKey: Guid(cd2a58c58ab00764191d8ea3ecba9888) Importer(815301076,1909f56bfc062723c751e8b465ee728b)
Start importing Assets/Polygon-City Megapolis/Prefab/Vehicles/SM_Car_01.prefab using Guid(cd2a58c58ab00764191d8ea3ecba9888) Importer(815301076,1909f56bfc062723c751e8b465ee728b)  -> (artifact id: 'c419b61a78a587534dfb08a2cb49c2ca') in 0.041776 seconds 
========================================================================
Received Import Request.
  Time since last request: 0.000043 seconds.
  path: Assets/Polygon-City Megapolis/Prefab/Vehicles/SM_Midl_Car_02.prefab
  artifactKey: Guid(bfaea9c4e1ac8664794fbb055784d719) Importer(815301076,1909f56bfc062723c751e8b465ee728b)
Start importing Assets/Polygon-City Megapolis/Prefab/Vehicles/SM_Midl_Car_02.prefab using Guid(bfaea9c4e1ac8664794fbb055784d719) Importer(815301076,1909f56bfc062723c751e8b465ee728b)  -> (artifact id: '447b008003f319c6a9bf794df5ba5334') in 0.081376 seconds 
========================================================================
Received Import Request.
  Time since last request: 0.000030 seconds.
  path: Assets/Polygon-City Megapolis/Prefab/Vehicles/SM_Premium_Car_01.prefab
  artifactKey: Guid(ca361e4d337f60a4a8e687972b86e08a) Importer(815301076,1909f56bfc062723c751e8b465ee728b)
Start importing Assets/Polygon-City Megapolis/Prefab/Vehicles/SM_Premium_Car_01.prefab using Guid(ca361e4d337f60a4a8e687972b86e08a) Importer(815301076,1909f56bfc062723c751e8b465ee728b)  -> (artifact id: '7e9f24152dfced3da42793b22476489c') in 0.048410 seconds 
========================================================================
Received Import Request.
  Time since last request: 2.261731 seconds.
  path: Assets/Polygon-City Megapolis/Models/Airport/SM_airport_building_01.fbx
  artifactKey: Guid(27f144c027f6f0444aca21ec8363a9ce) Importer(815301076,1909f56bfc062723c751e8b465ee728b)
Start importing Assets/Polygon-City Megapolis/Models/Airport/SM_airport_building_01.fbx using Guid(27f144c027f6f0444aca21ec8363a9ce) Importer(815301076,1909f56bfc062723c751e8b465ee728b)  -> (artifact id: '61aeba47ac0fd16f6f996e1ee0bd7296') in 0.059663 seconds 
========================================================================
Received Import Request.
  Time since last request: 0.000039 seconds.
  path: Assets/Polygon-City Megapolis/Models/Airport/SM_airport_bus_01.fbx
  artifactKey: Guid(c4dab1b49fbb78f4681253b4bca7f030) Importer(815301076,1909f56bfc062723c751e8b465ee728b)
Start importing Assets/Polygon-City Megapolis/Models/Airport/SM_airport_bus_01.fbx using Guid(c4dab1b49fbb78f4681253b4bca7f030) Importer(815301076,1909f56bfc062723c751e8b465ee728b)  -> (artifact id: '4ad43350dee2280988ff1fbe5a276799') in 0.214835 seconds 
========================================================================
Received Import Request.
  Time since last request: 0.000040 seconds.
  path: Assets/Polygon-City Megapolis/Models/Airport/SM_hangar_01.fbx
  artifactKey: Guid(ac29a78876daf5a4db023c5653b73c45) Importer(815301076,1909f56bfc062723c751e8b465ee728b)
Start importing Assets/Polygon-City Megapolis/Models/Airport/SM_hangar_01.fbx using Guid(ac29a78876daf5a4db023c5653b73c45) Importer(815301076,1909f56bfc062723c751e8b465ee728b)  -> (artifact id: '6379e7bedc1e21ea8c9bd68476d0e805') in 0.029474 seconds 
========================================================================
Received Import Request.
  Time since last request: 0.000054 seconds.
  path: Assets/Polygon-City Megapolis/Models/Airport/SM_biplane_01.fbx
  artifactKey: Guid(483b95680936ce54aa6f9d091969cafc) Importer(815301076,1909f56bfc062723c751e8b465ee728b)
Start importing Assets/Polygon-City Megapolis/Models/Airport/SM_biplane_01.fbx using Guid(483b95680936ce54aa6f9d091969cafc) Importer(815301076,1909f56bfc062723c751e8b465ee728b)  -> (artifact id: 'dedbcea1af5d2c5331c8ccf2abce8ae5') in 0.049450 seconds 
========================================================================
Received Import Request.
  Time since last request: 0.000030 seconds.
  path: Assets/Polygon-City Megapolis/Models/Airport/SM_runway_strip_11.fbx
  artifactKey: Guid(1b0979d825339dc4cbcb8f45c9e639c9) Importer(815301076,1909f56bfc062723c751e8b465ee728b)
Start importing Assets/Polygon-City Megapolis/Models/Airport/SM_runway_strip_11.fbx using Guid(1b0979d825339dc4cbcb8f45c9e639c9) Importer(815301076,1909f56bfc062723c751e8b465ee728b)  -> (artifact id: '5a52336727b05073c723189eec591c3a') in 0.020198 seconds 
========================================================================
Received Import Request.
  Time since last request: 0.000027 seconds.
  path: Assets/Polygon-City Megapolis/Models/Airport/SM_helicopter_01.fbx
  artifactKey: Guid(7f671912fd1d5784cbd71017e3757f21) Importer(815301076,1909f56bfc062723c751e8b465ee728b)
Start importing Assets/Polygon-City Megapolis/Models/Airport/SM_helicopter_01.fbx using Guid(7f671912fd1d5784cbd71017e3757f21) Importer(815301076,1909f56bfc062723c751e8b465ee728b)  -> (artifact id: '0aaddc18d0b1ed1bf41728ff08652ad0') in 0.049647 seconds 
========================================================================
Received Import Request.
  Time since last request: 0.000037 seconds.
  path: Assets/Polygon-City Megapolis/Models/Airport/SM_runway_strip_06.fbx
  artifactKey: Guid(e65a056375ba72542b7030669c0eecbb) Importer(815301076,1909f56bfc062723c751e8b465ee728b)
Start importing Assets/Polygon-City Megapolis/Models/Airport/SM_runway_strip_06.fbx using Guid(e65a056375ba72542b7030669c0eecbb) Importer(815301076,1909f56bfc062723c751e8b465ee728b)  -> (artifact id: '9f9cc85de9ee9547d4a66a3885cb2569') in 0.019312 seconds 
========================================================================
Received Import Request.
  Time since last request: 0.000032 seconds.
  path: Assets/Polygon-City Megapolis/Models/Airport/SM_runway_strip_gravel_01.fbx
  artifactKey: Guid(d198fc6a6ce9b2f42b7c32159d73add5) Importer(815301076,1909f56bfc062723c751e8b465ee728b)
Start importing Assets/Polygon-City Megapolis/Models/Airport/SM_runway_strip_gravel_01.fbx using Guid(d198fc6a6ce9b2f42b7c32159d73add5) Importer(815301076,1909f56bfc062723c751e8b465ee728b)  -> (artifact id: '163993e76fac1943bca27085e63b067f') in 0.020976 seconds 
========================================================================
Received Import Request.
  Time since last request: 0.000036 seconds.
  path: Assets/Polygon-City Megapolis/Models/Airport/SM_plaques_01.fbx
  artifactKey: Guid(580939e3443fc5a498173b261357399a) Importer(815301076,1909f56bfc062723c751e8b465ee728b)
Start importing Assets/Polygon-City Megapolis/Models/Airport/SM_plaques_01.fbx using Guid(580939e3443fc5a498173b261357399a) Importer(815301076,1909f56bfc062723c751e8b465ee728b)  -> (artifact id: 'fa5df66fd2ee6bd0dac7fa84174d260f') in 0.020587 seconds 
========================================================================
Received Import Request.
  Time since last request: 28.661101 seconds.
  path: Assets/Polygon-City Megapolis/Prefab/Roads/SM_brige_01.prefab
  artifactKey: Guid(54dfde349970c9341a013341c94895d6) Importer(815301076,1909f56bfc062723c751e8b465ee728b)
Start importing Assets/Polygon-City Megapolis/Prefab/Roads/SM_brige_01.prefab using Guid(54dfde349970c9341a013341c94895d6) Importer(815301076,1909f56bfc062723c751e8b465ee728b)  -> (artifact id: '79335cbacf9452cb2b35a0b53c52396d') in 0.051334 seconds 
========================================================================
Received Import Request.
  Time since last request: 0.000030 seconds.
  path: Assets/Polygon-City Megapolis/Prefab/Roads/SM_brige_03.prefab
  artifactKey: Guid(60f498570176f014c91b04483100460e) Importer(815301076,1909f56bfc062723c751e8b465ee728b)
Start importing Assets/Polygon-City Megapolis/Prefab/Roads/SM_brige_03.prefab using Guid(60f498570176f014c91b04483100460e) Importer(815301076,1909f56bfc062723c751e8b465ee728b)  -> (artifact id: '53f4b778c33cdf69585fb5246bd3a3a7') in 0.070487 seconds 
========================================================================
Received Import Request.
  Time since last request: 5.319913 seconds.
  path: Assets/Polygon-City Megapolis/Prefab/Farm/SM_canopy.prefab
  artifactKey: Guid(9aab9b0b49a26ca428efd69d94307393) Importer(815301076,1909f56bfc062723c751e8b465ee728b)
Start importing Assets/Polygon-City Megapolis/Prefab/Farm/SM_canopy.prefab using Guid(9aab9b0b49a26ca428efd69d94307393) Importer(815301076,1909f56bfc062723c751e8b465ee728b)  -> (artifact id: '885eebec8a80f14030015579b45b8562') in 0.053755 seconds 
========================================================================
Received Import Request.
  Time since last request: 0.000034 seconds.
  path: Assets/Polygon-City Megapolis/Prefab/Farm/SM_fence_06.prefab
  artifactKey: Guid(130a6052ddd8b3548a9a9467b84ae906) Importer(815301076,1909f56bfc062723c751e8b465ee728b)
Start importing Assets/Polygon-City Megapolis/Prefab/Farm/SM_fence_06.prefab using Guid(130a6052ddd8b3548a9a9467b84ae906) Importer(815301076,1909f56bfc062723c751e8b465ee728b)  -> (artifact id: 'ee879fc44837737edce12901e20a76bd') in 0.050492 seconds 
========================================================================
Received Import Request.
  Time since last request: 0.000038 seconds.
  path: Assets/Polygon-City Megapolis/Prefab/Farm/SM_fence_04.prefab
  artifactKey: Guid(40a5987f2c6c13f4a800864b90e2abf9) Importer(815301076,1909f56bfc062723c751e8b465ee728b)
Start importing Assets/Polygon-City Megapolis/Prefab/Farm/SM_fence_04.prefab using Guid(40a5987f2c6c13f4a800864b90e2abf9) Importer(815301076,1909f56bfc062723c751e8b465ee728b)  -> (artifact id: 'a317e8417b0e79f0db41271c4226bdc7') in 0.034072 seconds 
========================================================================
Received Import Request.
  Time since last request: 0.000024 seconds.
  path: Assets/Polygon-City Megapolis/Prefab/Farm/SM_farm_hous.prefab
  artifactKey: Guid(1688177c26307c94f8ef0cdf8604da5d) Importer(815301076,1909f56bfc062723c751e8b465ee728b)
Start importing Assets/Polygon-City Megapolis/Prefab/Farm/SM_farm_hous.prefab using Guid(1688177c26307c94f8ef0cdf8604da5d) Importer(815301076,1909f56bfc062723c751e8b465ee728b)  -> (artifact id: '23de77d86a86109fab5dbcd35fc4a356') in 0.047410 seconds 
========================================================================
Received Import Request.
  Time since last request: 576.249686 seconds.
  path: Assets/Polygon-City Megapolis/Textures/Polygon_Texture.png
  artifactKey: Guid(98e0fca65bfc78f42a56c1b8b40e766d) Importer(815301076,1909f56bfc062723c751e8b465ee728b)
Start importing Assets/Polygon-City Megapolis/Textures/Polygon_Texture.png using Guid(98e0fca65bfc78f42a56c1b8b40e766d) Importer(815301076,1909f56bfc062723c751e8b465ee728b)  -> (artifact id: '4ed4d941e61d8be56d1b8298a48c4e55') in 0.032536 seconds 
