Using pre-set license
Built from '2022.1/staging' branch; Version is '2022.1.10f1 (9aa0f82c4f96) revision 10133752'; Using compiler version '192829333'; Build Type 'Release'
OS: 'Windows 11  (10.0.22000) 64bit Core' Language: 'en' Physical Memory: 16310 MB
BatchMode: 1, IsHumanControllingUs: 0, StartBugReporterOnCrash: 0, Is64bit: 1, IsPro: 1

COMMAND LINE ARGUMENTS:
C:\Program Files\Unity\Hub\Editor\2022.1.10f1\Editor\Unity.exe
-adb2
-batchMode
-noUpm
-name
AssetImportWorker8
-projectPath
C:/Users/zayfo/Documents/GitHub/PenguinBreakin/Penguin Break Out
-logFile
Logs/AssetImportWorker8.log
-srvPort
50805
Successfully changed project path to: C:/Users/zayfo/Documents/GitHub/PenguinBreakin/Penguin Break Out
C:/Users/zayfo/Documents/GitHub/PenguinBreakin/Penguin Break Out
[UnityMemory] Configuration Parameters - Can be set up in boot.config
    "memorysetup-bucket-allocator-granularity=16"
    "memorysetup-bucket-allocator-bucket-count=8"
    "memorysetup-bucket-allocator-block-size=33554432"
    "memorysetup-bucket-allocator-block-count=8"
    "memorysetup-main-allocator-block-size=16777216"
    "memorysetup-thread-allocator-block-size=16777216"
    "memorysetup-gfx-main-allocator-block-size=16777216"
    "memorysetup-gfx-thread-allocator-block-size=16777216"
    "memorysetup-cache-allocator-block-size=4194304"
    "memorysetup-typetree-allocator-block-size=2097152"
    "memorysetup-profiler-bucket-allocator-granularity=16"
    "memorysetup-profiler-bucket-allocator-bucket-count=8"
    "memorysetup-profiler-bucket-allocator-block-size=33554432"
    "memorysetup-profiler-bucket-allocator-block-count=8"
    "memorysetup-profiler-allocator-block-size=16777216"
    "memorysetup-profiler-editor-allocator-block-size=1048576"
    "memorysetup-temp-allocator-size-main=16777216"
    "memorysetup-job-temp-allocator-block-size=2097152"
    "memorysetup-job-temp-allocator-block-size-background=1048576"
    "memorysetup-job-temp-allocator-reduction-small-platforms=262144"
    "memorysetup-temp-allocator-size-background-worker=32768"
    "memorysetup-temp-allocator-size-job-worker=262144"
    "memorysetup-temp-allocator-size-preload-manager=33554432"
    "memorysetup-temp-allocator-size-nav-mesh-worker=65536"
    "memorysetup-temp-allocator-size-audio-worker=65536"
    "memorysetup-temp-allocator-size-cloud-worker=32768"
    "memorysetup-temp-allocator-size-gi-baking-worker=262144"
    "memorysetup-temp-allocator-size-gfx=262144"
Refreshing native plugins compatible for Editor in 128.35 ms, found 4 plugins.
Preloading 0 native plugins for Editor in 0.00 ms.
Initialize engine version: 2022.1.10f1 (9aa0f82c4f96)
[Subsystems] Discovering subsystems at path C:/Program Files/Unity/Hub/Editor/2022.1.10f1/Editor/Data/Resources/UnitySubsystems
[Subsystems] Discovering subsystems at path C:/Users/zayfo/Documents/GitHub/PenguinBreakin/Penguin Break Out/Assets
GfxDevice: creating device client; threaded=0; jobified=0
Direct3D:
    Version:  Direct3D 11.0 [level 11.1]
    Renderer: NVIDIA GeForce RTX 3060 Ti (ID=0x2489)
    Vendor:   NVIDIA
    VRAM:     8050 MB
    Driver:   31.0.15.1694
Initialize mono
Mono path[0] = 'C:/Program Files/Unity/Hub/Editor/2022.1.10f1/Editor/Data/Managed'
Mono path[1] = 'C:/Program Files/Unity/Hub/Editor/2022.1.10f1/Editor/Data/MonoBleedingEdge/lib/mono/unityjit-win32'
Mono config path = 'C:/Program Files/Unity/Hub/Editor/2022.1.10f1/Editor/Data/MonoBleedingEdge/etc'
Using monoOptions --debugger-agent=transport=dt_socket,embedding=1,server=y,suspend=n,address=127.0.0.1:56724
Begin MonoManager ReloadAssembly
Registering precompiled unity dll's ...
Register platform support module: C:/Program Files/Unity/Hub/Editor/2022.1.10f1/Editor/Data/PlaybackEngines/WindowsStandaloneSupport/UnityEditor.WindowsStandalone.Extensions.dll
Registered in 0.004882 seconds.
Native extension for WindowsStandalone target not found
Refreshing native plugins compatible for Editor in 106.18 ms, found 4 plugins.
Preloading 0 native plugins for Editor in 0.00 ms.
Mono: successfully reloaded assembly
- Completed reload, in  0.655 seconds
Domain Reload Profiling:
	ReloadAssembly (656ms)
		BeginReloadAssembly (63ms)
			ExecutionOrderSort (0ms)
			DisableScriptedObjects (0ms)
			BackupInstance (0ms)
			ReleaseScriptingObjects (0ms)
			CreateAndSetChildDomain (1ms)
		EndReloadAssembly (457ms)
			LoadAssemblies (61ms)
			RebuildTransferFunctionScriptingTraits (0ms)
			SetupTypeCache (114ms)
				TypeCache.Initialize (113ms)
					TypeCache.ScanAssembly (111ms)
				ResolveRequiredComponents (0ms)
			ReleaseScriptCaches (0ms)
			RebuildScriptCaches (23ms)
			SetupLoadedEditorAssemblies (267ms)
				LogAssemblyErrors (0ms)
				InitializePlatformSupportModulesInManaged (7ms)
				SetLoadedEditorAssemblies (6ms)
				RefreshPlugins (106ms)
				BeforeProcessingInitializeOnLoad (1ms)
				ProcessInitializeOnLoadAttributes (108ms)
				ProcessInitializeOnLoadMethodAttributes (40ms)
				AfterProcessingInitializeOnLoad (0ms)
				EditorAssembliesLoaded (0ms)
			ExecutionOrderSort2 (0ms)
			AwakeInstancesAfterBackupRestoration (0ms)
Platform modules already initialized, skipping
Registering precompiled user dll's ...
Registered in 0.008238 seconds.
Begin MonoManager ReloadAssembly
Native extension for WindowsStandalone target not found
Refreshing native plugins compatible for Editor in 116.97 ms, found 4 plugins.
Preloading 0 native plugins for Editor in 0.00 ms.
Mono: successfully reloaded assembly
- Completed reload, in  1.351 seconds
Domain Reload Profiling:
	ReloadAssembly (1352ms)
		BeginReloadAssembly (100ms)
			ExecutionOrderSort (0ms)
			DisableScriptedObjects (5ms)
			BackupInstance (0ms)
			ReleaseScriptingObjects (0ms)
			CreateAndSetChildDomain (18ms)
		EndReloadAssembly (1146ms)
			LoadAssemblies (67ms)
			RebuildTransferFunctionScriptingTraits (0ms)
			SetupTypeCache (273ms)
				TypeCache.Initialize (253ms)
					TypeCache.ScanAssembly (249ms)
				ResolveRequiredComponents (20ms)
			ReleaseScriptCaches (1ms)
			RebuildScriptCaches (105ms)
			SetupLoadedEditorAssemblies (636ms)
				LogAssemblyErrors (0ms)
				InitializePlatformSupportModulesInManaged (3ms)
				SetLoadedEditorAssemblies (5ms)
				RefreshPlugins (117ms)
				BeforeProcessingInitializeOnLoad (94ms)
				ProcessInitializeOnLoadAttributes (365ms)
				ProcessInitializeOnLoadMethodAttributes (47ms)
				AfterProcessingInitializeOnLoad (5ms)
				EditorAssembliesLoaded (0ms)
			ExecutionOrderSort2 (0ms)
			AwakeInstancesAfterBackupRestoration (8ms)
Platform modules already initialized, skipping
========================================================================
Worker process is ready to serve import requests
Launched and connected shader compiler UnityShaderCompiler.exe after 0.05 seconds
Refreshing native plugins compatible for Editor in 1.60 ms, found 4 plugins.
Preloading 0 native plugins for Editor in 0.00 ms.
Unloading 5412 Unused Serialized files (Serialized files now loaded: 0)
Unloading 82 unused Assets / (3.5 MB). Loaded Objects now: 5918.
Memory consumption went from 0.92 GB to 0.91 GB.
Total: 4.457700 ms (FindLiveObjects: 0.451100 ms CreateObjectMapping: 0.131300 ms MarkObjects: 3.234000 ms  DeleteObjects: 0.640000 ms)

AssetImportParameters requested are different than current active one (requested -> active):
  custom:video-decoder-ogg-theora: a1e56fd34408186e4bbccfd4996cb3dc -> 
  custom:container-muxer-webm: aa71ff27fc2769a1b78a27578f13a17b -> 
  custom:container-demuxer-webm: 4f35f7cbe854078d1ac9338744f61a02 -> 
  custom:video-encoder-webm-vp8: eb34c28f22e8b96e1ab97ce403110664 -> 
  custom:audio-encoder-webm-vorbis: bf7c407c2cedff20999df2af8eb42d56 -> 
  custom:framework-win-MediaFoundation: 216162199b28c13a410421893ffa2e32 -> 
  custom:container-demuxer-ogg: 62fdf1f143b41e24485cea50d1cbac27 -> 
  custom:video-decoder-webm-vp8: 9c59270c3fd7afecdb556c50c9e8de78 -> 
  custom:audio-decoder-ogg-vorbis: bf7c407c2cedff20999df2af8eb42d56 -> 
========================================================================
Received Import Request.
  Time since last request: 586601.261448 seconds.
  path: Assets/Polygon-City Megapolis/Prefab/Farm/SM_fields_01.prefab
  artifactKey: Guid(9789a6a317dfc5f44aa279b78b9d2577) Importer(815301076,1909f56bfc062723c751e8b465ee728b)
Start importing Assets/Polygon-City Megapolis/Prefab/Farm/SM_fields_01.prefab using Guid(9789a6a317dfc5f44aa279b78b9d2577) Importer(815301076,1909f56bfc062723c751e8b465ee728b)  -> (artifact id: '97270927c436f660e802f77d52496ec9') in 0.720022 seconds 
========================================================================
Received Import Request.
  Time since last request: 7.262929 seconds.
  path: Assets/Polygon-City Megapolis/Prefab/RacingTrack/SM_car_01.prefab
  artifactKey: Guid(2aaf7089a212b3c4cbaca8487fa89f64) Importer(815301076,1909f56bfc062723c751e8b465ee728b)
Start importing Assets/Polygon-City Megapolis/Prefab/RacingTrack/SM_car_01.prefab using Guid(2aaf7089a212b3c4cbaca8487fa89f64) Importer(815301076,1909f56bfc062723c751e8b465ee728b)  -> (artifact id: '8a4732f030d80491ce7cb1186b5c5321') in 0.034446 seconds 
========================================================================
Received Import Request.
  Time since last request: 0.000039 seconds.
  path: Assets/Polygon-City Megapolis/Prefab/RacingTrack/SM_fencing_03_B.prefab
  artifactKey: Guid(b72cad5a1e027334984d573fd72a0003) Importer(815301076,1909f56bfc062723c751e8b465ee728b)
Start importing Assets/Polygon-City Megapolis/Prefab/RacingTrack/SM_fencing_03_B.prefab using Guid(b72cad5a1e027334984d573fd72a0003) Importer(815301076,1909f56bfc062723c751e8b465ee728b)  -> (artifact id: '26fffeef0956b4170d88de242f5bd570') in 0.048501 seconds 
========================================================================
Received Import Request.
  Time since last request: 0.000028 seconds.
  path: Assets/Polygon-City Megapolis/Prefab/RacingTrack/SM_fencing_02.prefab
  artifactKey: Guid(d59519e31f3454f4e8f6149e45930847) Importer(815301076,1909f56bfc062723c751e8b465ee728b)
Start importing Assets/Polygon-City Megapolis/Prefab/RacingTrack/SM_fencing_02.prefab using Guid(d59519e31f3454f4e8f6149e45930847) Importer(815301076,1909f56bfc062723c751e8b465ee728b)  -> (artifact id: '9063926098043b9567264e63cd901f03') in 0.048172 seconds 
========================================================================
Received Import Request.
  Time since last request: 0.000042 seconds.
  path: Assets/Polygon-City Megapolis/Prefab/RacingTrack/SM_fencing_03_C.prefab
  artifactKey: Guid(50c8b59c9fb7f7241ac8a1305830e966) Importer(815301076,1909f56bfc062723c751e8b465ee728b)
Start importing Assets/Polygon-City Megapolis/Prefab/RacingTrack/SM_fencing_03_C.prefab using Guid(50c8b59c9fb7f7241ac8a1305830e966) Importer(815301076,1909f56bfc062723c751e8b465ee728b)  -> (artifact id: '0d4eea47f2df9f45fd8086b15dd819bd') in 0.047438 seconds 
========================================================================
Received Import Request.
  Time since last request: 0.000043 seconds.
  path: Assets/Polygon-City Megapolis/Prefab/RacingTrack/SM_track_02.prefab
  artifactKey: Guid(812d809704307f148b09e704acd5c97a) Importer(815301076,1909f56bfc062723c751e8b465ee728b)
Start importing Assets/Polygon-City Megapolis/Prefab/RacingTrack/SM_track_02.prefab using Guid(812d809704307f148b09e704acd5c97a) Importer(815301076,1909f56bfc062723c751e8b465ee728b)  -> (artifact id: '777b022bcf806cd0dafe8161085184a7') in 0.033155 seconds 
========================================================================
Received Import Request.
  Time since last request: 0.000025 seconds.
  path: Assets/Polygon-City Megapolis/Prefab/RacingTrack/SM_formula_one.prefab
  artifactKey: Guid(cc4bec8d1848aab45a54536dc895dd1d) Importer(815301076,1909f56bfc062723c751e8b465ee728b)
Start importing Assets/Polygon-City Megapolis/Prefab/RacingTrack/SM_formula_one.prefab using Guid(cc4bec8d1848aab45a54536dc895dd1d) Importer(815301076,1909f56bfc062723c751e8b465ee728b)  -> (artifact id: '27651d3e3f87b709bf8c2f4314144ccf') in 0.025000 seconds 
========================================================================
Received Import Request.
  Time since last request: 0.000033 seconds.
  path: Assets/Polygon-City Megapolis/Prefab/RacingTrack/SM_track_03.prefab
  artifactKey: Guid(77dbd2a73f438dd419d2ff8634992f2f) Importer(815301076,1909f56bfc062723c751e8b465ee728b)
Start importing Assets/Polygon-City Megapolis/Prefab/RacingTrack/SM_track_03.prefab using Guid(77dbd2a73f438dd419d2ff8634992f2f) Importer(815301076,1909f56bfc062723c751e8b465ee728b)  -> (artifact id: '4cf694b7066d1c513b46554ce98ca6c4') in 0.022780 seconds 
========================================================================
Received Import Request.
  Time since last request: 0.000031 seconds.
  path: Assets/Polygon-City Megapolis/Prefab/RacingTrack/SM_track_08.prefab
  artifactKey: Guid(c1c57f91b35522745838d024fd0facee) Importer(815301076,1909f56bfc062723c751e8b465ee728b)
Start importing Assets/Polygon-City Megapolis/Prefab/RacingTrack/SM_track_08.prefab using Guid(c1c57f91b35522745838d024fd0facee) Importer(815301076,1909f56bfc062723c751e8b465ee728b)  -> (artifact id: 'bb988457ff1d936a17d6e61cd8da65d7') in 0.017225 seconds 
========================================================================
Received Import Request.
  Time since last request: 0.000067 seconds.
  path: Assets/Polygon-City Megapolis/Prefab/RacingTrack/SM_fencing_04.prefab
  artifactKey: Guid(a310010784999aa4c98427822dde48fe) Importer(815301076,1909f56bfc062723c751e8b465ee728b)
Start importing Assets/Polygon-City Megapolis/Prefab/RacingTrack/SM_fencing_04.prefab using Guid(a310010784999aa4c98427822dde48fe) Importer(815301076,1909f56bfc062723c751e8b465ee728b)  -> (artifact id: '66378e97f06720226d2c2710e9261515') in 0.016369 seconds 
========================================================================
Received Import Request.
  Time since last request: 0.000026 seconds.
  path: Assets/Polygon-City Megapolis/Prefab/RacingTrack/SM_track_05.prefab
  artifactKey: Guid(ee97316c9e520a4418f6450f8c97eb4b) Importer(815301076,1909f56bfc062723c751e8b465ee728b)
Start importing Assets/Polygon-City Megapolis/Prefab/RacingTrack/SM_track_05.prefab using Guid(ee97316c9e520a4418f6450f8c97eb4b) Importer(815301076,1909f56bfc062723c751e8b465ee728b)  -> (artifact id: 'aae68eec9ff3a9bf816ca5374f7c24cf') in 0.016470 seconds 
========================================================================
Received Import Request.
  Time since last request: 2.549569 seconds.
  path: Assets/Polygon-City Megapolis/Prefab/RailwayDepot/SM_Brige_01.prefab
  artifactKey: Guid(f912aaa1960378d4ab4732ce8110e44f) Importer(815301076,1909f56bfc062723c751e8b465ee728b)
Start importing Assets/Polygon-City Megapolis/Prefab/RailwayDepot/SM_Brige_01.prefab using Guid(f912aaa1960378d4ab4732ce8110e44f) Importer(815301076,1909f56bfc062723c751e8b465ee728b)  -> (artifact id: '4541ac40995f95f5811c432161429ba1') in 0.016450 seconds 
========================================================================
Received Import Request.
  Time since last request: 0.000029 seconds.
  path: Assets/Polygon-City Megapolis/Prefab/RailwayDepot/SM_electric_pole_01.prefab
  artifactKey: Guid(a0233e4c171f42d45a1e1e5e40f2a292) Importer(815301076,1909f56bfc062723c751e8b465ee728b)
Start importing Assets/Polygon-City Megapolis/Prefab/RailwayDepot/SM_electric_pole_01.prefab using Guid(a0233e4c171f42d45a1e1e5e40f2a292) Importer(815301076,1909f56bfc062723c751e8b465ee728b)  -> (artifact id: 'cdfdd696d37d7f0a611be6c898798398') in 0.015586 seconds 
========================================================================
Received Import Request.
  Time since last request: 0.000046 seconds.
  path: Assets/Polygon-City Megapolis/Prefab/RailwayDepot/SM_monorail_tracks_01_F.prefab
  artifactKey: Guid(7c168c1fcc00cf84d85aa56b57beb227) Importer(815301076,1909f56bfc062723c751e8b465ee728b)
Start importing Assets/Polygon-City Megapolis/Prefab/RailwayDepot/SM_monorail_tracks_01_F.prefab using Guid(7c168c1fcc00cf84d85aa56b57beb227) Importer(815301076,1909f56bfc062723c751e8b465ee728b)  -> (artifact id: '54240a0b921de84baabafe3dc2e6a561') in 0.017377 seconds 
========================================================================
Received Import Request.
  Time since last request: 0.000030 seconds.
  path: Assets/Polygon-City Megapolis/Prefab/RailwayDepot/SM_monorail_tracks_01.prefab
  artifactKey: Guid(ad367d95419758f42ad546206afed519) Importer(815301076,1909f56bfc062723c751e8b465ee728b)
Start importing Assets/Polygon-City Megapolis/Prefab/RailwayDepot/SM_monorail_tracks_01.prefab using Guid(ad367d95419758f42ad546206afed519) Importer(815301076,1909f56bfc062723c751e8b465ee728b)  -> (artifact id: '593520ab7ab238e32f2c10e698f7ff72') in 0.026808 seconds 
========================================================================
Received Import Request.
  Time since last request: 0.000036 seconds.
  path: Assets/Polygon-City Megapolis/Prefab/RailwayDepot/SM_pillar_for_monorail_station_01.prefab
  artifactKey: Guid(e31ff06a21a00724591f53f02f854749) Importer(815301076,1909f56bfc062723c751e8b465ee728b)
Start importing Assets/Polygon-City Megapolis/Prefab/RailwayDepot/SM_pillar_for_monorail_station_01.prefab using Guid(e31ff06a21a00724591f53f02f854749) Importer(815301076,1909f56bfc062723c751e8b465ee728b)  -> (artifact id: 'c52a0a7f28f636d4ab9153c7e0e72a95') in 0.020426 seconds 
========================================================================
Received Import Request.
  Time since last request: 0.000222 seconds.
  path: Assets/Polygon-City Megapolis/Prefab/RailwayDepot/SM_depot.prefab
  artifactKey: Guid(76c4ebe125d4b1143a19ee4cb59053ad) Importer(815301076,1909f56bfc062723c751e8b465ee728b)
Start importing Assets/Polygon-City Megapolis/Prefab/RailwayDepot/SM_depot.prefab using Guid(76c4ebe125d4b1143a19ee4cb59053ad) Importer(815301076,1909f56bfc062723c751e8b465ee728b)  -> (artifact id: 'e1305732d71b1d3a0614332d47498d38') in 0.019253 seconds 
========================================================================
Received Import Request.
  Time since last request: 0.000039 seconds.
  path: Assets/Polygon-City Megapolis/Prefab/RailwayDepot/SM_monorail_tracks_01_B.prefab
  artifactKey: Guid(bc91dda1e0ab66d489aaee1cf25460e2) Importer(815301076,1909f56bfc062723c751e8b465ee728b)
Start importing Assets/Polygon-City Megapolis/Prefab/RailwayDepot/SM_monorail_tracks_01_B.prefab using Guid(bc91dda1e0ab66d489aaee1cf25460e2) Importer(815301076,1909f56bfc062723c751e8b465ee728b)  -> (artifact id: 'bae129f733a5f984aef985ce0ae44fa2') in 0.017640 seconds 
========================================================================
Received Import Request.
  Time since last request: 0.000033 seconds.
  path: Assets/Polygon-City Megapolis/Prefab/RailwayDepot/SM_monorail_tracks_01_E.prefab
  artifactKey: Guid(4534b547380f6d24c8e2e6a41dddf4e5) Importer(815301076,1909f56bfc062723c751e8b465ee728b)
Start importing Assets/Polygon-City Megapolis/Prefab/RailwayDepot/SM_monorail_tracks_01_E.prefab using Guid(4534b547380f6d24c8e2e6a41dddf4e5) Importer(815301076,1909f56bfc062723c751e8b465ee728b)  -> (artifact id: '385f7af76de385a5dc1d99697e83a1ab') in 0.017249 seconds 
========================================================================
Received Import Request.
  Time since last request: 0.000038 seconds.
  path: Assets/Polygon-City Megapolis/Prefab/RailwayDepot/SM_monorail_tracks_04.prefab
  artifactKey: Guid(2b2d30b1dcfa29140973ef82f7697838) Importer(815301076,1909f56bfc062723c751e8b465ee728b)
Start importing Assets/Polygon-City Megapolis/Prefab/RailwayDepot/SM_monorail_tracks_04.prefab using Guid(2b2d30b1dcfa29140973ef82f7697838) Importer(815301076,1909f56bfc062723c751e8b465ee728b)  -> (artifact id: '775c5116d8f60c2a844de702ae4b1d32') in 0.018761 seconds 
========================================================================
Received Import Request.
  Time since last request: 0.000034 seconds.
  path: Assets/Polygon-City Megapolis/Prefab/RailwayDepot/SM_monorail_02.prefab
  artifactKey: Guid(7e3d9c8cad57d23428a2a3b360a87340) Importer(815301076,1909f56bfc062723c751e8b465ee728b)
Start importing Assets/Polygon-City Megapolis/Prefab/RailwayDepot/SM_monorail_02.prefab using Guid(7e3d9c8cad57d23428a2a3b360a87340) Importer(815301076,1909f56bfc062723c751e8b465ee728b)  -> (artifact id: 'd230965b468f6c0ef65f801ca9d8fa1b') in 0.022721 seconds 
========================================================================
Received Import Request.
  Time since last request: 0.000032 seconds.
  path: Assets/Polygon-City Megapolis/Prefab/RailwayDepot/SM_pillar_for_monorail_station_02.prefab
  artifactKey: Guid(f0dbd439b78e86240a05c7cd04a68c7a) Importer(815301076,1909f56bfc062723c751e8b465ee728b)
Start importing Assets/Polygon-City Megapolis/Prefab/RailwayDepot/SM_pillar_for_monorail_station_02.prefab using Guid(f0dbd439b78e86240a05c7cd04a68c7a) Importer(815301076,1909f56bfc062723c751e8b465ee728b)  -> (artifact id: '0ff3a12f727596fd86c790d87a7c5d47') in 0.014705 seconds 
========================================================================
Received Import Request.
  Time since last request: 0.792556 seconds.
  path: Assets/Polygon-City Megapolis/Prefab/RailwayDepot/SM_rails_01.prefab
  artifactKey: Guid(8277f60b2bb380a44b9a5eef79dfd2d4) Importer(815301076,1909f56bfc062723c751e8b465ee728b)
Start importing Assets/Polygon-City Megapolis/Prefab/RailwayDepot/SM_rails_01.prefab using Guid(8277f60b2bb380a44b9a5eef79dfd2d4) Importer(815301076,1909f56bfc062723c751e8b465ee728b)  -> (artifact id: '127659e264ebf48c78c289713b77953e') in 0.016803 seconds 
========================================================================
Received Import Request.
  Time since last request: 0.000038 seconds.
  path: Assets/Polygon-City Megapolis/Prefab/RailwayDepot/SM_rails_05.prefab
  artifactKey: Guid(7097be9f64bc608418b66386e1c93bec) Importer(815301076,1909f56bfc062723c751e8b465ee728b)
Start importing Assets/Polygon-City Megapolis/Prefab/RailwayDepot/SM_rails_05.prefab using Guid(7097be9f64bc608418b66386e1c93bec) Importer(815301076,1909f56bfc062723c751e8b465ee728b)  -> (artifact id: '9f8bc0704abb6b2ea996406e018184ae') in 0.016775 seconds 
========================================================================
Received Import Request.
  Time since last request: 0.016338 seconds.
  path: Assets/Polygon-City Megapolis/Prefab/RailwayDepot/SM_rails_08.prefab
  artifactKey: Guid(097919a276d1196408588e0531bfc48d) Importer(815301076,1909f56bfc062723c751e8b465ee728b)
Start importing Assets/Polygon-City Megapolis/Prefab/RailwayDepot/SM_rails_08.prefab using Guid(097919a276d1196408588e0531bfc48d) Importer(815301076,1909f56bfc062723c751e8b465ee728b)  -> (artifact id: '44b6714d47683876fc219b3789b48d0f') in 0.020999 seconds 
========================================================================
Received Import Request.
  Time since last request: 0.000041 seconds.
  path: Assets/Polygon-City Megapolis/Prefab/RailwayDepot/SM_station.prefab
  artifactKey: Guid(c52ce9b1fda8d4b41ac8af095fc8b598) Importer(815301076,1909f56bfc062723c751e8b465ee728b)
Start importing Assets/Polygon-City Megapolis/Prefab/RailwayDepot/SM_station.prefab using Guid(c52ce9b1fda8d4b41ac8af095fc8b598) Importer(815301076,1909f56bfc062723c751e8b465ee728b)  -> (artifact id: '5259706f1b37ecaeb1d1a006b809b1be') in 0.022421 seconds 
========================================================================
Received Import Request.
  Time since last request: 0.024104 seconds.
  path: Assets/Polygon-City Megapolis/Prefab/RailwayDepot/SM_suburban_electric_train_01.prefab
  artifactKey: Guid(8e31afdf0ef96cc499331d5c2e8b0528) Importer(815301076,1909f56bfc062723c751e8b465ee728b)
Start importing Assets/Polygon-City Megapolis/Prefab/RailwayDepot/SM_suburban_electric_train_01.prefab using Guid(8e31afdf0ef96cc499331d5c2e8b0528) Importer(815301076,1909f56bfc062723c751e8b465ee728b)  -> (artifact id: '22b5fc1fae51e31ea5156436d4805b5e') in 0.029416 seconds 
========================================================================
Received Import Request.
  Time since last request: 0.000032 seconds.
  path: Assets/Polygon-City Megapolis/Prefab/RailwayDepot/SM_tram_depot_01.prefab
  artifactKey: Guid(2afb9da93da80d946a0cb0957a303d8a) Importer(815301076,1909f56bfc062723c751e8b465ee728b)
Start importing Assets/Polygon-City Megapolis/Prefab/RailwayDepot/SM_tram_depot_01.prefab using Guid(2afb9da93da80d946a0cb0957a303d8a) Importer(815301076,1909f56bfc062723c751e8b465ee728b)  -> (artifact id: '7b7bca34bdc036c6e43ca2ece2a80c1b') in 0.030536 seconds 
========================================================================
Received Import Request.
  Time since last request: 0.277533 seconds.
  path: Assets/Polygon-City Megapolis/Prefab/RailwayDepot/SM_tram_rails_03.prefab
  artifactKey: Guid(3e8eb50a580d38f4f985399e79531626) Importer(815301076,1909f56bfc062723c751e8b465ee728b)
Start importing Assets/Polygon-City Megapolis/Prefab/RailwayDepot/SM_tram_rails_03.prefab using Guid(3e8eb50a580d38f4f985399e79531626) Importer(815301076,1909f56bfc062723c751e8b465ee728b)  -> (artifact id: '385f439dac10e2cdace1dc0722195924') in 0.019503 seconds 
========================================================================
Received Import Request.
  Time since last request: 0.000031 seconds.
  path: Assets/Polygon-City Megapolis/Prefab/RailwayDepot/SM_tram_rails_06.prefab
  artifactKey: Guid(9cd02afbfddfad14291246bdb5215b24) Importer(815301076,1909f56bfc062723c751e8b465ee728b)
Start importing Assets/Polygon-City Megapolis/Prefab/RailwayDepot/SM_tram_rails_06.prefab using Guid(9cd02afbfddfad14291246bdb5215b24) Importer(815301076,1909f56bfc062723c751e8b465ee728b)  -> (artifact id: '9d2dfbe49579f1e13dcf10e9c70e463c') in 0.016767 seconds 
========================================================================
Received Import Request.
  Time since last request: 0.014916 seconds.
  path: Assets/Polygon-City Megapolis/Prefab/RailwayDepot/SM_tram_rails_09.prefab
  artifactKey: Guid(30f3f25a26919f7468d5e4311001ea45) Importer(815301076,1909f56bfc062723c751e8b465ee728b)
Start importing Assets/Polygon-City Megapolis/Prefab/RailwayDepot/SM_tram_rails_09.prefab using Guid(30f3f25a26919f7468d5e4311001ea45) Importer(815301076,1909f56bfc062723c751e8b465ee728b)  -> (artifact id: 'd1015a853bda10cd6dce60ca756d0c69') in 0.022064 seconds 
========================================================================
Received Import Request.
  Time since last request: 1.463372 seconds.
  path: Assets/Polygon-City Megapolis/Prefab/Roads/SM_road_013.prefab
  artifactKey: Guid(171656d2cb4846248a657e7d0d05dcd5) Importer(815301076,1909f56bfc062723c751e8b465ee728b)
Start importing Assets/Polygon-City Megapolis/Prefab/Roads/SM_road_013.prefab using Guid(171656d2cb4846248a657e7d0d05dcd5) Importer(815301076,1909f56bfc062723c751e8b465ee728b)  -> (artifact id: 'b774dbaedc09bf405e27d8fa786914f6') in 0.017024 seconds 
========================================================================
Received Import Request.
  Time since last request: 0.000026 seconds.
  path: Assets/Polygon-City Megapolis/Prefab/Roads/SM_road_022.prefab
  artifactKey: Guid(1cbec4361ba9ca04bbcac96372c4b6d0) Importer(815301076,1909f56bfc062723c751e8b465ee728b)
Start importing Assets/Polygon-City Megapolis/Prefab/Roads/SM_road_022.prefab using Guid(1cbec4361ba9ca04bbcac96372c4b6d0) Importer(815301076,1909f56bfc062723c751e8b465ee728b)  -> (artifact id: 'f17148a65f4f1d07f21e08c44548efce') in 0.022819 seconds 
========================================================================
Received Import Request.
  Time since last request: 0.000024 seconds.
  path: Assets/Polygon-City Megapolis/Prefab/Roads/SM_road_018.prefab
  artifactKey: Guid(a7679c0f1959a45438d58ed811dde31d) Importer(815301076,1909f56bfc062723c751e8b465ee728b)
Start importing Assets/Polygon-City Megapolis/Prefab/Roads/SM_road_018.prefab using Guid(a7679c0f1959a45438d58ed811dde31d) Importer(815301076,1909f56bfc062723c751e8b465ee728b)  -> (artifact id: '5bca99391c0cf111179b6335a10ed9b8') in 0.018246 seconds 
========================================================================
Received Import Request.
  Time since last request: 0.000037 seconds.
  path: Assets/Polygon-City Megapolis/Prefab/Roads/SM_road_017.prefab
  artifactKey: Guid(19d54b59a47be164790b2199a9fa4120) Importer(815301076,1909f56bfc062723c751e8b465ee728b)
Start importing Assets/Polygon-City Megapolis/Prefab/Roads/SM_road_017.prefab using Guid(19d54b59a47be164790b2199a9fa4120) Importer(815301076,1909f56bfc062723c751e8b465ee728b)  -> (artifact id: 'cfba370905f034d82b34b16c79a4fb68') in 0.047620 seconds 
========================================================================
Received Import Request.
  Time since last request: 0.000035 seconds.
  path: Assets/Polygon-City Megapolis/Prefab/Roads/SM_road_019.prefab
  artifactKey: Guid(6d5fd7a6055f7274ca11856e3d9d85bf) Importer(815301076,1909f56bfc062723c751e8b465ee728b)
Start importing Assets/Polygon-City Megapolis/Prefab/Roads/SM_road_019.prefab using Guid(6d5fd7a6055f7274ca11856e3d9d85bf) Importer(815301076,1909f56bfc062723c751e8b465ee728b)  -> (artifact id: '1b17d27a414e1649037c064a640fd65c') in 0.047614 seconds 
========================================================================
Received Import Request.
  Time since last request: 0.000034 seconds.
  path: Assets/Polygon-City Megapolis/Prefab/Roads/SM_road_023.prefab
  artifactKey: Guid(b43a7919319fc7845acb0c2491bdc9fa) Importer(815301076,1909f56bfc062723c751e8b465ee728b)
Start importing Assets/Polygon-City Megapolis/Prefab/Roads/SM_road_023.prefab using Guid(b43a7919319fc7845acb0c2491bdc9fa) Importer(815301076,1909f56bfc062723c751e8b465ee728b)  -> (artifact id: '18910d242a806b457937242b40081345') in 0.016212 seconds 
========================================================================
Received Import Request.
  Time since last request: 0.000038 seconds.
  path: Assets/Polygon-City Megapolis/Prefab/Roads/SM_road_016.prefab
  artifactKey: Guid(e91b3aea689ac404cb596ed86d805424) Importer(815301076,1909f56bfc062723c751e8b465ee728b)
Start importing Assets/Polygon-City Megapolis/Prefab/Roads/SM_road_016.prefab using Guid(e91b3aea689ac404cb596ed86d805424) Importer(815301076,1909f56bfc062723c751e8b465ee728b)  -> (artifact id: '18ad046e9e4e59781b9e641864a72fea') in 0.017401 seconds 
========================================================================
Received Import Request.
  Time since last request: 0.000029 seconds.
  path: Assets/Polygon-City Megapolis/Prefab/Roads/SM_road_025.prefab
  artifactKey: Guid(6e62ccb090ca4354cb08098eb2073eef) Importer(815301076,1909f56bfc062723c751e8b465ee728b)
Start importing Assets/Polygon-City Megapolis/Prefab/Roads/SM_road_025.prefab using Guid(6e62ccb090ca4354cb08098eb2073eef) Importer(815301076,1909f56bfc062723c751e8b465ee728b)  -> (artifact id: 'e87c9b2ea9bb5e2eeac64c7c9e6bc778') in 0.017882 seconds 
========================================================================
Received Import Request.
  Time since last request: 4.797270 seconds.
  path: Assets/Polygon-City Megapolis/Prefab/Roads/SM_road_07.prefab
  artifactKey: Guid(736c14037beb3a546b32bdc83a0a899c) Importer(815301076,1909f56bfc062723c751e8b465ee728b)
Start importing Assets/Polygon-City Megapolis/Prefab/Roads/SM_road_07.prefab using Guid(736c14037beb3a546b32bdc83a0a899c) Importer(815301076,1909f56bfc062723c751e8b465ee728b)  -> (artifact id: 'c9d67e49d2f2f0c28291ff50976c5e65') in 0.046383 seconds 
========================================================================
Received Import Request.
  Time since last request: 0.000032 seconds.
  path: Assets/Polygon-City Megapolis/Prefab/Roads/SM_road_010.prefab
  artifactKey: Guid(043535962ad94f7479b45f16effa0fd8) Importer(815301076,1909f56bfc062723c751e8b465ee728b)
Start importing Assets/Polygon-City Megapolis/Prefab/Roads/SM_road_010.prefab using Guid(043535962ad94f7479b45f16effa0fd8) Importer(815301076,1909f56bfc062723c751e8b465ee728b)  -> (artifact id: '089762aa5721351b7cdc583025abf630') in 0.069421 seconds 
========================================================================
Received Import Request.
  Time since last request: 0.384330 seconds.
  path: Assets/Polygon-City Megapolis/Prefab/Roads/SM_road_01.prefab
  artifactKey: Guid(c0c3d54c103477c4da0e18d88a12d333) Importer(815301076,1909f56bfc062723c751e8b465ee728b)
Start importing Assets/Polygon-City Megapolis/Prefab/Roads/SM_road_01.prefab using Guid(c0c3d54c103477c4da0e18d88a12d333) Importer(815301076,1909f56bfc062723c751e8b465ee728b)  -> (artifact id: '98657fc1a767c3bcd1ea70d18b305301') in 0.027362 seconds 
========================================================================
Received Import Request.
  Time since last request: 0.000033 seconds.
  path: Assets/Polygon-City Megapolis/Prefab/Roads/SM_road_04.prefab
  artifactKey: Guid(37298a82326eac342a00b7877462a275) Importer(815301076,1909f56bfc062723c751e8b465ee728b)
Start importing Assets/Polygon-City Megapolis/Prefab/Roads/SM_road_04.prefab using Guid(37298a82326eac342a00b7877462a275) Importer(815301076,1909f56bfc062723c751e8b465ee728b)  -> (artifact id: '41e47ebf377748e97a7407b457e3829d') in 0.021821 seconds 
========================================================================
Received Import Request.
  Time since last request: 0.000045 seconds.
  path: Assets/Polygon-City Megapolis/Prefab/Roads/SM_pillar_02.prefab
  artifactKey: Guid(366f37b89a7c6eb4d8879fc979382812) Importer(815301076,1909f56bfc062723c751e8b465ee728b)
Start importing Assets/Polygon-City Megapolis/Prefab/Roads/SM_pillar_02.prefab using Guid(366f37b89a7c6eb4d8879fc979382812) Importer(815301076,1909f56bfc062723c751e8b465ee728b)  -> (artifact id: '2f9a9d396dd9059c6526125e4bd81ef3') in 0.042183 seconds 
========================================================================
Received Import Request.
  Time since last request: 0.000032 seconds.
  path: Assets/Polygon-City Megapolis/Prefab/Roads/SM_pillar_03.prefab
  artifactKey: Guid(88aee2b0226cbe041a12d5b863772902) Importer(815301076,1909f56bfc062723c751e8b465ee728b)
Start importing Assets/Polygon-City Megapolis/Prefab/Roads/SM_pillar_03.prefab using Guid(88aee2b0226cbe041a12d5b863772902) Importer(815301076,1909f56bfc062723c751e8b465ee728b)  -> (artifact id: '26e9e784dbe947565a19e973c42bf15e') in 0.021805 seconds 
========================================================================
Received Import Request.
  Time since last request: 0.348597 seconds.
  path: Assets/Polygon-City Megapolis/Prefab/Roads/SM_brige_012.prefab
  artifactKey: Guid(9c062158b3a94834fbff4417e9559dc5) Importer(815301076,1909f56bfc062723c751e8b465ee728b)
Start importing Assets/Polygon-City Megapolis/Prefab/Roads/SM_brige_012.prefab using Guid(9c062158b3a94834fbff4417e9559dc5) Importer(815301076,1909f56bfc062723c751e8b465ee728b)  -> (artifact id: '4a0b5098b66e0056b57c7a95275b93f6') in 0.017098 seconds 
========================================================================
Received Import Request.
  Time since last request: 0.000023 seconds.
  path: Assets/Polygon-City Megapolis/Prefab/Roads/SM_brige_014.prefab
  artifactKey: Guid(43e38b1bf0ab23146a3c6f777f940ed3) Importer(815301076,1909f56bfc062723c751e8b465ee728b)
Start importing Assets/Polygon-City Megapolis/Prefab/Roads/SM_brige_014.prefab using Guid(43e38b1bf0ab23146a3c6f777f940ed3) Importer(815301076,1909f56bfc062723c751e8b465ee728b)  -> (artifact id: 'ca886cfbf8a8bb20570aa50224f62690') in 0.017224 seconds 
========================================================================
Received Import Request.
  Time since last request: 0.031968 seconds.
  path: Assets/Polygon-City Megapolis/Prefab/Roads/SM_brige_06.prefab
  artifactKey: Guid(cc330a14352476049b37c58b9d99b835) Importer(815301076,1909f56bfc062723c751e8b465ee728b)
Start importing Assets/Polygon-City Megapolis/Prefab/Roads/SM_brige_06.prefab using Guid(cc330a14352476049b37c58b9d99b835) Importer(815301076,1909f56bfc062723c751e8b465ee728b)  -> (artifact id: '2a110bc4c53a7129b407784cd486fca5') in 0.015857 seconds 
========================================================================
Received Import Request.
  Time since last request: 0.000036 seconds.
  path: Assets/Polygon-City Megapolis/Prefab/Roads/SM_brige_09.prefab
  artifactKey: Guid(be756dfd29db832449453bca7870d280) Importer(815301076,1909f56bfc062723c751e8b465ee728b)
Start importing Assets/Polygon-City Megapolis/Prefab/Roads/SM_brige_09.prefab using Guid(be756dfd29db832449453bca7870d280) Importer(815301076,1909f56bfc062723c751e8b465ee728b)  -> (artifact id: 'ec1187eced6c56dd5102db192cd1b596') in 0.022041 seconds 
========================================================================
Received Import Request.
  Time since last request: 86.744119 seconds.
  path: Assets/Polygon-City Megapolis/Prefab/Sea/SM_anchor.prefab
  artifactKey: Guid(278b3358f854c194d958535b0ea30b3a) Importer(815301076,1909f56bfc062723c751e8b465ee728b)
Start importing Assets/Polygon-City Megapolis/Prefab/Sea/SM_anchor.prefab using Guid(278b3358f854c194d958535b0ea30b3a) Importer(815301076,1909f56bfc062723c751e8b465ee728b)  -> (artifact id: 'fb1cb43c945374a0efa1aac9e00cd921') in 0.017406 seconds 
========================================================================
Received Import Request.
  Time since last request: 0.000037 seconds.
  path: Assets/Polygon-City Megapolis/Prefab/Sea/SM_coral_05.prefab
  artifactKey: Guid(31dacf397bcd45747bc6a3b7293f8b6b) Importer(815301076,1909f56bfc062723c751e8b465ee728b)
Start importing Assets/Polygon-City Megapolis/Prefab/Sea/SM_coral_05.prefab using Guid(31dacf397bcd45747bc6a3b7293f8b6b) Importer(815301076,1909f56bfc062723c751e8b465ee728b)  -> (artifact id: '33db80bd2322540d58b391bc160854a7') in 0.017942 seconds 
========================================================================
Received Import Request.
  Time since last request: 0.000034 seconds.
  path: Assets/Polygon-City Megapolis/Prefab/Sea/SM_skeleton.prefab
  artifactKey: Guid(35a555d082844e24d9fd66aa4c196a5b) Importer(815301076,1909f56bfc062723c751e8b465ee728b)
Start importing Assets/Polygon-City Megapolis/Prefab/Sea/SM_skeleton.prefab using Guid(35a555d082844e24d9fd66aa4c196a5b) Importer(815301076,1909f56bfc062723c751e8b465ee728b)  -> (artifact id: 'f13c83de5cec5561d40132931961b099') in 0.024052 seconds 
========================================================================
Received Import Request.
  Time since last request: 0.000045 seconds.
  path: Assets/Polygon-City Megapolis/Prefab/Sea/SM_coral_06.prefab
  artifactKey: Guid(e757e7a1401824d458cfc321ba47c70c) Importer(815301076,1909f56bfc062723c751e8b465ee728b)
Start importing Assets/Polygon-City Megapolis/Prefab/Sea/SM_coral_06.prefab using Guid(e757e7a1401824d458cfc321ba47c70c) Importer(815301076,1909f56bfc062723c751e8b465ee728b)  -> (artifact id: 'c2310c1eb0ef11437c0fb307867064e6') in 0.019353 seconds 
========================================================================
Received Import Request.
  Time since last request: 0.000033 seconds.
  path: Assets/Polygon-City Megapolis/Prefab/Sea/SM_coral_03.prefab
  artifactKey: Guid(e618b4b5d34e6484fb8461121283a279) Importer(815301076,1909f56bfc062723c751e8b465ee728b)
Start importing Assets/Polygon-City Megapolis/Prefab/Sea/SM_coral_03.prefab using Guid(e618b4b5d34e6484fb8461121283a279) Importer(815301076,1909f56bfc062723c751e8b465ee728b)  -> (artifact id: 'eb40b78f827a354ee5894187b0a9a6c1') in 0.026686 seconds 
========================================================================
Received Import Request.
  Time since last request: 0.000027 seconds.
  path: Assets/Polygon-City Megapolis/Prefab/Sea/SM_geysers_01.prefab
  artifactKey: Guid(7cab0283cefc164499b7bb1d26f8b0ad) Importer(815301076,1909f56bfc062723c751e8b465ee728b)
Start importing Assets/Polygon-City Megapolis/Prefab/Sea/SM_geysers_01.prefab using Guid(7cab0283cefc164499b7bb1d26f8b0ad) Importer(815301076,1909f56bfc062723c751e8b465ee728b)  -> (artifact id: '055aa47519a2553e7c0677172f140f87') in 0.024914 seconds 
========================================================================
Received Import Request.
  Time since last request: 0.000033 seconds.
  path: Assets/Polygon-City Megapolis/Prefab/Sea/SM_coral_02.prefab
  artifactKey: Guid(eec84ac043d69f24588b89a9d015d0e1) Importer(815301076,1909f56bfc062723c751e8b465ee728b)
Start importing Assets/Polygon-City Megapolis/Prefab/Sea/SM_coral_02.prefab using Guid(eec84ac043d69f24588b89a9d015d0e1) Importer(815301076,1909f56bfc062723c751e8b465ee728b)  -> (artifact id: '99f038b077b2963ec70aff01dfc55ff2') in 0.021223 seconds 
========================================================================
Received Import Request.
  Time since last request: 0.000033 seconds.
  path: Assets/Polygon-City Megapolis/Prefab/Sea/SM_coral_08.prefab
  artifactKey: Guid(2e288b21ae6930d479c6f07c50bcd307) Importer(815301076,1909f56bfc062723c751e8b465ee728b)
Start importing Assets/Polygon-City Megapolis/Prefab/Sea/SM_coral_08.prefab using Guid(2e288b21ae6930d479c6f07c50bcd307) Importer(815301076,1909f56bfc062723c751e8b465ee728b)  -> (artifact id: '15a475f596e8f54ae66db669dc90fcf8') in 0.017344 seconds 
========================================================================
Received Import Request.
  Time since last request: 0.000028 seconds.
  path: Assets/Polygon-City Megapolis/Prefab/Sea/SM_coral_07.prefab
  artifactKey: Guid(67647b6fd54fc7f48ba22afe3bc51406) Importer(815301076,1909f56bfc062723c751e8b465ee728b)
Start importing Assets/Polygon-City Megapolis/Prefab/Sea/SM_coral_07.prefab using Guid(67647b6fd54fc7f48ba22afe3bc51406) Importer(815301076,1909f56bfc062723c751e8b465ee728b)  -> (artifact id: 'bed5b2dd6852edbbcc324ed88b165174') in 0.019607 seconds 
========================================================================
Received Import Request.
  Time since last request: 0.000030 seconds.
  path: Assets/Polygon-City Megapolis/Prefab/Sea/SM_ground_02.prefab
  artifactKey: Guid(82fd267150992044bac5af76d21a7eaf) Importer(815301076,1909f56bfc062723c751e8b465ee728b)
Start importing Assets/Polygon-City Megapolis/Prefab/Sea/SM_ground_02.prefab using Guid(82fd267150992044bac5af76d21a7eaf) Importer(815301076,1909f56bfc062723c751e8b465ee728b)  -> (artifact id: '7c07d7885ec6dc919596060f9ea06073') in 0.017713 seconds 
========================================================================
Received Import Request.
  Time since last request: 0.000036 seconds.
  path: Assets/Polygon-City Megapolis/Prefab/Sea/SM_deep_water_chute_02.prefab
  artifactKey: Guid(45b3d81bc0700f74f97ad57f6c6ec996) Importer(815301076,1909f56bfc062723c751e8b465ee728b)
Start importing Assets/Polygon-City Megapolis/Prefab/Sea/SM_deep_water_chute_02.prefab using Guid(45b3d81bc0700f74f97ad57f6c6ec996) Importer(815301076,1909f56bfc062723c751e8b465ee728b)  -> (artifact id: 'c0ab0d9f637f00e3ad6ae2c5eec9d785') in 0.017510 seconds 
========================================================================
Received Import Request.
  Time since last request: 0.000040 seconds.
  path: Assets/Polygon-City Megapolis/Prefab/Sea/SM_ground_06.prefab
  artifactKey: Guid(092642d842b96f642b212a6ea02465f3) Importer(815301076,1909f56bfc062723c751e8b465ee728b)
Start importing Assets/Polygon-City Megapolis/Prefab/Sea/SM_ground_06.prefab using Guid(092642d842b96f642b212a6ea02465f3) Importer(815301076,1909f56bfc062723c751e8b465ee728b)  -> (artifact id: '7f9a7dc17f050a0ec0106a0bbb467ddb') in 0.020948 seconds 
========================================================================
Received Import Request.
  Time since last request: 1.953172 seconds.
  path: Assets/Polygon-City Megapolis/Prefab/SeaPort/SM_building_01.prefab
  artifactKey: Guid(f16fb51049d4c364681deb5b08dc0e83) Importer(815301076,1909f56bfc062723c751e8b465ee728b)
Start importing Assets/Polygon-City Megapolis/Prefab/SeaPort/SM_building_01.prefab using Guid(f16fb51049d4c364681deb5b08dc0e83) Importer(815301076,1909f56bfc062723c751e8b465ee728b)  -> (artifact id: 'be63be7e04f392cc85e43a660053a660') in 0.017630 seconds 
========================================================================
Received Import Request.
  Time since last request: 0.000038 seconds.
  path: Assets/Polygon-City Megapolis/Prefab/SeaPort/SM_pallet_01.prefab
  artifactKey: Guid(e22a8191553410e4c863dc65f267c2e9) Importer(815301076,1909f56bfc062723c751e8b465ee728b)
Start importing Assets/Polygon-City Megapolis/Prefab/SeaPort/SM_pallet_01.prefab using Guid(e22a8191553410e4c863dc65f267c2e9) Importer(815301076,1909f56bfc062723c751e8b465ee728b)  -> (artifact id: '1e60f096276ebdc58d30d16257466322') in 0.016783 seconds 
========================================================================
Received Import Request.
  Time since last request: 0.000037 seconds.
  path: Assets/Polygon-City Megapolis/Prefab/SeaPort/SM_pillar_01.prefab
  artifactKey: Guid(55c607e0f90e5f34f980ea0730fdc92d) Importer(815301076,1909f56bfc062723c751e8b465ee728b)
Start importing Assets/Polygon-City Megapolis/Prefab/SeaPort/SM_pillar_01.prefab using Guid(55c607e0f90e5f34f980ea0730fdc92d) Importer(815301076,1909f56bfc062723c751e8b465ee728b)  -> (artifact id: 'a422322a758522fb613738b5f7f55b7b') in 0.017088 seconds 
========================================================================
Received Import Request.
  Time since last request: 0.000035 seconds.
  path: Assets/Polygon-City Megapolis/Prefab/SeaPort/SM_railas_01.prefab
  artifactKey: Guid(89283db03f54f744a96aed5417ab82ce) Importer(815301076,1909f56bfc062723c751e8b465ee728b)
Start importing Assets/Polygon-City Megapolis/Prefab/SeaPort/SM_railas_01.prefab using Guid(89283db03f54f744a96aed5417ab82ce) Importer(815301076,1909f56bfc062723c751e8b465ee728b)  -> (artifact id: '416a1c5b3e82402d78e9ae1e021dda8c') in 0.020530 seconds 
========================================================================
Received Import Request.
  Time since last request: 0.000046 seconds.
  path: Assets/Polygon-City Megapolis/Prefab/SeaPort/SM_Ships_02.prefab
  artifactKey: Guid(8a5b4ce01f03f404798e2ec9e9a081c7) Importer(815301076,1909f56bfc062723c751e8b465ee728b)
Start importing Assets/Polygon-City Megapolis/Prefab/SeaPort/SM_Ships_02.prefab using Guid(8a5b4ce01f03f404798e2ec9e9a081c7) Importer(815301076,1909f56bfc062723c751e8b465ee728b)  -> (artifact id: 'a8738388ba7f88be368865443aa2216b') in 0.018833 seconds 
========================================================================
Received Import Request.
  Time since last request: 0.000072 seconds.
  path: Assets/Polygon-City Megapolis/Prefab/SeaPort/SM_cargo_01.prefab
  artifactKey: Guid(64d902298a8434c4589423181cf5e046) Importer(815301076,1909f56bfc062723c751e8b465ee728b)
Start importing Assets/Polygon-City Megapolis/Prefab/SeaPort/SM_cargo_01.prefab using Guid(64d902298a8434c4589423181cf5e046) Importer(815301076,1909f56bfc062723c751e8b465ee728b)  -> (artifact id: '3e236f99fdd9c7af766be28f387f7d48') in 0.016837 seconds 
========================================================================
Received Import Request.
  Time since last request: 0.000049 seconds.
  path: Assets/Polygon-City Megapolis/Prefab/SeaPort/SM_cargo_02.prefab
  artifactKey: Guid(797b572e7b8b000459eb3d9af6a6ae80) Importer(815301076,1909f56bfc062723c751e8b465ee728b)
Start importing Assets/Polygon-City Megapolis/Prefab/SeaPort/SM_cargo_02.prefab using Guid(797b572e7b8b000459eb3d9af6a6ae80) Importer(815301076,1909f56bfc062723c751e8b465ee728b)  -> (artifact id: 'deffc388065b807f0f04d870d4c3015e') in 0.016815 seconds 
========================================================================
Received Import Request.
  Time since last request: 0.000034 seconds.
  path: Assets/Polygon-City Megapolis/Prefab/SeaPort/SM_trailer_02.prefab
  artifactKey: Guid(f696e3f11e399c542b48bfa996e50c66) Importer(815301076,1909f56bfc062723c751e8b465ee728b)
Start importing Assets/Polygon-City Megapolis/Prefab/SeaPort/SM_trailer_02.prefab using Guid(f696e3f11e399c542b48bfa996e50c66) Importer(815301076,1909f56bfc062723c751e8b465ee728b)  -> (artifact id: '58af52d9b7daba665fbbbffd831a5b7f') in 0.019616 seconds 
========================================================================
Received Import Request.
  Time since last request: 0.000027 seconds.
  path: Assets/Polygon-City Megapolis/Prefab/SeaPort/SM_fuel_barrel_01.prefab
  artifactKey: Guid(2f8df9582eed1354795713f08c9549f8) Importer(815301076,1909f56bfc062723c751e8b465ee728b)
Start importing Assets/Polygon-City Megapolis/Prefab/SeaPort/SM_fuel_barrel_01.prefab using Guid(2f8df9582eed1354795713f08c9549f8) Importer(815301076,1909f56bfc062723c751e8b465ee728b)  -> (artifact id: '84706560fd2ce7b490449af1a4e7de12') in 0.017382 seconds 
========================================================================
Received Import Request.
  Time since last request: 0.000028 seconds.
  path: Assets/Polygon-City Megapolis/Prefab/SeaPort/SM_Lighthouse_01.prefab
  artifactKey: Guid(9d224ce170e91814d8f82d6ce5f80e58) Importer(815301076,1909f56bfc062723c751e8b465ee728b)
Start importing Assets/Polygon-City Megapolis/Prefab/SeaPort/SM_Lighthouse_01.prefab using Guid(9d224ce170e91814d8f82d6ce5f80e58) Importer(815301076,1909f56bfc062723c751e8b465ee728b)  -> (artifact id: '7a47a5dd1352e5874585a58810dd4f12') in 0.019177 seconds 
========================================================================
Received Import Request.
  Time since last request: 0.873202 seconds.
  path: Assets/Polygon-City Megapolis/Prefab/Tech/SM_basin_01.prefab
  artifactKey: Guid(7463fbd023de29a40b0d678c5168830e) Importer(815301076,1909f56bfc062723c751e8b465ee728b)
Start importing Assets/Polygon-City Megapolis/Prefab/Tech/SM_basin_01.prefab using Guid(7463fbd023de29a40b0d678c5168830e) Importer(815301076,1909f56bfc062723c751e8b465ee728b)  -> (artifact id: 'b64b422aa3297123fca2c2fc3141af6c') in 0.019775 seconds 
========================================================================
Received Import Request.
  Time since last request: 0.000029 seconds.
  path: Assets/Polygon-City Megapolis/Prefab/Tech/SM_RTS_01.prefab
  artifactKey: Guid(32014870dd89b28418a42d8f031fd293) Importer(815301076,1909f56bfc062723c751e8b465ee728b)
Start importing Assets/Polygon-City Megapolis/Prefab/Tech/SM_RTS_01.prefab using Guid(32014870dd89b28418a42d8f031fd293) Importer(815301076,1909f56bfc062723c751e8b465ee728b)  -> (artifact id: 'c4de348ef1c091ad49221c48a7f90b2a') in 0.018904 seconds 
========================================================================
Received Import Request.
  Time since last request: 0.000038 seconds.
  path: Assets/Polygon-City Megapolis/Prefab/Tech/SM_gas_pipeline_05.prefab
  artifactKey: Guid(accffd39d2fd408458cdb828ed84f304) Importer(815301076,1909f56bfc062723c751e8b465ee728b)
Start importing Assets/Polygon-City Megapolis/Prefab/Tech/SM_gas_pipeline_05.prefab using Guid(accffd39d2fd408458cdb828ed84f304) Importer(815301076,1909f56bfc062723c751e8b465ee728b)  -> (artifact id: 'b1e754996f4792a50739a4e580d22036') in 0.016868 seconds 
========================================================================
Received Import Request.
  Time since last request: 0.000027 seconds.
  path: Assets/Polygon-City Megapolis/Prefab/Tech/SM_piping_03.prefab
  artifactKey: Guid(be2212f233bf990419f2e7765eb06867) Importer(815301076,1909f56bfc062723c751e8b465ee728b)
Start importing Assets/Polygon-City Megapolis/Prefab/Tech/SM_piping_03.prefab using Guid(be2212f233bf990419f2e7765eb06867) Importer(815301076,1909f56bfc062723c751e8b465ee728b)  -> (artifact id: '749329cd7e49d0ad4e9d8c7acec7caec') in 0.023505 seconds 
========================================================================
Received Import Request.
  Time since last request: 0.000028 seconds.
  path: Assets/Polygon-City Megapolis/Prefab/Tech/SM_CHIMNEY_01.prefab
  artifactKey: Guid(e2e103e64d043764087c51c40a699c41) Importer(815301076,1909f56bfc062723c751e8b465ee728b)
Start importing Assets/Polygon-City Megapolis/Prefab/Tech/SM_CHIMNEY_01.prefab using Guid(e2e103e64d043764087c51c40a699c41) Importer(815301076,1909f56bfc062723c751e8b465ee728b)  -> (artifact id: '9ac109e029881cf28344957048112baa') in 0.017560 seconds 
========================================================================
Received Import Request.
  Time since last request: 0.000029 seconds.
  path: Assets/Polygon-City Megapolis/Prefab/Tech/SM_piping_01.prefab
  artifactKey: Guid(2c6698b58cc995d439a9e85bd58822dd) Importer(815301076,1909f56bfc062723c751e8b465ee728b)
Start importing Assets/Polygon-City Megapolis/Prefab/Tech/SM_piping_01.prefab using Guid(2c6698b58cc995d439a9e85bd58822dd) Importer(815301076,1909f56bfc062723c751e8b465ee728b)  -> (artifact id: 'c22ce39e3d9caae88d6fe2ae899c25f5') in 0.016472 seconds 
========================================================================
Received Import Request.
  Time since last request: 0.000037 seconds.
  path: Assets/Polygon-City Megapolis/Prefab/Tech/SM_storage_tank_02.prefab
  artifactKey: Guid(0c65dc0c036a0f14d9b023c1043b997d) Importer(815301076,1909f56bfc062723c751e8b465ee728b)
Start importing Assets/Polygon-City Megapolis/Prefab/Tech/SM_storage_tank_02.prefab using Guid(0c65dc0c036a0f14d9b023c1043b997d) Importer(815301076,1909f56bfc062723c751e8b465ee728b)  -> (artifact id: '15f3167d5719b0155bfa0bc627cedc11') in 0.016337 seconds 
========================================================================
Received Import Request.
  Time since last request: 0.000026 seconds.
  path: Assets/Polygon-City Megapolis/Prefab/Tech/SM_piping_02.prefab
  artifactKey: Guid(144737281675e1c409e7d131320aa40e) Importer(815301076,1909f56bfc062723c751e8b465ee728b)
Start importing Assets/Polygon-City Megapolis/Prefab/Tech/SM_piping_02.prefab using Guid(144737281675e1c409e7d131320aa40e) Importer(815301076,1909f56bfc062723c751e8b465ee728b)  -> (artifact id: '9a2f236aa39826bfcd0e048c7853dd0c') in 0.018137 seconds 
========================================================================
Received Import Request.
  Time since last request: 0.000029 seconds.
  path: Assets/Polygon-City Megapolis/Prefab/Tech/SM_TEC_01.prefab
  artifactKey: Guid(322eb60165f032b43b3757536f2c31e6) Importer(815301076,1909f56bfc062723c751e8b465ee728b)
Start importing Assets/Polygon-City Megapolis/Prefab/Tech/SM_TEC_01.prefab using Guid(322eb60165f032b43b3757536f2c31e6) Importer(815301076,1909f56bfc062723c751e8b465ee728b)  -> (artifact id: '424b45dd84bd4c26357a6c0f33edb574') in 0.017287 seconds 
========================================================================
Received Import Request.
  Time since last request: 0.000054 seconds.
  path: Assets/Polygon-City Megapolis/Prefab/Tech/SM_solar_panel_01.prefab
  artifactKey: Guid(05e5b1a5c9a89ae459ce0ca596c5c078) Importer(815301076,1909f56bfc062723c751e8b465ee728b)
Start importing Assets/Polygon-City Megapolis/Prefab/Tech/SM_solar_panel_01.prefab using Guid(05e5b1a5c9a89ae459ce0ca596c5c078) Importer(815301076,1909f56bfc062723c751e8b465ee728b)  -> (artifact id: '86c3e17d5f786ae0ee29533473015f37') in 0.017035 seconds 
========================================================================
Received Import Request.
  Time since last request: 0.000033 seconds.
  path: Assets/Polygon-City Megapolis/Prefab/Tech/SM_solar_panel_02.prefab
  artifactKey: Guid(6c2b274db4fe27948b335fc4d86ba83f) Importer(815301076,1909f56bfc062723c751e8b465ee728b)
Start importing Assets/Polygon-City Megapolis/Prefab/Tech/SM_solar_panel_02.prefab using Guid(6c2b274db4fe27948b335fc4d86ba83f) Importer(815301076,1909f56bfc062723c751e8b465ee728b)  -> (artifact id: '32107d71492d5bf2d0fe77092d1e08de') in 0.021450 seconds 
========================================================================
Received Import Request.
  Time since last request: 0.000033 seconds.
  path: Assets/Polygon-City Megapolis/Prefab/Tech/SM_gas_pipeline_03.prefab
  artifactKey: Guid(dd48d13e6b4656048a14e09316bb7260) Importer(815301076,1909f56bfc062723c751e8b465ee728b)
Start importing Assets/Polygon-City Megapolis/Prefab/Tech/SM_gas_pipeline_03.prefab using Guid(dd48d13e6b4656048a14e09316bb7260) Importer(815301076,1909f56bfc062723c751e8b465ee728b)  -> (artifact id: 'af6529f6a1123a79702bfa61f24cf623') in 0.027755 seconds 
========================================================================
Received Import Request.
  Time since last request: 0.000035 seconds.
  path: Assets/Polygon-City Megapolis/Prefab/Tech/SM_gas_pipeline_04.prefab
  artifactKey: Guid(e8531c2e6d56e684ca961761b4d6c230) Importer(815301076,1909f56bfc062723c751e8b465ee728b)
Start importing Assets/Polygon-City Megapolis/Prefab/Tech/SM_gas_pipeline_04.prefab using Guid(e8531c2e6d56e684ca961761b4d6c230) Importer(815301076,1909f56bfc062723c751e8b465ee728b)  -> (artifact id: 'ad041456facee2e94f7f6813166c9842') in 0.017269 seconds 
========================================================================
Received Import Request.
  Time since last request: 0.000044 seconds.
  path: Assets/Polygon-City Megapolis/Prefab/Tech/SM_piping_04.prefab
  artifactKey: Guid(62cea957061ed724ea2adfd2389d1ba2) Importer(815301076,1909f56bfc062723c751e8b465ee728b)
Start importing Assets/Polygon-City Megapolis/Prefab/Tech/SM_piping_04.prefab using Guid(62cea957061ed724ea2adfd2389d1ba2) Importer(815301076,1909f56bfc062723c751e8b465ee728b)  -> (artifact id: '957824ddd52bc3e757977bc955f746e6') in 0.018422 seconds 
========================================================================
Received Import Request.
  Time since last request: 0.000050 seconds.
  path: Assets/Polygon-City Megapolis/Prefab/Tech/SM_storage_tank_01.prefab
  artifactKey: Guid(e6f13cb2d53bd8f48a9b1520ba4273e6) Importer(815301076,1909f56bfc062723c751e8b465ee728b)
Start importing Assets/Polygon-City Megapolis/Prefab/Tech/SM_storage_tank_01.prefab using Guid(e6f13cb2d53bd8f48a9b1520ba4273e6) Importer(815301076,1909f56bfc062723c751e8b465ee728b)  -> (artifact id: 'fa16712b72cb91821e0afb6df29a1ef7') in 0.018784 seconds 
========================================================================
Received Import Request.
  Time since last request: 13.066576 seconds.
  path: Assets/Polygon-City Megapolis/Prefab/Text/SM_Large_A.prefab
  artifactKey: Guid(072282ea03b4920429eaccb18b660565) Importer(815301076,1909f56bfc062723c751e8b465ee728b)
Start importing Assets/Polygon-City Megapolis/Prefab/Text/SM_Large_A.prefab using Guid(072282ea03b4920429eaccb18b660565) Importer(815301076,1909f56bfc062723c751e8b465ee728b)  -> (artifact id: '0069bcd6939dab31fadd671386457b73') in 0.020480 seconds 
========================================================================
Received Import Request.
  Time since last request: 0.000027 seconds.
  path: Assets/Polygon-City Megapolis/Prefab/Text/SM_Large_I.prefab
  artifactKey: Guid(bc09c067e12455a4dbb07cf2a80fea5a) Importer(815301076,1909f56bfc062723c751e8b465ee728b)
Start importing Assets/Polygon-City Megapolis/Prefab/Text/SM_Large_I.prefab using Guid(bc09c067e12455a4dbb07cf2a80fea5a) Importer(815301076,1909f56bfc062723c751e8b465ee728b)  -> (artifact id: '6597fa1d5f1d7832f698e23a7079c9ea') in 0.045069 seconds 
========================================================================
Received Import Request.
  Time since last request: 0.000029 seconds.
  path: Assets/Polygon-City Megapolis/Prefab/Text/SM_Num_4.prefab
  artifactKey: Guid(10283627eb824024188c2e2fcdc5f327) Importer(815301076,1909f56bfc062723c751e8b465ee728b)
Start importing Assets/Polygon-City Megapolis/Prefab/Text/SM_Num_4.prefab using Guid(10283627eb824024188c2e2fcdc5f327) Importer(815301076,1909f56bfc062723c751e8b465ee728b)  -> (artifact id: '70162a0578e8d14a9bcba97ff422a0f6') in 0.048148 seconds 
========================================================================
Received Import Request.
  Time since last request: 0.000040 seconds.
  path: Assets/Polygon-City Megapolis/Prefab/Text/SM_Large_S.prefab
  artifactKey: Guid(55f6955fe95651c42a120d95db38d5a1) Importer(815301076,1909f56bfc062723c751e8b465ee728b)
Start importing Assets/Polygon-City Megapolis/Prefab/Text/SM_Large_S.prefab using Guid(55f6955fe95651c42a120d95db38d5a1) Importer(815301076,1909f56bfc062723c751e8b465ee728b)  -> (artifact id: 'b8f0df4a3dc96e3935819cdec8818f03') in 0.065356 seconds 
========================================================================
Received Import Request.
  Time since last request: 0.000034 seconds.
  path: Assets/Polygon-City Megapolis/Prefab/Text/SM_Large_H.prefab
  artifactKey: Guid(a84918f75a478144ab983b49974523a1) Importer(815301076,1909f56bfc062723c751e8b465ee728b)
Start importing Assets/Polygon-City Megapolis/Prefab/Text/SM_Large_H.prefab using Guid(a84918f75a478144ab983b49974523a1) Importer(815301076,1909f56bfc062723c751e8b465ee728b)  -> (artifact id: '637fc53aaee2e5650f267d8296b4f0b8') in 0.042775 seconds 
========================================================================
Received Import Request.
  Time since last request: 0.000029 seconds.
  path: Assets/Polygon-City Megapolis/Prefab/Text/SM_Large_X.prefab
  artifactKey: Guid(65ea50e85ec606344908b689e70868ea) Importer(815301076,1909f56bfc062723c751e8b465ee728b)
Start importing Assets/Polygon-City Megapolis/Prefab/Text/SM_Large_X.prefab using Guid(65ea50e85ec606344908b689e70868ea) Importer(815301076,1909f56bfc062723c751e8b465ee728b)  -> (artifact id: 'e759f5e85410b0b2b887e30a0fa5aea0') in 0.017918 seconds 
========================================================================
Received Import Request.
  Time since last request: 0.000033 seconds.
  path: Assets/Polygon-City Megapolis/Prefab/Text/SM_Num_2.prefab
  artifactKey: Guid(d051843622e7c574187e4911ea099391) Importer(815301076,1909f56bfc062723c751e8b465ee728b)
Start importing Assets/Polygon-City Megapolis/Prefab/Text/SM_Num_2.prefab using Guid(d051843622e7c574187e4911ea099391) Importer(815301076,1909f56bfc062723c751e8b465ee728b)  -> (artifact id: '0211a2b5228f52c432c9e248d2b144ac') in 0.018577 seconds 
========================================================================
Received Import Request.
  Time since last request: 0.000037 seconds.
  path: Assets/Polygon-City Megapolis/Prefab/Text/SM_Large_M.prefab
  artifactKey: Guid(f50a546e41174f1419491b3bff6ce28e) Importer(815301076,1909f56bfc062723c751e8b465ee728b)
Start importing Assets/Polygon-City Megapolis/Prefab/Text/SM_Large_M.prefab using Guid(f50a546e41174f1419491b3bff6ce28e) Importer(815301076,1909f56bfc062723c751e8b465ee728b)  -> (artifact id: '8eb0f5d4d1354808fea1e546d8227f69') in 0.018288 seconds 
========================================================================
Received Import Request.
  Time since last request: 0.000037 seconds.
  path: Assets/Polygon-City Megapolis/Prefab/Text/SM_Num_3.prefab
  artifactKey: Guid(6f758b8826a0c154b9896e570d40d9a4) Importer(815301076,1909f56bfc062723c751e8b465ee728b)
Start importing Assets/Polygon-City Megapolis/Prefab/Text/SM_Num_3.prefab using Guid(6f758b8826a0c154b9896e570d40d9a4) Importer(815301076,1909f56bfc062723c751e8b465ee728b)  -> (artifact id: 'e07485bfa0b67827bda1877b3969c86a') in 0.017434 seconds 
========================================================================
Received Import Request.
  Time since last request: 0.000025 seconds.
  path: Assets/Polygon-City Megapolis/Prefab/Text/SM_Large_T.prefab
  artifactKey: Guid(f3cec8d4172aa4e4c8f3dfc91ecb6efa) Importer(815301076,1909f56bfc062723c751e8b465ee728b)
Start importing Assets/Polygon-City Megapolis/Prefab/Text/SM_Large_T.prefab using Guid(f3cec8d4172aa4e4c8f3dfc91ecb6efa) Importer(815301076,1909f56bfc062723c751e8b465ee728b)  -> (artifact id: '44b6c4744333fb53b59ff641f927a7a5') in 0.016449 seconds 
========================================================================
Received Import Request.
  Time since last request: 0.000029 seconds.
  path: Assets/Polygon-City Megapolis/Prefab/Text/SM_Large_L.prefab
  artifactKey: Guid(bb56c1cbb9fb2f8478916eb467f21419) Importer(815301076,1909f56bfc062723c751e8b465ee728b)
Start importing Assets/Polygon-City Megapolis/Prefab/Text/SM_Large_L.prefab using Guid(bb56c1cbb9fb2f8478916eb467f21419) Importer(815301076,1909f56bfc062723c751e8b465ee728b)  -> (artifact id: '75094e6ce3f572e39f00aca1a9cb363a') in 0.016947 seconds 
========================================================================
Received Import Request.
  Time since last request: 0.000034 seconds.
  path: Assets/Polygon-City Megapolis/Prefab/Text/SM_Large_F.prefab
  artifactKey: Guid(669ec37109349c1419db6e18951562c1) Importer(815301076,1909f56bfc062723c751e8b465ee728b)
Start importing Assets/Polygon-City Megapolis/Prefab/Text/SM_Large_F.prefab using Guid(669ec37109349c1419db6e18951562c1) Importer(815301076,1909f56bfc062723c751e8b465ee728b)  -> (artifact id: '634aec7ae8903027f81bcaedd08a18b7') in 0.017254 seconds 
========================================================================
Received Import Request.
  Time since last request: 0.000038 seconds.
  path: Assets/Polygon-City Megapolis/Prefab/Text/SM_Large_P.prefab
  artifactKey: Guid(280f47572cd44d7488500354d2391c66) Importer(815301076,1909f56bfc062723c751e8b465ee728b)
Start importing Assets/Polygon-City Megapolis/Prefab/Text/SM_Large_P.prefab using Guid(280f47572cd44d7488500354d2391c66) Importer(815301076,1909f56bfc062723c751e8b465ee728b)  -> (artifact id: '554f6e132d3c00d565c4001331bd6436') in 0.022788 seconds 
========================================================================
Received Import Request.
  Time since last request: 0.000030 seconds.
  path: Assets/Polygon-City Megapolis/Prefab/Text/SM_Large_O.prefab
  artifactKey: Guid(be31ebf2f3f14304695eb65d06353a54) Importer(815301076,1909f56bfc062723c751e8b465ee728b)
Start importing Assets/Polygon-City Megapolis/Prefab/Text/SM_Large_O.prefab using Guid(be31ebf2f3f14304695eb65d06353a54) Importer(815301076,1909f56bfc062723c751e8b465ee728b)  -> (artifact id: '5f3dd4f318013833b8c42d7e27ab6a0b') in 0.020546 seconds 
========================================================================
Received Import Request.
  Time since last request: 0.000024 seconds.
  path: Assets/Polygon-City Megapolis/Prefab/Text/SM_Large_Y.prefab
  artifactKey: Guid(3bb7be806e9acc64f95a91cec420a574) Importer(815301076,1909f56bfc062723c751e8b465ee728b)
Start importing Assets/Polygon-City Megapolis/Prefab/Text/SM_Large_Y.prefab using Guid(3bb7be806e9acc64f95a91cec420a574) Importer(815301076,1909f56bfc062723c751e8b465ee728b)  -> (artifact id: 'd3cdcea82d42ae4c1db399fbb6615ddb') in 0.015969 seconds 
========================================================================
Received Import Request.
  Time since last request: 1.883293 seconds.
  path: Assets/Polygon-City Megapolis/Prefab/Text/SM_Num_5.prefab
  artifactKey: Guid(a70937f0ae103e044bcbd4372071e4c6) Importer(815301076,1909f56bfc062723c751e8b465ee728b)
Start importing Assets/Polygon-City Megapolis/Prefab/Text/SM_Num_5.prefab using Guid(a70937f0ae103e044bcbd4372071e4c6) Importer(815301076,1909f56bfc062723c751e8b465ee728b)  -> (artifact id: '0f7acbcddf3ab75ba375d8daffd8162e') in 0.018159 seconds 
========================================================================
Received Import Request.
  Time since last request: 0.000028 seconds.
  path: Assets/Polygon-City Megapolis/Prefab/Text/SM_Num_9.prefab
  artifactKey: Guid(c7c40f82d7d9a4641b64fc71d2026c13) Importer(815301076,1909f56bfc062723c751e8b465ee728b)
Start importing Assets/Polygon-City Megapolis/Prefab/Text/SM_Num_9.prefab using Guid(c7c40f82d7d9a4641b64fc71d2026c13) Importer(815301076,1909f56bfc062723c751e8b465ee728b)  -> (artifact id: '16fb67eba7894de95d694b667e65f412') in 0.023543 seconds 
========================================================================
Received Import Request.
  Time since last request: 0.001598 seconds.
  path: Assets/Polygon-City Megapolis/Prefab/Text/SM_Small_a.prefab
  artifactKey: Guid(1fc02288c9d1eb64a9d3d2eb421f29a9) Importer(815301076,1909f56bfc062723c751e8b465ee728b)
Start importing Assets/Polygon-City Megapolis/Prefab/Text/SM_Small_a.prefab using Guid(1fc02288c9d1eb64a9d3d2eb421f29a9) Importer(815301076,1909f56bfc062723c751e8b465ee728b)  -> (artifact id: '9f4108f3fa3f789d258e6490c616bc9c') in 0.022103 seconds 
========================================================================
Received Import Request.
  Time since last request: 0.000033 seconds.
  path: Assets/Polygon-City Megapolis/Prefab/Text/SM_Small_d.prefab
  artifactKey: Guid(2383256cee83ccc499ef06abf902ffae) Importer(815301076,1909f56bfc062723c751e8b465ee728b)
Start importing Assets/Polygon-City Megapolis/Prefab/Text/SM_Small_d.prefab using Guid(2383256cee83ccc499ef06abf902ffae) Importer(815301076,1909f56bfc062723c751e8b465ee728b)  -> (artifact id: '09f9b93262cb2540458ef2f1e0e65d25') in 0.017998 seconds 
========================================================================
Received Import Request.
  Time since last request: 0.675509 seconds.
  path: Assets/Polygon-City Megapolis/Prefab/Text/SM_Small_g.prefab
  artifactKey: Guid(6f36c0aa88020a04cb3952e7c69dcfa2) Importer(815301076,1909f56bfc062723c751e8b465ee728b)
Start importing Assets/Polygon-City Megapolis/Prefab/Text/SM_Small_g.prefab using Guid(6f36c0aa88020a04cb3952e7c69dcfa2) Importer(815301076,1909f56bfc062723c751e8b465ee728b)  -> (artifact id: '687b365a159e672cba1c5cc79ebea615') in 0.020354 seconds 
========================================================================
Received Import Request.
  Time since last request: 0.000032 seconds.
  path: Assets/Polygon-City Megapolis/Prefab/Text/SM_Small_k.prefab
  artifactKey: Guid(8bb0af686a1e23644927630455f1d6e2) Importer(815301076,1909f56bfc062723c751e8b465ee728b)
Start importing Assets/Polygon-City Megapolis/Prefab/Text/SM_Small_k.prefab using Guid(8bb0af686a1e23644927630455f1d6e2) Importer(815301076,1909f56bfc062723c751e8b465ee728b)  -> (artifact id: '43d0f148878b765fe4cd02bd0fd9adb3') in 0.031974 seconds 
========================================================================
Received Import Request.
  Time since last request: 0.000029 seconds.
  path: Assets/Polygon-City Megapolis/Prefab/Text/SM_Small_s.prefab
  artifactKey: Guid(32ac31bef170cc642b93bbe305f20f8f) Importer(815301076,1909f56bfc062723c751e8b465ee728b)
Start importing Assets/Polygon-City Megapolis/Prefab/Text/SM_Small_s.prefab using Guid(32ac31bef170cc642b93bbe305f20f8f) Importer(815301076,1909f56bfc062723c751e8b465ee728b)  -> (artifact id: 'bc92929d44db05f7aca329cac25ac63b') in 0.018926 seconds 
========================================================================
Received Import Request.
  Time since last request: 0.000039 seconds.
  path: Assets/Polygon-City Megapolis/Prefab/Text/SM_Small_n.prefab
  artifactKey: Guid(86ac4d1b086625c4599a88c9a38c9ea8) Importer(815301076,1909f56bfc062723c751e8b465ee728b)
Start importing Assets/Polygon-City Megapolis/Prefab/Text/SM_Small_n.prefab using Guid(86ac4d1b086625c4599a88c9a38c9ea8) Importer(815301076,1909f56bfc062723c751e8b465ee728b)  -> (artifact id: '8369335c18f12454231ff42682ff5cea') in 0.027933 seconds 
========================================================================
Received Import Request.
  Time since last request: 0.417650 seconds.
  path: Assets/Polygon-City Megapolis/Prefab/Text/SM_Small_t.prefab
  artifactKey: Guid(35d8c0a30c12bd44b971002a5d70b3c0) Importer(815301076,1909f56bfc062723c751e8b465ee728b)
Start importing Assets/Polygon-City Megapolis/Prefab/Text/SM_Small_t.prefab using Guid(35d8c0a30c12bd44b971002a5d70b3c0) Importer(815301076,1909f56bfc062723c751e8b465ee728b)  -> (artifact id: '14761a4e0c1d139ce8c86c0e3556288b') in 0.022222 seconds 
========================================================================
Received Import Request.
  Time since last request: 0.000034 seconds.
  path: Assets/Polygon-City Megapolis/Prefab/Text/SM_Small_w.prefab
  artifactKey: Guid(019815c1869631e4483f5424d14d4977) Importer(815301076,1909f56bfc062723c751e8b465ee728b)
Start importing Assets/Polygon-City Megapolis/Prefab/Text/SM_Small_w.prefab using Guid(019815c1869631e4483f5424d14d4977) Importer(815301076,1909f56bfc062723c751e8b465ee728b)  -> (artifact id: 'a51a9bc0389725ff2b8e5148994d6c0b') in 0.027409 seconds 
========================================================================
Received Import Request.
  Time since last request: 1.453576 seconds.
  path: Assets/Polygon-City Megapolis/Prefab/Vehicles/SM_Ambulance.prefab
  artifactKey: Guid(02e9d7fd7cb32234ea539465112c6d5d) Importer(815301076,1909f56bfc062723c751e8b465ee728b)
Start importing Assets/Polygon-City Megapolis/Prefab/Vehicles/SM_Ambulance.prefab using Guid(02e9d7fd7cb32234ea539465112c6d5d) Importer(815301076,1909f56bfc062723c751e8b465ee728b)  -> (artifact id: '1832f6b2153e0759c421d62112b788af') in 0.045493 seconds 
========================================================================
Received Import Request.
  Time since last request: 0.000026 seconds.
  path: Assets/Polygon-City Megapolis/Prefab/Vehicles/SM_Premium_Car_02.prefab
  artifactKey: Guid(abec963e837824c48b851af2b6d4629b) Importer(815301076,1909f56bfc062723c751e8b465ee728b)
Start importing Assets/Polygon-City Megapolis/Prefab/Vehicles/SM_Premium_Car_02.prefab using Guid(abec963e837824c48b851af2b6d4629b) Importer(815301076,1909f56bfc062723c751e8b465ee728b)  -> (artifact id: 'ce23882af10fd2368f35db10028b5651') in 0.077017 seconds 
========================================================================
Received Import Request.
  Time since last request: 0.000034 seconds.
  path: Assets/Polygon-City Megapolis/Prefab/Vehicles/SM_Midl_Car_01.prefab
  artifactKey: Guid(c63b62d9f49a74e4aac660f1dd20c70a) Importer(815301076,1909f56bfc062723c751e8b465ee728b)
Start importing Assets/Polygon-City Megapolis/Prefab/Vehicles/SM_Midl_Car_01.prefab using Guid(c63b62d9f49a74e4aac660f1dd20c70a) Importer(815301076,1909f56bfc062723c751e8b465ee728b)  -> (artifact id: 'f474aa8f8712cfb6bc9e81d6b2b6a735') in 0.048062 seconds 
========================================================================
Received Import Request.
  Time since last request: 2.260019 seconds.
  path: Assets/Polygon-City Megapolis/Models/Airport/SM_airplane_01.fbx
  artifactKey: Guid(ba9c930822a96c84881b7b71f353f06c) Importer(815301076,1909f56bfc062723c751e8b465ee728b)
Start importing Assets/Polygon-City Megapolis/Models/Airport/SM_airplane_01.fbx using Guid(ba9c930822a96c84881b7b71f353f06c) Importer(815301076,1909f56bfc062723c751e8b465ee728b)  -> (artifact id: 'f3fcfd6e7a6e5ce94bd41786b2e3bd22') in 0.119787 seconds 
========================================================================
Received Import Request.
  Time since last request: 0.000042 seconds.
  path: Assets/Polygon-City Megapolis/Models/Airport/SM_Light_01.fbx
  artifactKey: Guid(068248db1c4777849855300f57365d02) Importer(815301076,1909f56bfc062723c751e8b465ee728b)
Start importing Assets/Polygon-City Megapolis/Models/Airport/SM_Light_01.fbx using Guid(068248db1c4777849855300f57365d02) Importer(815301076,1909f56bfc062723c751e8b465ee728b)  -> (artifact id: '458779ad9a5da03e13ca45fb15acc852') in 0.047267 seconds 
========================================================================
Received Import Request.
  Time since last request: 0.000030 seconds.
  path: Assets/Polygon-City Megapolis/Models/Airport/SM_runway_strip_09.fbx
  artifactKey: Guid(cc33b7cd58aec244eba27decb5a81c46) Importer(815301076,1909f56bfc062723c751e8b465ee728b)
Start importing Assets/Polygon-City Megapolis/Models/Airport/SM_runway_strip_09.fbx using Guid(cc33b7cd58aec244eba27decb5a81c46) Importer(815301076,1909f56bfc062723c751e8b465ee728b)  -> (artifact id: '9740bb1ac005e3c42d8edc2db3a8910f') in 0.039304 seconds 
========================================================================
Received Import Request.
  Time since last request: 0.000027 seconds.
  path: Assets/Polygon-City Megapolis/Models/Airport/SM_runway_strip_07.fbx
  artifactKey: Guid(46f5880daf9f08c4fbf73f37ce8fa230) Importer(815301076,1909f56bfc062723c751e8b465ee728b)
Start importing Assets/Polygon-City Megapolis/Models/Airport/SM_runway_strip_07.fbx using Guid(46f5880daf9f08c4fbf73f37ce8fa230) Importer(815301076,1909f56bfc062723c751e8b465ee728b)  -> (artifact id: '1b0b14d90180bf7a2e9aa2ccb81c12a6') in 0.044049 seconds 
========================================================================
Received Import Request.
  Time since last request: 0.000038 seconds.
  path: Assets/Polygon-City Megapolis/Models/Airport/SM_runway_strip_05.fbx
  artifactKey: Guid(312cbff03b86e144b862c7c51ecd68e4) Importer(815301076,1909f56bfc062723c751e8b465ee728b)
Start importing Assets/Polygon-City Megapolis/Models/Airport/SM_runway_strip_05.fbx using Guid(312cbff03b86e144b862c7c51ecd68e4) Importer(815301076,1909f56bfc062723c751e8b465ee728b)  -> (artifact id: '73ad5c222cb545a32dcc653fc95a3be0') in 0.039522 seconds 
========================================================================
Received Import Request.
  Time since last request: 0.000028 seconds.
  path: Assets/Polygon-City Megapolis/Models/Airport/SM_Light_04.fbx
  artifactKey: Guid(6efe382aef804c24d9d510eeac82011e) Importer(815301076,1909f56bfc062723c751e8b465ee728b)
Start importing Assets/Polygon-City Megapolis/Models/Airport/SM_Light_04.fbx using Guid(6efe382aef804c24d9d510eeac82011e) Importer(815301076,1909f56bfc062723c751e8b465ee728b)  -> (artifact id: '4ccace439a221a75c429d6dc8f1888b2') in 0.018934 seconds 
========================================================================
Received Import Request.
  Time since last request: 0.000033 seconds.
  path: Assets/Polygon-City Megapolis/Models/Airport/SM_water_tower_01.fbx
  artifactKey: Guid(1dee8f6f489e0a7408dd950111c51878) Importer(815301076,1909f56bfc062723c751e8b465ee728b)
Start importing Assets/Polygon-City Megapolis/Models/Airport/SM_water_tower_01.fbx using Guid(1dee8f6f489e0a7408dd950111c51878) Importer(815301076,1909f56bfc062723c751e8b465ee728b)  -> (artifact id: '99d78728395a0fc6c69ed46350405e57') in 0.020374 seconds 
========================================================================
Received Import Request.
  Time since last request: 0.000025 seconds.
  path: Assets/Polygon-City Megapolis/Models/Airport/SM_runway_strip_10.fbx
  artifactKey: Guid(bb55928f00e5de14c85edd11d2edd499) Importer(815301076,1909f56bfc062723c751e8b465ee728b)
Start importing Assets/Polygon-City Megapolis/Models/Airport/SM_runway_strip_10.fbx using Guid(bb55928f00e5de14c85edd11d2edd499) Importer(815301076,1909f56bfc062723c751e8b465ee728b)  -> (artifact id: '841df5f78df8df1cd103e4ce898e3afc') in 0.018975 seconds 
========================================================================
Received Import Request.
  Time since last request: 0.000038 seconds.
  path: Assets/Polygon-City Megapolis/Models/Airport/SM_runway_strip_04.fbx
  artifactKey: Guid(1deb13e20dfa98c4eb70fc1c5498f2f5) Importer(815301076,1909f56bfc062723c751e8b465ee728b)
Start importing Assets/Polygon-City Megapolis/Models/Airport/SM_runway_strip_04.fbx using Guid(1deb13e20dfa98c4eb70fc1c5498f2f5) Importer(815301076,1909f56bfc062723c751e8b465ee728b)  -> (artifact id: 'd3371cd824544d1f3f5e58add49db79f') in 0.019439 seconds 
========================================================================
Received Import Request.
  Time since last request: 0.000042 seconds.
  path: Assets/Polygon-City Megapolis/Models/Airport/SM_runway_strip_01.fbx
  artifactKey: Guid(bfa8bf22432159c4c8ebf174a74c216d) Importer(815301076,1909f56bfc062723c751e8b465ee728b)
Start importing Assets/Polygon-City Megapolis/Models/Airport/SM_runway_strip_01.fbx using Guid(bfa8bf22432159c4c8ebf174a74c216d) Importer(815301076,1909f56bfc062723c751e8b465ee728b)  -> (artifact id: 'c2e602b26ccbf6f92616cb6519ea9427') in 0.020474 seconds 
========================================================================
Received Import Request.
  Time since last request: 0.000033 seconds.
  path: Assets/Polygon-City Megapolis/Models/Airport/SM_runway_strip_03.fbx
  artifactKey: Guid(bc318b578f8985444a66564e265855ef) Importer(815301076,1909f56bfc062723c751e8b465ee728b)
Start importing Assets/Polygon-City Megapolis/Models/Airport/SM_runway_strip_03.fbx using Guid(bc318b578f8985444a66564e265855ef) Importer(815301076,1909f56bfc062723c751e8b465ee728b)  -> (artifact id: '2c5a1aaf5170aad00d6d37d111dd5753') in 0.019741 seconds 
========================================================================
Received Import Request.
  Time since last request: 0.000028 seconds.
  path: Assets/Polygon-City Megapolis/Models/Airport/SM_Light_02.fbx
  artifactKey: Guid(a48e46afa5fc70240b707f8f42a67ec2) Importer(815301076,1909f56bfc062723c751e8b465ee728b)
Start importing Assets/Polygon-City Megapolis/Models/Airport/SM_Light_02.fbx using Guid(a48e46afa5fc70240b707f8f42a67ec2) Importer(815301076,1909f56bfc062723c751e8b465ee728b)  -> (artifact id: '9c717ebb1eb866868802d76160be7b7c') in 0.029303 seconds 
========================================================================
Received Import Request.
  Time since last request: 0.000058 seconds.
  path: Assets/Polygon-City Megapolis/Models/Airport/SM_Light_03.fbx
  artifactKey: Guid(da360ee17704aca4a8f81fd0eea6f22b) Importer(815301076,1909f56bfc062723c751e8b465ee728b)
Start importing Assets/Polygon-City Megapolis/Models/Airport/SM_Light_03.fbx using Guid(da360ee17704aca4a8f81fd0eea6f22b) Importer(815301076,1909f56bfc062723c751e8b465ee728b)  -> (artifact id: 'f308ab25186971d1f8b2441cc2a2a691') in 0.017962 seconds 
========================================================================
Received Import Request.
  Time since last request: 28.651121 seconds.
  path: Assets/Polygon-City Megapolis/Prefab/Roads/SM_Bridge.prefab
  artifactKey: Guid(3f955c224de34bb4088ff332154772b5) Importer(815301076,1909f56bfc062723c751e8b465ee728b)
Start importing Assets/Polygon-City Megapolis/Prefab/Roads/SM_Bridge.prefab using Guid(3f955c224de34bb4088ff332154772b5) Importer(815301076,1909f56bfc062723c751e8b465ee728b)  -> (artifact id: '2db4bc83387a863653a1eed98c150a46') in 0.046434 seconds 
========================================================================
Received Import Request.
  Time since last request: 0.000033 seconds.
  path: Assets/Polygon-City Megapolis/Prefab/Roads/SM_brige_04.prefab
  artifactKey: Guid(97097808616a15d40aacfa34eb128001) Importer(815301076,1909f56bfc062723c751e8b465ee728b)
Start importing Assets/Polygon-City Megapolis/Prefab/Roads/SM_brige_04.prefab using Guid(97097808616a15d40aacfa34eb128001) Importer(815301076,1909f56bfc062723c751e8b465ee728b)  -> (artifact id: '8928089634732992798cc71af89e6be9') in 0.075412 seconds 
========================================================================
Received Import Request.
  Time since last request: 5.318493 seconds.
  path: Assets/Polygon-City Megapolis/Prefab/Farm/SM_cabbage.prefab
  artifactKey: Guid(941c0220e24f00a4183f9c8be00f206c) Importer(815301076,1909f56bfc062723c751e8b465ee728b)
Start importing Assets/Polygon-City Megapolis/Prefab/Farm/SM_cabbage.prefab using Guid(941c0220e24f00a4183f9c8be00f206c) Importer(815301076,1909f56bfc062723c751e8b465ee728b)  -> (artifact id: '76077202fc640f12836b910430198985') in 0.018927 seconds 
========================================================================
Received Import Request.
  Time since last request: 0.000026 seconds.
  path: Assets/Polygon-City Megapolis/Prefab/Farm/SM_fence_01.prefab
  artifactKey: Guid(413089ed9451d1d42ac917f586c7f2a6) Importer(815301076,1909f56bfc062723c751e8b465ee728b)
Start importing Assets/Polygon-City Megapolis/Prefab/Farm/SM_fence_01.prefab using Guid(413089ed9451d1d42ac917f586c7f2a6) Importer(815301076,1909f56bfc062723c751e8b465ee728b)  -> (artifact id: '09c65bf49cde7983a1810d00693c9b14') in 0.050183 seconds 
========================================================================
Received Import Request.
  Time since last request: 0.000037 seconds.
  path: Assets/Polygon-City Megapolis/Prefab/Farm/SM_fence_07.prefab
  artifactKey: Guid(3b3a2390f286577439502a04b47837b4) Importer(815301076,1909f56bfc062723c751e8b465ee728b)
Start importing Assets/Polygon-City Megapolis/Prefab/Farm/SM_fence_07.prefab using Guid(3b3a2390f286577439502a04b47837b4) Importer(815301076,1909f56bfc062723c751e8b465ee728b)  -> (artifact id: '6b60ab9081d5ab740c521a43e63b7e79') in 0.053283 seconds 
========================================================================
Received Import Request.
  Time since last request: 0.000026 seconds.
  path: Assets/Polygon-City Megapolis/Prefab/Farm/SM_fence_02.prefab
  artifactKey: Guid(67497789350655f47b72543f96ada390) Importer(815301076,1909f56bfc062723c751e8b465ee728b)
Start importing Assets/Polygon-City Megapolis/Prefab/Farm/SM_fence_02.prefab using Guid(67497789350655f47b72543f96ada390) Importer(815301076,1909f56bfc062723c751e8b465ee728b)  -> (artifact id: 'ff1e36198dfd00179fa64dc1befb68af') in 0.057162 seconds 
Editor requested this worker to shutdown with reason: Scaling down because of idle timeout
AssetImportWorker is now disconnected from the server
Process exiting
Exiting without the bug reporter. Application will terminate with return code 0