Using pre-set license
Built from '2022.1/staging' branch; Version is '2022.1.10f1 (9aa0f82c4f96) revision 10133752'; Using compiler version '192829333'; Build Type 'Release'
OS: 'Windows 11  (10.0.22621) 64bit Core' Language: 'en' Physical Memory: 16310 MB
BatchMode: 1, IsHumanControllingUs: 0, StartBugReporterOnCrash: 0, Is64bit: 1, IsPro: 1

COMMAND LINE ARGUMENTS:
C:\Program Files\Unity\Hub\Editor\2022.1.10f1\Editor\Unity.exe
-adb2
-batchMode
-noUpm
-name
AssetImportWorker11
-projectPath
C:/Users/zayfo/Documents/GitHub/PenguinBreakin/Penguin Break Out
-logFile
Logs/AssetImportWorker11.log
-srvPort
49722
Successfully changed project path to: C:/Users/zayfo/Documents/GitHub/PenguinBreakin/Penguin Break Out
C:/Users/zayfo/Documents/GitHub/PenguinBreakin/Penguin Break Out
[UnityMemory] Configuration Parameters - Can be set up in boot.config
    "memorysetup-bucket-allocator-granularity=16"
    "memorysetup-bucket-allocator-bucket-count=8"
    "memorysetup-bucket-allocator-block-size=33554432"
    "memorysetup-bucket-allocator-block-count=8"
    "memorysetup-main-allocator-block-size=16777216"
    "memorysetup-thread-allocator-block-size=16777216"
    "memorysetup-gfx-main-allocator-block-size=16777216"
    "memorysetup-gfx-thread-allocator-block-size=16777216"
    "memorysetup-cache-allocator-block-size=4194304"
    "memorysetup-typetree-allocator-block-size=2097152"
    "memorysetup-profiler-bucket-allocator-granularity=16"
    "memorysetup-profiler-bucket-allocator-bucket-count=8"
    "memorysetup-profiler-bucket-allocator-block-size=33554432"
    "memorysetup-profiler-bucket-allocator-block-count=8"
    "memorysetup-profiler-allocator-block-size=16777216"
    "memorysetup-profiler-editor-allocator-block-size=1048576"
    "memorysetup-temp-allocator-size-main=16777216"
    "memorysetup-job-temp-allocator-block-size=2097152"
    "memorysetup-job-temp-allocator-block-size-background=1048576"
    "memorysetup-job-temp-allocator-reduction-small-platforms=262144"
    "memorysetup-temp-allocator-size-background-worker=32768"
    "memorysetup-temp-allocator-size-job-worker=262144"
    "memorysetup-temp-allocator-size-preload-manager=33554432"
    "memorysetup-temp-allocator-size-nav-mesh-worker=65536"
    "memorysetup-temp-allocator-size-audio-worker=65536"
    "memorysetup-temp-allocator-size-cloud-worker=32768"
    "memorysetup-temp-allocator-size-gi-baking-worker=262144"
    "memorysetup-temp-allocator-size-gfx=262144"
Refreshing native plugins compatible for Editor in 115.94 ms, found 4 plugins.
Preloading 0 native plugins for Editor in 0.00 ms.
Initialize engine version: 2022.1.10f1 (9aa0f82c4f96)
[Subsystems] Discovering subsystems at path C:/Program Files/Unity/Hub/Editor/2022.1.10f1/Editor/Data/Resources/UnitySubsystems
[Subsystems] Discovering subsystems at path C:/Users/zayfo/Documents/GitHub/PenguinBreakin/Penguin Break Out/Assets
GfxDevice: creating device client; threaded=0; jobified=0
Direct3D:
    Version:  Direct3D 11.0 [level 11.1]
    Renderer: NVIDIA GeForce RTX 3060 Ti (ID=0x2489)
    Vendor:   NVIDIA
    VRAM:     8038 MB
    Driver:   31.0.15.2698
Initialize mono
Mono path[0] = 'C:/Program Files/Unity/Hub/Editor/2022.1.10f1/Editor/Data/Managed'
Mono path[1] = 'C:/Program Files/Unity/Hub/Editor/2022.1.10f1/Editor/Data/MonoBleedingEdge/lib/mono/unityjit-win32'
Mono config path = 'C:/Program Files/Unity/Hub/Editor/2022.1.10f1/Editor/Data/MonoBleedingEdge/etc'
Using monoOptions --debugger-agent=transport=dt_socket,embedding=1,server=y,suspend=n,address=127.0.0.1:56992
Begin MonoManager ReloadAssembly
Registering precompiled unity dll's ...
Register platform support module: C:/Program Files/Unity/Hub/Editor/2022.1.10f1/Editor/Data/PlaybackEngines/AndroidPlayer/UnityEditor.Android.Extensions.dll
Register platform support module: C:/Program Files/Unity/Hub/Editor/2022.1.10f1/Editor/Data/PlaybackEngines/WindowsStandaloneSupport/UnityEditor.WindowsStandalone.Extensions.dll
Registered in 0.005090 seconds.
Native extension for WindowsStandalone target not found
Native extension for Android target not found
Refreshing native plugins compatible for Editor in 88.24 ms, found 4 plugins.
Preloading 0 native plugins for Editor in 0.00 ms.
Mono: successfully reloaded assembly
- Completed reload, in  0.584 seconds
Domain Reload Profiling:
	ReloadAssembly (585ms)
		BeginReloadAssembly (63ms)
			ExecutionOrderSort (0ms)
			DisableScriptedObjects (0ms)
			BackupInstance (0ms)
			ReleaseScriptingObjects (0ms)
			CreateAndSetChildDomain (1ms)
		EndReloadAssembly (429ms)
			LoadAssemblies (61ms)
			RebuildTransferFunctionScriptingTraits (0ms)
			SetupTypeCache (99ms)
				TypeCache.Initialize (99ms)
					TypeCache.ScanAssembly (98ms)
				ResolveRequiredComponents (0ms)
			ReleaseScriptCaches (0ms)
			RebuildScriptCaches (23ms)
			SetupLoadedEditorAssemblies (262ms)
				LogAssemblyErrors (0ms)
				InitializePlatformSupportModulesInManaged (46ms)
				SetLoadedEditorAssemblies (7ms)
				RefreshPlugins (88ms)
				BeforeProcessingInitializeOnLoad (1ms)
				ProcessInitializeOnLoadAttributes (83ms)
				ProcessInitializeOnLoadMethodAttributes (36ms)
				AfterProcessingInitializeOnLoad (0ms)
				EditorAssembliesLoaded (0ms)
			ExecutionOrderSort2 (0ms)
			AwakeInstancesAfterBackupRestoration (0ms)
Platform modules already initialized, skipping
Registering precompiled user dll's ...
Registered in 0.009169 seconds.
Begin MonoManager ReloadAssembly
Native extension for WindowsStandalone target not found
Native extension for Android target not found
Refreshing native plugins compatible for Editor in 92.17 ms, found 4 plugins.
Preloading 0 native plugins for Editor in 0.00 ms.
Mono: successfully reloaded assembly
- Completed reload, in  1.329 seconds
Domain Reload Profiling:
	ReloadAssembly (1330ms)
		BeginReloadAssembly (211ms)
			ExecutionOrderSort (0ms)
			DisableScriptedObjects (4ms)
			BackupInstance (0ms)
			ReleaseScriptingObjects (0ms)
			CreateAndSetChildDomain (129ms)
		EndReloadAssembly (1013ms)
			LoadAssemblies (76ms)
			RebuildTransferFunctionScriptingTraits (0ms)
			SetupTypeCache (240ms)
				TypeCache.Initialize (230ms)
					TypeCache.ScanAssembly (227ms)
				ResolveRequiredComponents (10ms)
			ReleaseScriptCaches (1ms)
			RebuildScriptCaches (72ms)
			SetupLoadedEditorAssemblies (579ms)
				LogAssemblyErrors (0ms)
				InitializePlatformSupportModulesInManaged (10ms)
				SetLoadedEditorAssemblies (4ms)
				RefreshPlugins (92ms)
				BeforeProcessingInitializeOnLoad (88ms)
				ProcessInitializeOnLoadAttributes (306ms)
				ProcessInitializeOnLoadMethodAttributes (72ms)
				AfterProcessingInitializeOnLoad (6ms)
				EditorAssembliesLoaded (0ms)
			ExecutionOrderSort2 (0ms)
			AwakeInstancesAfterBackupRestoration (6ms)
Platform modules already initialized, skipping
========================================================================
Worker process is ready to serve import requests
Launched and connected shader compiler UnityShaderCompiler.exe after 0.04 seconds
Refreshing native plugins compatible for Editor in 1.24 ms, found 4 plugins.
Preloading 0 native plugins for Editor in 0.00 ms.
Unloading 4863 Unused Serialized files (Serialized files now loaded: 0)
Unloading 76 unused Assets / (0.62 GB). Loaded Objects now: 5368.
Memory consumption went from 0.80 GB to 182.0 MB.
Total: 7.816900 ms (FindLiveObjects: 0.366700 ms CreateObjectMapping: 0.138600 ms MarkObjects: 6.892600 ms  DeleteObjects: 0.418100 ms)

AssetImportParameters requested are different than current active one (requested -> active):
  custom:video-decoder-ogg-theora: a1e56fd34408186e4bbccfd4996cb3dc -> 
  custom:container-muxer-webm: aa71ff27fc2769a1b78a27578f13a17b -> 
  custom:container-demuxer-webm: 4f35f7cbe854078d1ac9338744f61a02 -> 
  custom:video-encoder-webm-vp8: eb34c28f22e8b96e1ab97ce403110664 -> 
  custom:audio-encoder-webm-vorbis: bf7c407c2cedff20999df2af8eb42d56 -> 
  custom:framework-win-MediaFoundation: 216162199b28c13a410421893ffa2e32 -> 
  custom:container-demuxer-ogg: 62fdf1f143b41e24485cea50d1cbac27 -> 
  custom:video-decoder-webm-vp8: 9c59270c3fd7afecdb556c50c9e8de78 -> 
  custom:audio-decoder-ogg-vorbis: bf7c407c2cedff20999df2af8eb42d56 -> 
========================================================================
Received Import Request.
  Time since last request: 713359.959672 seconds.
  path: Assets/Polygon-City Megapolis/Models/Buildings
  artifactKey: Guid(a5427a6b767c72744be10ad0c17cbbe5) Importer(815301076,1909f56bfc062723c751e8b465ee728b)
Start importing Assets/Polygon-City Megapolis/Models/Buildings using Guid(a5427a6b767c72744be10ad0c17cbbe5) Importer(815301076,1909f56bfc062723c751e8b465ee728b)  -> (artifact id: '51f5135cb36eb3e098b9805ec797d8f7') in 0.010086 seconds 
========================================================================
Received Import Request.
  Time since last request: 0.068400 seconds.
  path: Assets/Polygon-City Megapolis/Models/Buildings/SM_cottage_01.fbx
  artifactKey: Guid(207b1b6ce0ec565499dd40bf7ac82027) Importer(815301076,1909f56bfc062723c751e8b465ee728b)
Start importing Assets/Polygon-City Megapolis/Models/Buildings/SM_cottage_01.fbx using Guid(207b1b6ce0ec565499dd40bf7ac82027) Importer(815301076,1909f56bfc062723c751e8b465ee728b)  -> (artifact id: '183d24c86b743ef6ebc61360473fdd4c') in 0.280759 seconds 
========================================================================
Received Import Request.
  Time since last request: 0.000034 seconds.
  path: Assets/Polygon-City Megapolis/Models/Buildings/SM_House_02.fbx
  artifactKey: Guid(b0eb75c44d9b12745be0de8b4b297c3c) Importer(815301076,1909f56bfc062723c751e8b465ee728b)
Start importing Assets/Polygon-City Megapolis/Models/Buildings/SM_House_02.fbx using Guid(b0eb75c44d9b12745be0de8b4b297c3c) Importer(815301076,1909f56bfc062723c751e8b465ee728b)  -> (artifact id: '355625b45d794be46322e715aca7a23b') in 0.029902 seconds 
========================================================================
Received Import Request.
  Time since last request: 0.000045 seconds.
  path: Assets/Polygon-City Megapolis/Models/Buildings/SM_infrastructure_buildings_010.fbx
  artifactKey: Guid(848fa09e7a416f54c8fe8769217c58e3) Importer(815301076,1909f56bfc062723c751e8b465ee728b)
Start importing Assets/Polygon-City Megapolis/Models/Buildings/SM_infrastructure_buildings_010.fbx using Guid(848fa09e7a416f54c8fe8769217c58e3) Importer(815301076,1909f56bfc062723c751e8b465ee728b)  -> (artifact id: 'd96bd5e2bb607dba0cc3e537b2bf2fc3') in 0.025694 seconds 
========================================================================
Received Import Request.
  Time since last request: 0.000026 seconds.
  path: Assets/Polygon-City Megapolis/Models/Buildings/SM_infrastructure_buildings_04.fbx
  artifactKey: Guid(22231bd7f7466684488c4c705325139d) Importer(815301076,1909f56bfc062723c751e8b465ee728b)
Start importing Assets/Polygon-City Megapolis/Models/Buildings/SM_infrastructure_buildings_04.fbx using Guid(22231bd7f7466684488c4c705325139d) Importer(815301076,1909f56bfc062723c751e8b465ee728b)  -> (artifact id: '89a4c109bf900c7e21fe6014ce52aab2') in 0.024412 seconds 
========================================================================
Received Import Request.
  Time since last request: 0.000030 seconds.
  path: Assets/Polygon-City Megapolis/Models/Buildings/SM_skyscraper_03.fbx
  artifactKey: Guid(905ab8fcea974c3498b5047700573781) Importer(815301076,1909f56bfc062723c751e8b465ee728b)
Start importing Assets/Polygon-City Megapolis/Models/Buildings/SM_skyscraper_03.fbx using Guid(905ab8fcea974c3498b5047700573781) Importer(815301076,1909f56bfc062723c751e8b465ee728b)  -> (artifact id: '0c5581cad567e2e62eef6249d94e6eb2') in 0.021608 seconds 
========================================================================
Received Import Request.
  Time since last request: 0.000031 seconds.
  path: Assets/Polygon-City Megapolis/Models/Buildings/SM_infrastructure_buildings_09.fbx
  artifactKey: Guid(bccc9178f58664547b2c103c492702e5) Importer(815301076,1909f56bfc062723c751e8b465ee728b)
Start importing Assets/Polygon-City Megapolis/Models/Buildings/SM_infrastructure_buildings_09.fbx using Guid(bccc9178f58664547b2c103c492702e5) Importer(815301076,1909f56bfc062723c751e8b465ee728b)  -> (artifact id: 'fbaded815cb556770bd6c624c8442350') in 0.023691 seconds 
========================================================================
Received Import Request.
  Time since last request: 0.000030 seconds.
  path: Assets/Polygon-City Megapolis/Models/Buildings/SM_infrastructure_buildings_01.fbx
  artifactKey: Guid(8c31146ccad778f4b83dabdb7908ccaa) Importer(815301076,1909f56bfc062723c751e8b465ee728b)
Start importing Assets/Polygon-City Megapolis/Models/Buildings/SM_infrastructure_buildings_01.fbx using Guid(8c31146ccad778f4b83dabdb7908ccaa) Importer(815301076,1909f56bfc062723c751e8b465ee728b)  -> (artifact id: 'b8785a06ee823221b4dbcb4fdcc4d1f0') in 0.021970 seconds 
========================================================================
Received Import Request.
  Time since last request: 0.000025 seconds.
  path: Assets/Polygon-City Megapolis/Models/Buildings/SM_skyscraper_04.fbx
  artifactKey: Guid(e5b871f7f30adb44692c739253750991) Importer(815301076,1909f56bfc062723c751e8b465ee728b)
Start importing Assets/Polygon-City Megapolis/Models/Buildings/SM_skyscraper_04.fbx using Guid(e5b871f7f30adb44692c739253750991) Importer(815301076,1909f56bfc062723c751e8b465ee728b)  -> (artifact id: '2499227ec23e1f60c93ffad6027abcc7') in 0.023964 seconds 
========================================================================
Received Import Request.
  Time since last request: 0.000025 seconds.
  path: Assets/Polygon-City Megapolis/Models/Buildings/SM_cottage_05.fbx
  artifactKey: Guid(af97d2d4099d0da4dacbd069ff101d3d) Importer(815301076,1909f56bfc062723c751e8b465ee728b)
Start importing Assets/Polygon-City Megapolis/Models/Buildings/SM_cottage_05.fbx using Guid(af97d2d4099d0da4dacbd069ff101d3d) Importer(815301076,1909f56bfc062723c751e8b465ee728b)  -> (artifact id: '8e222af09671cdcb1bef8c2675ad3262') in 0.021045 seconds 
========================================================================
Received Import Request.
  Time since last request: 0.000028 seconds.
  path: Assets/Polygon-City Megapolis/Models/Buildings/SM_ordinary_houses_03.fbx
  artifactKey: Guid(4a2b3af53a960ea448b0309b8d717ed5) Importer(815301076,1909f56bfc062723c751e8b465ee728b)
Start importing Assets/Polygon-City Megapolis/Models/Buildings/SM_ordinary_houses_03.fbx using Guid(4a2b3af53a960ea448b0309b8d717ed5) Importer(815301076,1909f56bfc062723c751e8b465ee728b)  -> (artifact id: 'a494c0251b88470617fc8dd5add6d8a2') in 0.022500 seconds 
========================================================================
Received Import Request.
  Time since last request: 0.000044 seconds.
  path: Assets/Polygon-City Megapolis/Models/Buildings/SM_House_01.fbx
  artifactKey: Guid(62fb7b7cac18eee42840badf2ce2e2a1) Importer(815301076,1909f56bfc062723c751e8b465ee728b)
Start importing Assets/Polygon-City Megapolis/Models/Buildings/SM_House_01.fbx using Guid(62fb7b7cac18eee42840badf2ce2e2a1) Importer(815301076,1909f56bfc062723c751e8b465ee728b)  -> (artifact id: '397d91490efb22ad2c34cc0b928a5641') in 0.021596 seconds 
========================================================================
Received Import Request.
  Time since last request: 0.000026 seconds.
  path: Assets/Polygon-City Megapolis/Models/Buildings/SM_ordinary_houses_04.fbx
  artifactKey: Guid(85ce8dd24917b824abc60d2f40bd95f0) Importer(815301076,1909f56bfc062723c751e8b465ee728b)
Start importing Assets/Polygon-City Megapolis/Models/Buildings/SM_ordinary_houses_04.fbx using Guid(85ce8dd24917b824abc60d2f40bd95f0) Importer(815301076,1909f56bfc062723c751e8b465ee728b)  -> (artifact id: 'ee9c9e671f1dc76b56c9c671c50766d5') in 0.018579 seconds 
========================================================================
Received Import Request.
  Time since last request: 9.809555 seconds.
  path: Assets/Polygon-City Megapolis/Prefab/Buildings/SM_cottage_01.prefab
  artifactKey: Guid(90b158eba693a484e8f5dd2ca8ad0984) Importer(815301076,1909f56bfc062723c751e8b465ee728b)
Start importing Assets/Polygon-City Megapolis/Prefab/Buildings/SM_cottage_01.prefab using Guid(90b158eba693a484e8f5dd2ca8ad0984) Importer(815301076,1909f56bfc062723c751e8b465ee728b)  -> (artifact id: '99de0361ac2ab3392771739a4dbec6ae') in 0.017028 seconds 
========================================================================
Received Import Request.
  Time since last request: 0.000024 seconds.
  path: Assets/Polygon-City Megapolis/Prefab/Buildings/SM_House_05.prefab
  artifactKey: Guid(c7eb5f7fd68ac3842b9669ffee4513ee) Importer(815301076,1909f56bfc062723c751e8b465ee728b)
Start importing Assets/Polygon-City Megapolis/Prefab/Buildings/SM_House_05.prefab using Guid(c7eb5f7fd68ac3842b9669ffee4513ee) Importer(815301076,1909f56bfc062723c751e8b465ee728b)  -> (artifact id: '132a45d4b3ce52b92588dde26910f152') in 0.016248 seconds 
========================================================================
Received Import Request.
  Time since last request: 0.000019 seconds.
  path: Assets/Polygon-City Megapolis/Prefab/Buildings/SM_infrastructure_buildings_07.prefab
  artifactKey: Guid(6c157121597dc7c49bb36ffd0479fd7b) Importer(815301076,1909f56bfc062723c751e8b465ee728b)
Start importing Assets/Polygon-City Megapolis/Prefab/Buildings/SM_infrastructure_buildings_07.prefab using Guid(6c157121597dc7c49bb36ffd0479fd7b) Importer(815301076,1909f56bfc062723c751e8b465ee728b)  -> (artifact id: '34a2f8c2197572640c76fd5d74b26bb9') in 0.016378 seconds 
========================================================================
Received Import Request.
  Time since last request: 0.000021 seconds.
  path: Assets/Polygon-City Megapolis/Prefab/Buildings/SM_infrastructure_buildings_011.prefab
  artifactKey: Guid(b8f433399e37bf642b96faa0b7e0db70) Importer(815301076,1909f56bfc062723c751e8b465ee728b)
Start importing Assets/Polygon-City Megapolis/Prefab/Buildings/SM_infrastructure_buildings_011.prefab using Guid(b8f433399e37bf642b96faa0b7e0db70) Importer(815301076,1909f56bfc062723c751e8b465ee728b)  -> (artifact id: '5e0da0173c145a7558c4137cc622b5cb') in 0.014612 seconds 
========================================================================
Received Import Request.
  Time since last request: 0.000035 seconds.
  path: Assets/Polygon-City Megapolis/Prefab/Buildings/SM_infrastructure_buildings_017.prefab
  artifactKey: Guid(0d185b5e5500b444ab6d096a32a02234) Importer(815301076,1909f56bfc062723c751e8b465ee728b)
Start importing Assets/Polygon-City Megapolis/Prefab/Buildings/SM_infrastructure_buildings_017.prefab using Guid(0d185b5e5500b444ab6d096a32a02234) Importer(815301076,1909f56bfc062723c751e8b465ee728b)  -> (artifact id: 'eee5216d4a8c3f9d8fa18b6e739b0b73') in 0.015689 seconds 
========================================================================
Received Import Request.
  Time since last request: 0.000038 seconds.
  path: Assets/Polygon-City Megapolis/Prefab/Buildings/SM_infrastructure_buildings_018.prefab
  artifactKey: Guid(1ee06319e707c294aa39c2000db14d5f) Importer(815301076,1909f56bfc062723c751e8b465ee728b)
Start importing Assets/Polygon-City Megapolis/Prefab/Buildings/SM_infrastructure_buildings_018.prefab using Guid(1ee06319e707c294aa39c2000db14d5f) Importer(815301076,1909f56bfc062723c751e8b465ee728b)  -> (artifact id: 'e68b454a03e00c4cf18336552a9fe658') in 0.014123 seconds 
========================================================================
Received Import Request.
  Time since last request: 0.000026 seconds.
  path: Assets/Polygon-City Megapolis/Prefab/Buildings/SM_ordinary_houses_02.prefab
  artifactKey: Guid(8fd40e5baaa6f2d4daf2c72db86007fd) Importer(815301076,1909f56bfc062723c751e8b465ee728b)
Start importing Assets/Polygon-City Megapolis/Prefab/Buildings/SM_ordinary_houses_02.prefab using Guid(8fd40e5baaa6f2d4daf2c72db86007fd) Importer(815301076,1909f56bfc062723c751e8b465ee728b)  -> (artifact id: '3b0abfd715a20d85c5a4031f34b83389') in 0.013515 seconds 
========================================================================
Received Import Request.
  Time since last request: 0.000019 seconds.
  path: Assets/Polygon-City Megapolis/Prefab/Buildings/SM_House_04.prefab
  artifactKey: Guid(95c9f1d56845c0641bab1a99258d3baa) Importer(815301076,1909f56bfc062723c751e8b465ee728b)
Start importing Assets/Polygon-City Megapolis/Prefab/Buildings/SM_House_04.prefab using Guid(95c9f1d56845c0641bab1a99258d3baa) Importer(815301076,1909f56bfc062723c751e8b465ee728b)  -> (artifact id: '32c75ebb7e007eca9f2be59ffb80db0c') in 0.014525 seconds 
========================================================================
Received Import Request.
  Time since last request: 0.000023 seconds.
  path: Assets/Polygon-City Megapolis/Prefab/Buildings/SM_infrastructure_buildings_015.prefab
  artifactKey: Guid(fef0c168f9cb42c49b905260aa12bfc1) Importer(815301076,1909f56bfc062723c751e8b465ee728b)
Start importing Assets/Polygon-City Megapolis/Prefab/Buildings/SM_infrastructure_buildings_015.prefab using Guid(fef0c168f9cb42c49b905260aa12bfc1) Importer(815301076,1909f56bfc062723c751e8b465ee728b)  -> (artifact id: 'c688c55264e3dc4236c3345e7f1ff8bd') in 0.018624 seconds 
========================================================================
Received Import Request.
  Time since last request: 0.000023 seconds.
  path: Assets/Polygon-City Megapolis/Prefab/Buildings/SM_skyscraper_04.prefab
  artifactKey: Guid(7c9cf958b4e2033499602fed3c55de07) Importer(815301076,1909f56bfc062723c751e8b465ee728b)
Start importing Assets/Polygon-City Megapolis/Prefab/Buildings/SM_skyscraper_04.prefab using Guid(7c9cf958b4e2033499602fed3c55de07) Importer(815301076,1909f56bfc062723c751e8b465ee728b)  -> (artifact id: '60fb462e9fc381e47676032fc701d40c') in 0.015881 seconds 
========================================================================
Received Import Request.
  Time since last request: 0.000021 seconds.
  path: Assets/Polygon-City Megapolis/Prefab/Buildings/SM_cottage_04.prefab
  artifactKey: Guid(895966df1e5828d4a8f54a788212fb66) Importer(815301076,1909f56bfc062723c751e8b465ee728b)
Start importing Assets/Polygon-City Megapolis/Prefab/Buildings/SM_cottage_04.prefab using Guid(895966df1e5828d4a8f54a788212fb66) Importer(815301076,1909f56bfc062723c751e8b465ee728b)  -> (artifact id: 'ed49bcf75c3d2af77edd07df8adb5587') in 0.012858 seconds 
========================================================================
Received Import Request.
  Time since last request: 0.000028 seconds.
  path: Assets/Polygon-City Megapolis/Prefab/Buildings/SM_skyscraper_06.prefab
  artifactKey: Guid(3cbbd50e1fa321545a3b0ba22c43e2f2) Importer(815301076,1909f56bfc062723c751e8b465ee728b)
Start importing Assets/Polygon-City Megapolis/Prefab/Buildings/SM_skyscraper_06.prefab using Guid(3cbbd50e1fa321545a3b0ba22c43e2f2) Importer(815301076,1909f56bfc062723c751e8b465ee728b)  -> (artifact id: '6e6a543182dbf42e8319a4f63f0f44a0') in 0.014937 seconds 
========================================================================
Received Import Request.
  Time since last request: 0.000030 seconds.
  path: Assets/Polygon-City Megapolis/Prefab/Buildings/SM_infrastructure_buildings_016.prefab
  artifactKey: Guid(2991f9f541d660c4ea7fbe06e5d504f5) Importer(815301076,1909f56bfc062723c751e8b465ee728b)
Start importing Assets/Polygon-City Megapolis/Prefab/Buildings/SM_infrastructure_buildings_016.prefab using Guid(2991f9f541d660c4ea7fbe06e5d504f5) Importer(815301076,1909f56bfc062723c751e8b465ee728b)  -> (artifact id: '164bad90fb4d5664823203c385cc5571') in 0.013870 seconds 
========================================================================
Received Import Request.
  Time since last request: 0.000022 seconds.
  path: Assets/Polygon-City Megapolis/Prefab/Buildings/SM_House_01.prefab
  artifactKey: Guid(b2f81d16f96cb5848a3b96a53f10c1ef) Importer(815301076,1909f56bfc062723c751e8b465ee728b)
Start importing Assets/Polygon-City Megapolis/Prefab/Buildings/SM_House_01.prefab using Guid(b2f81d16f96cb5848a3b96a53f10c1ef) Importer(815301076,1909f56bfc062723c751e8b465ee728b)  -> (artifact id: 'db24030c4e62061c4e90202608a9adfe') in 0.014981 seconds 
========================================================================
Received Import Request.
  Time since last request: 0.000023 seconds.
  path: Assets/Polygon-City Megapolis/Prefab/Buildings/SM_infrastructure_buildings_013.prefab
  artifactKey: Guid(0de44db2430f2d54086f1f0b3201c1c0) Importer(815301076,1909f56bfc062723c751e8b465ee728b)
Start importing Assets/Polygon-City Megapolis/Prefab/Buildings/SM_infrastructure_buildings_013.prefab using Guid(0de44db2430f2d54086f1f0b3201c1c0) Importer(815301076,1909f56bfc062723c751e8b465ee728b)  -> (artifact id: 'c9966dbcbbe72d07ff01410f85b53999') in 0.014210 seconds 
========================================================================
Received Import Request.
  Time since last request: 0.000023 seconds.
  path: Assets/Polygon-City Megapolis/Prefab/Buildings/SM_House_06.prefab
  artifactKey: Guid(31feebe143053db4a84b5cfa06b09700) Importer(815301076,1909f56bfc062723c751e8b465ee728b)
Start importing Assets/Polygon-City Megapolis/Prefab/Buildings/SM_House_06.prefab using Guid(31feebe143053db4a84b5cfa06b09700) Importer(815301076,1909f56bfc062723c751e8b465ee728b)  -> (artifact id: 'b4e0b9b4c6306c14c748772810c9dab8') in 0.017396 seconds 
Editor requested this worker to shutdown with reason: Scaling down because of idle timeout
AssetImportWorker is now disconnected from the server
Process exiting
Exiting without the bug reporter. Application will terminate with return code 0